memory profiling: GC profiling: line profiling: sample.interval=10000
#File 1: <expr>
:7025520:19102560:215744424:5874:"$<-" "make.callContext" "cmpCall" "cmp" "cmpSymbolAssign" "h" "tryInline" "cmpCall" "cmp" "h" "tryInline" "cmpCall" "cmp" "h" "tryInline" "cmpCall" "cmp" "h" "tryInline" "cmpCall" "cmp" "h" "tryInline" "cmpCall" "cmp" "h" "tryInline" "cmpCall" "cmp" "cmpForBody" "h" "tryInline" "cmpCall" "cmp" "h" "tryInline" "cmpCall" "cmp" "genCode" "cmpfun" "compiler:::tryCmpfun" 1#2 "profvis" 
#File 2: R/likelihood_integrate.R
:7082028:19140530:229394928:5053:"grep" "is.ddsym" "cmpSym" "cmpBuiltinArgs" "h" "tryInline" "cmpCall" "cmp" "genCode" "cmpCallArgs" "cmpCallSymFun" "cmpCall" "cmp" "cmpSymbolAssign" "h" "tryInline" "cmpCall" "cmp" "h" "tryInline" "cmpCall" "cmp" "genCode" "cmpfun" "compiler:::tryCmpfun" 2#792 "profvis" 
#File 3: R/generator_new.R
:7156996:19171066:246282008:5567:"$<-" "make.argContext" "cmpPrim2" "h" "tryInline" "cmpCall" "cmp" "cmpSymbolAssign" "h" "tryInline" "cmpCall" "cmp" "h" "tryInline" "cmpCall" "cmp" "h" "tryInline" "cmpCall" "cmp" "h" "tryInline" "cmpCall" "cmp" "genCode" "cmpfun" "compiler:::tryCmpfun" 3#190 "profvis" 
#File 4: R/likelihood_prep.R
:7238526:19198505:262662848:5874:"cb$putcode" "cmpSubsetDispatch" "h" "tryInline" "cmpCall" "cmp" "genCode" "cmpCallArgs" "cmpCallSymFun" "cmpCall" "cmp" "cmpComplexAssign" "h" "tryInline" "cmpCall" "cmp" "h" "tryInline" "cmpCall" "cmp" "h" "tryInline" "cmpCall" "cmp" "h" "tryInline" "cmpCall" "cmp" "h" "tryInline" "cmpCall" "cmp" "genCode" "h" "tryInline" "cmpCall" "cmp" "cmpSymbolAssign" "h" "tryInline" "cmpCall" "cmp" "h" "tryInline" "cmpCall" "cmp" "genCode" "cmpfun" "compiler:::tryCmpfun" 4#14 "profvis" 
#File 5: R/likelihood_kernels.R
:7311895:19231133:277816168:5199:"getExprSrcref" "cb$setcurexpr" "cmpCall" "cmp" "h" "tryInline" "cmpCall" "cmp" "h" "tryInline" "cmpCall" "cmp" "h" "tryInline" "cmpCall" "cmp" "h" "tryInline" "cmpCall" "cmp" "genCode" "cmpfun" "compiler:::tryCmpfun" 5#13 "profvis" 
:7403564:19269555:294868784:5797:"cb$putcode" "cmpBuiltinArgs" "h" "tryInline" "cmpCall" "cmp" "h" "tryInline" "cmpCall" "cmp" "cmpComplexAssign" "h" "tryInline" "cmpCall" "cmp" "h" "tryInline" "cmpCall" "cmp" "h" "tryInline" "cmpCall" "cmp" "h" "tryInline" "cmpCall" "cmp" "genCode" "cmpfun" "compiler:::tryCmpfun" 5#50 "profvis" 
:7455793:19300801:308379400:4608:"getInlineInfo" "tryInline" "cmpCall" "cmp" "genCode" "cmpCallArgs" "cmpCallSymFun" "cmpCall" "cmp" "h" "tryInline" "cmpCall" "cmp" "cmpComplexAssign" "h" "tryInline" "cmpCall" "cmp" "h" "tryInline" "cmpCall" "cmp" "h" "tryInline" "cmpCall" "cmp" "h" "tryInline" "cmpCall" "cmp" "h" "tryInline" "cmpCall" "cmp" "h" "tryInline" "cmpCall" "cmp" "genCode" "cmpfun" "compiler:::tryCmpfun" 5#50 "profvis" 
:7504048:19333273:319936344:4174:"findCenvVar" "getInlineInfo" "trySetterInline" "cmpSetterCall" "cmpComplexAssign" "h" "tryInline" "cmpCall" "cmp" "h" "tryInline" "cmpCall" "cmp" "h" "tryInline" "cmpCall" "cmp" "h" "tryInline" "cmpCall" "cmp" "genCode" "cmpfun" "compiler:::tryCmpfun" 5#50 "profvis" 
:7555228:19365613:331707488:4114:"<GC>" "putconst" "cb$putcode" "cmpSubsetDispatch" "h" "tryInline" "cmpCall" "cmp" "genCode" "cmpCallArgs" "cmpCallSymFun" "cmpCall" "cmp" "cmpSymbolAssign" "h" "tryInline" "cmpCall" "cmp" "h" "tryInline" "cmpCall" "cmp" "h" "tryInline" "cmpCall" "cmp" "h" "tryInline" "cmpCall" "cmp" "h" "tryInline" "cmpCall" "cmp" "h" "tryInline" "cmpCall" "cmp" "genCode" "h" "tryInline" "cmpCall" "cmp" "cmpSymbolAssign" "h" "tryInline" "cmpCall" "cmp" "h" "tryInline" "cmpCall" "cmp" "genCode" "cmpfun" "compiler:::tryCmpfun" 5#119 "profvis" 
:7555228:19365613:331707488:0:"<GC>" "putconst" "cb$putcode" "cmpSubsetDispatch" "h" "tryInline" "cmpCall" "cmp" "genCode" "cmpCallArgs" "cmpCallSymFun" "cmpCall" "cmp" "cmpSymbolAssign" "h" "tryInline" "cmpCall" "cmp" "h" "tryInline" "cmpCall" "cmp" "h" "tryInline" "cmpCall" "cmp" "h" "tryInline" "cmpCall" "cmp" "h" "tryInline" "cmpCall" "cmp" "h" "tryInline" "cmpCall" "cmp" "genCode" "h" "tryInline" "cmpCall" "cmp" "cmpSymbolAssign" "h" "tryInline" "cmpCall" "cmp" "h" "tryInline" "cmpCall" "cmp" "genCode" "cmpfun" "compiler:::tryCmpfun" 5#119 "profvis" 
:7555228:19365613:331707488:0:"<GC>" "putconst" "cb$putcode" "cmpSubsetDispatch" "h" "tryInline" "cmpCall" "cmp" "genCode" "cmpCallArgs" "cmpCallSymFun" "cmpCall" "cmp" "cmpSymbolAssign" "h" "tryInline" "cmpCall" "cmp" "h" "tryInline" "cmpCall" "cmp" "h" "tryInline" "cmpCall" "cmp" "h" "tryInline" "cmpCall" "cmp" "h" "tryInline" "cmpCall" "cmp" "h" "tryInline" "cmpCall" "cmp" "genCode" "h" "tryInline" "cmpCall" "cmp" "cmpSymbolAssign" "h" "tryInline" "cmpCall" "cmp" "h" "tryInline" "cmpCall" "cmp" "genCode" "cmpfun" "compiler:::tryCmpfun" 5#119 "profvis" 
:7555228:19365613:331707488:0:"<GC>" "putconst" "cb$putcode" "cmpSubsetDispatch" "h" "tryInline" "cmpCall" "cmp" "genCode" "cmpCallArgs" "cmpCallSymFun" "cmpCall" "cmp" "cmpSymbolAssign" "h" "tryInline" "cmpCall" "cmp" "h" "tryInline" "cmpCall" "cmp" "h" "tryInline" "cmpCall" "cmp" "h" "tryInline" "cmpCall" "cmp" "h" "tryInline" "cmpCall" "cmp" "h" "tryInline" "cmpCall" "cmp" "genCode" "h" "tryInline" "cmpCall" "cmp" "cmpSymbolAssign" "h" "tryInline" "cmpCall" "cmp" "h" "tryInline" "cmpCall" "cmp" "genCode" "cmpfun" "compiler:::tryCmpfun" 5#119 "profvis" 
:7555228:19365613:331707488:0:"<GC>" "putconst" "cb$putcode" "cmpSubsetDispatch" "h" "tryInline" "cmpCall" "cmp" "genCode" "cmpCallArgs" "cmpCallSymFun" "cmpCall" "cmp" "cmpSymbolAssign" "h" "tryInline" "cmpCall" "cmp" "h" "tryInline" "cmpCall" "cmp" "h" "tryInline" "cmpCall" "cmp" "h" "tryInline" "cmpCall" "cmp" "h" "tryInline" "cmpCall" "cmp" "h" "tryInline" "cmpCall" "cmp" "genCode" "h" "tryInline" "cmpCall" "cmp" "cmpSymbolAssign" "h" "tryInline" "cmpCall" "cmp" "h" "tryInline" "cmpCall" "cmp" "genCode" "cmpfun" "compiler:::tryCmpfun" 5#119 "profvis" 
:6966673:19081091:200795168:349:"lapply" "FUN" "lapply" "findLocalsList1" "findLocalsList" "funEnv" "make.functionContext" "h" "tryInline" "cmpCall" "cmp" "genCode" "cmpCallArgs" "cmpCallSymFun" "cmpCall" "cmp" "genCode" "cmpCallArgs" "cmpCallSymFun" "cmpCall" "cmp" "genCode" "cmpCallArgs" "cmpCallSymFun" "cmpCall" "cmp" "h" "tryInline" "cmpCall" "cmp" "h" "tryInline" "cmpCall" "cmp" "h" "tryInline" "cmpCall" "cmp" "h" "tryInline" "cmpCall" "cmp" "h" "tryInline" "cmpCall" "cmp" "genCode" "h" "tryInline" "cmpCall" "cmp" "cmpSymbolAssign" "h" "tryInline" "cmpCall" "cmp" "h" "tryInline" "cmpCall" "cmp" "genCode" "cmpfun" "compiler:::tryCmpfun" 5#119 "profvis" 
#File 6: R/likelihood_common.R
:7039144:19116572:216972840:5571:"cmpCallSymFun" "cmpCall" "cmp" "h" "tryInline" "cmpCall" "cmp" "genCode" "compiler::cmpfun" 6#76 ".compile_once" 5#130 ".build_compiled_node" 5#50 "FUN" "lapply" 5#24 "compile_expr" 5#61 ".precompile_likelihood_expressions" 4#14 ".prepare_model_for_likelihood" 2#792 "compute_loglik" 1#2 "__profvis_execute__" "profvis" 
:7116856:19147890:233901584:6103:"structure" "make.toplevelContext" "make.functionContext" "cmpfun" "compiler:::tryCmpfun" 6#98 "profvis" 
:7193885:19180207:251154568:6140:"cmpConst" "cmp" "cmpPrim2" "h" "tryInline" "cmpCall" "cmp" "cmpIndices" "cmpSubassignDispatch" "h" "trySetterInline" "cmpSetterCall" "cmpComplexAssign" "h" "tryInline" "cmpCall" "cmp" "h" "tryInline" "cmpCall" "cmp" "genCode" "h" "tryInline" "cmpCall" "cmp" "h" "tryInline" "cmpCall" "cmp" "h" "tryInline" "cmpCall" "cmp" "h" "tryInline" "cmpCall" "cmp" "h" "tryInline" "cmpCall" "cmp" "genCode" "cmpfun" "compiler:::tryCmpfun" 5#137 "profvis" 
:7267332:19209970:268354800:6069:"cb$putcode" "cmpSym" "cmp" "genCode" "cmpCallArgs" "cmpCallSymFun" "cmpCall" "cmp" "h" "tryInline" "cmpCall" "cmp" "genCode" "h" "tryInline" "cmpCall" "cmp" "h" "tryInline" "cmpCall" "cmp" "h" "tryInline" "cmpCall" "cmp" "h" "tryInline" "cmpCall" "cmp" "h" "tryInline" "cmpCall" "cmp" "genCode" "cmpfun" "compiler:::tryCmpfun" 5#139 "profvis" 
:7337366:19238473:285326272:5879:"cb$putconst" "make.codeBuf" "genCode" "cmpCallArgs" "cmpCallSymFun" "cmpCall" "cmp" "h" "tryInline" "cmpCall" "cmp" "genCode" "compiler::cmpfun" 6#76 ".compile_once" 5#130 ".build_compiled_node" 5#50 "FUN" "lapply" 5#24 "compile_expr" 5#61 ".precompile_likelihood_expressions" 4#14 ".prepare_model_for_likelihood" 2#792 "compute_loglik" 1#2 "__profvis_execute__" "profvis" 
:7412326:19265107:301549192:5772:"cb$putconst" "cmpCallArgs" "cmpCallSymFun" "cmpCall" "cmp" "cmpSymbolAssign" "h" "tryInline" "cmpCall" "cmp" "h" "tryInline" "cmpCall" "cmp" "cmpForBody" "h" "tryInline" "cmpCall" "cmp" "h" "tryInline" "cmpCall" "cmp" "h" "tryInline" "cmpCall" "cmp" "h" "tryInline" "cmpCall" "cmp" "genCode" "compiler::cmpfun" 6#76 ".compile_once" 5#133 ".build_compiled_node" 5#50 "FUN" "lapply" 5#24 "compile_expr" 5#61 ".precompile_likelihood_expressions" 4#14 ".prepare_model_for_likelihood" 2#792 "compute_loglik" 1#2 "__profvis_execute__" "profvis" 
:7474159:19292619:316303680:5053:"make.nonTailCallContext" "cmpSymbolAssign" "h" "tryInline" "cmpCall" "cmp" "h" "tryInline" "cmpCall" "cmp" "cmpForBody" "h" "tryInline" "cmpCall" "cmp" "h" "tryInline" "cmpCall" "cmp" "genCode" "h" "tryInline" "cmpCall" "cmp" "h" "tryInline" "cmpCall" "cmp" "genCode" "cmpfun" "compiler:::tryCmpfun" 5#168 "profvis" 
:7541144:19319292:331707488:5533:"<GC>" "constantFoldCall" "constantFold" "constantFoldCall" "constantFold" "h" "tryInline" "cmpCall" "cmp" "h" "tryInline" "cmpCall" "cmp" "cmpForBody" "h" "tryInline" "cmpCall" "cmp" "h" "tryInline" "cmpCall" "cmp" "genCode" "h" "tryInline" "cmpCall" "cmp" "h" "tryInline" "cmpCall" "cmp" "genCode" "cmpfun" "compiler:::tryCmpfun" 5#170 "profvis" 
:7541144:19319292:331707488:0:"<GC>" "constantFoldCall" "constantFold" "constantFoldCall" "constantFold" "h" "tryInline" "cmpCall" "cmp" "h" "tryInline" "cmpCall" "cmp" "cmpForBody" "h" "tryInline" "cmpCall" "cmp" "h" "tryInline" "cmpCall" "cmp" "genCode" "h" "tryInline" "cmpCall" "cmp" "h" "tryInline" "cmpCall" "cmp" "genCode" "cmpfun" "compiler:::tryCmpfun" 5#170 "profvis" 
:7541144:19319292:331707488:0:"<GC>" "constantFoldCall" "constantFold" "constantFoldCall" "constantFold" "h" "tryInline" "cmpCall" "cmp" "h" "tryInline" "cmpCall" "cmp" "cmpForBody" "h" "tryInline" "cmpCall" "cmp" "h" "tryInline" "cmpCall" "cmp" "genCode" "h" "tryInline" "cmpCall" "cmp" "h" "tryInline" "cmpCall" "cmp" "genCode" "cmpfun" "compiler:::tryCmpfun" 5#170 "profvis" 
:7541144:19319292:331707488:0:"<GC>" "constantFoldCall" "constantFold" "constantFoldCall" "constantFold" "h" "tryInline" "cmpCall" "cmp" "h" "tryInline" "cmpCall" "cmp" "cmpForBody" "h" "tryInline" "cmpCall" "cmp" "h" "tryInline" "cmpCall" "cmp" "genCode" "h" "tryInline" "cmpCall" "cmp" "h" "tryInline" "cmpCall" "cmp" "genCode" "cmpfun" "compiler:::tryCmpfun" 5#170 "profvis" 
:7541144:19319292:331707488:0:"<GC>" "constantFoldCall" "constantFold" "constantFoldCall" "constantFold" "h" "tryInline" "cmpCall" "cmp" "h" "tryInline" "cmpCall" "cmp" "cmpForBody" "h" "tryInline" "cmpCall" "cmp" "h" "tryInline" "cmpCall" "cmp" "genCode" "h" "tryInline" "cmpCall" "cmp" "h" "tryInline" "cmpCall" "cmp" "genCode" "cmpfun" "compiler:::tryCmpfun" 5#170 "profvis" 
:7541144:19319292:331707488:0:"<GC>" "constantFoldCall" "constantFold" "constantFoldCall" "constantFold" "h" "tryInline" "cmpCall" "cmp" "h" "tryInline" "cmpCall" "cmp" "cmpForBody" "h" "tryInline" "cmpCall" "cmp" "h" "tryInline" "cmpCall" "cmp" "genCode" "h" "tryInline" "cmpCall" "cmp" "h" "tryInline" "cmpCall" "cmp" "genCode" "cmpfun" "compiler:::tryCmpfun" 5#170 "profvis" 
:7040593:19122769:215479488:5534:"length" "profvis" 
:7110213:19161765:232165248:6539:"new.env" "findCenvVar" "getInlineInfo" "tryInline" "cmpCall" "cmp" "h" "tryInline" "cmpCall" "cmp" "cmpForBody" "h" "tryInline" "cmpCall" "cmp" "h" "tryInline" "cmpCall" "cmp" "cmpForBody" "h" "tryInline" "cmpCall" "cmp" "h" "tryInline" "cmpCall" "cmp" "genCode" "compiler::cmpfun" 6#76 ".compile_once" 5#171 ".build_compiled_node" 5#50 "compile_expr" 5#61 ".precompile_likelihood_expressions" 4#14 ".prepare_model_for_likelihood" 2#792 "compute_loglik" 1#2 "__profvis_execute__" "profvis" 
:7183455:19196796:248841712:5966:"cb$putcode" "cmpCallArgs" "cmpCallSymFun" "cmpCall" "cmp" "cmpSymbolAssign" "h" "tryInline" "cmpCall" "cmp" "h" "tryInline" "cmpCall" "cmp" "cmpForBody" "h" "tryInline" "cmpCall" "cmp" "h" "tryInline" "cmpCall" "cmp" "h" "tryInline" "cmpCall" "cmp" "h" "tryInline" "cmpCall" "cmp" "genCode" "compiler::cmpfun" 6#76 ".compile_once" 5#133 ".build_compiled_node" 5#50 "FUN" "lapply" 5#24 "compile_expr" 5#61 ".precompile_likelihood_expressions" 4#14 ".prepare_model_for_likelihood" 2#792 "compute_loglik" 1#2 "__profvis_execute__" "profvis" 
:7252793:19228527:265563872:5747:"cb$patchlabels" "codeBufCode" "genCode" "h" "tryInline" "cmpCall" "cmp" "h" "tryInline" "cmpCall" "cmp" "genCode" "cmpfun" "compiler:::tryCmpfun" 5#169 "profvis" 
:7330439:19262328:282971752:6352:"findCenvVar" "getInlineInfo" "tryInline" "cmpCall" "cmp" "cmpPrim2" "h" "tryInline" "cmpCall" "cmp" "h" "tryInline" "cmpCall" "cmp" "h" "tryInline" "cmpCall" "cmp" "h" "tryInline" "cmpCall" "cmp" "cmpForBody" "h" "tryInline" "cmpCall" "cmp" "h" "tryInline" "cmpCall" "cmp" "cmpForBody" "h" "tryInline" "cmpCall" "cmp" "h" "tryInline" "cmpCall" "cmp" "genCode" "compiler::cmpfun" 6#76 ".compile_once" 5#171 ".build_compiled_node" 5#50 "compile_expr" 5#61 ".precompile_likelihood_expressions" 4#14 ".prepare_model_for_likelihood" 2#792 "compute_loglik" 1#2 "__profvis_execute__" "profvis" 
:7402234:19294923:298422152:5478:"cb$putcode" "cmpConstArg" "cmpBuiltinArgs" "cmpBuiltin" "cmpDotInternalCall" "h" "tryInline" "cmpCall" "cmp" "h" "tryInline" "cmpCall" "cmp" "h" "tryInline" "cmpCall" "cmp" "genCode" "h" "tryInline" "cmpCall" "cmp" "genCode" "cmpCallArgs" "cmpCallSymFun" "cmpCall" "cmp" "cmpSymbolAssign" "h" "tryInline" "cmpCall" "cmp" "h" "tryInline" "cmpCall" "cmp" "genCode" "cmpfun" "compiler:::tryCmpfun" 2#145 "profvis" 
:7462868:19327673:312926488:4940:"findLocalsList1" "findLocalsList" "funEnv" "make.functionContext" "cmpfun" "compiler:::tryCmpfun" "profvis" 
:7529672:19353464:327348616:5234:"exists" "findCenvVar" "findVar" "cmpSym" "cmp" "h" "tryInline" "cmpCall" "cmp" "genCode" "cmpCallArgs" "cmpCallSymFun" "cmpCall" "cmp" "cmpSymbolAssign" "h" "tryInline" "cmpCall" "cmp" "h" "tryInline" "cmpCall" "cmp" "cmpForBody" "h" "tryInline" "cmpCall" "cmp" "h" "tryInline" "cmpCall" "cmp" "cmpForBody" "h" "tryInline" "cmpCall" "cmp" "h" "tryInline" "cmpCall" "cmp" "genCode" "cmpfun" "compiler:::tryCmpfun" 2#150 "profvis" 
:7550352:19361462:331707488:1667:"<GC>" "mayCallBrowserList" "mayCallBrowser" "mayCallBrowserList" "mayCallBrowser" "mayCallBrowserList" "mayCallBrowser" "mayCallBrowserList" "mayCallBrowser" "cmpfun" "compiler:::tryCmpfun" 2#163 "profvis" 
:7550352:19361462:331707488:0:"<GC>" "mayCallBrowserList" "mayCallBrowser" "mayCallBrowserList" "mayCallBrowser" "mayCallBrowserList" "mayCallBrowser" "mayCallBrowserList" "mayCallBrowser" "cmpfun" "compiler:::tryCmpfun" 2#163 "profvis" 
:7550352:19361462:331707488:0:"<GC>" "mayCallBrowserList" "mayCallBrowser" "mayCallBrowserList" "mayCallBrowser" "mayCallBrowserList" "mayCallBrowser" "mayCallBrowserList" "mayCallBrowser" "cmpfun" "compiler:::tryCmpfun" 2#163 "profvis" 
:7550352:19361462:331707488:0:"<GC>" "mayCallBrowserList" "mayCallBrowser" "mayCallBrowserList" "mayCallBrowser" "mayCallBrowserList" "mayCallBrowser" "mayCallBrowserList" "mayCallBrowser" "cmpfun" "compiler:::tryCmpfun" 2#163 "profvis" 
:7550352:19361462:331707488:0:"<GC>" "mayCallBrowserList" "mayCallBrowser" "mayCallBrowserList" "mayCallBrowser" "mayCallBrowserList" "mayCallBrowser" "mayCallBrowserList" "mayCallBrowser" "cmpfun" "compiler:::tryCmpfun" 2#163 "profvis" 
:7018060:19126624:209836760:3538:"grep" "is.ddsym" "cmpSym" "cmp" "cmpIs" "h" "tryInline" "cmpCall" "cmp" "h" "tryInline" "cmpCall" "cmp" "h" "tryInline" "cmpCall" "cmp" "h" "tryInline" "cmpCall" "cmp" "genCode" "cmpfun" "compiler:::tryCmpfun" 2#169 "profvis" 
:7120500:19173459:228277000:6472:"cb$putcode" "h" "tryInline" "cmpCall" "cmp" "cmpForBody" "h" "tryInline" "cmpCall" "cmp" "h" "tryInline" "cmpCall" "cmp" "h" "tryInline" "cmpCall" "cmp" "h" "tryInline" "cmpCall" "cmp" "h" "tryInline" "cmpCall" "cmp" "h" "tryInline" "cmpCall" "cmp" "h" "tryInline" "cmpCall" "cmp" "h" "tryInline" "cmpCall" "cmp" "h" "tryInline" "cmpCall" "cmp" "h" "tryInline" "cmpCall" "cmp" "genCode" "cmpfun" "compiler:::tryCmpfun" 2#858 "profvis" 
:7180198:19220280:242414536:5444:"findCenvVar" "getInlineInfo" "tryInline" "cmpCall" "cmp" "h" "tryInline" "cmpCall" "cmp" "h" "tryInline" "cmpCall" "cmp" "h" "tryInline" "cmpCall" "cmp" "h" "tryInline" "cmpCall" "cmp" "h" "tryInline" "cmpCall" "cmp" "genCode" "h" "tryInline" "cmpCall" "cmp" "genCode" "cmpCallArgs" "cmpCallSymFun" "cmpCall" "cmp" "cmpSymbolAssign" "h" "tryInline" "cmpCall" "cmp" "h" "tryInline" "cmpCall" "cmp" "h" "tryInline" "cmpCall" "cmp" "h" "tryInline" "cmpCall" "cmp" "h" "tryInline" "cmpCall" "cmp" "h" "tryInline" "cmpCall" "cmp" "h" "tryInline" "cmpCall" "cmp" "h" "tryInline" "cmpCall" "cmp" "h" "tryInline" "cmpCall" "cmp" "h" "tryInline" "cmpCall" "cmp" "cmpForBody" "h" "tryInline" "cmpCall" "cmp" "h" "tryInline" "cmpCall" "cmp" "h" "tryInline" "cmpCall" "cmp" "h" "tryInline" "cmpCall" "cmp" "h" "tryInline" "cmpCall" "cmp" "h" "tryInline" "cmpCall" "cmp" "genCode" "cmpfun" "compiler:::tryCmpfun" 2#858 "profvis" 
:7236599:19269496:255509408:4441:"exists" "findCenvVar" "getInlineInfo" "tryInline" "cmpCall" "cmp" "h" "tryInline" "cmpCall" "cmp" "h" "tryInline" "cmpCall" "cmp" "genCode" "cmpfun" "compiler:::tryCmpfun" 2#858 "profvis" 
:7292260:19310277:269764712:5426:"exists" "findCenvVar" "getInlineInfo" "tryInline" "cmpCall" "cmp" "h" "tryInline" "cmpCall" "cmp" "genCode" "h" "tryInline" "cmpCall" "cmp" "h" "tryInline" "cmpCall" "cmp" "genCode" "h" "tryInline" "cmpCall" "cmp" "cmpSymbolAssign" "h" "tryInline" "cmpCall" "cmp" "h" "tryInline" "cmpCall" "cmp" "genCode" "cmpfun" "compiler:::tryCmpfun" 2#858 "profvis" 
:7344714:19353647:282714208:4697:"unique" "union" "addCenvVars" "addCenvFrame" "funEnv" "make.functionContext" "h" "tryInline" "cmpCall" "cmp" "cmpSymbolAssign" "h" "tryInline" "cmpCall" "cmp" "h" "tryInline" "cmpCall" "cmp" "h" "tryInline" "cmpCall" "cmp" "h" "tryInline" "cmpCall" "cmp" "h" "tryInline" "cmpCall" "cmp" "h" "tryInline" "cmpCall" "cmp" "genCode" "cmpfun" "compiler:::tryCmpfun" 2#858 "profvis" 
:7399750:19395955:296337216:5103:"cb$putcode" "h" "tryInline" "cmpCall" "cmp" "h" "tryInline" "cmpCall" "cmp" "genCode" "h" "tryInline" "cmpCall" "cmp" "genCode" "cmpCallArgs" "cmpCallSymFun" "cmpCall" "cmp" "h" "tryInline" "cmpCall" "cmp" "genCode" "h" "tryInline" "cmpCall" "cmp" "cmpSymbolAssign" "h" "tryInline" "cmpCall" "cmp" "h" "tryInline" "cmpCall" "cmp" "h" "tryInline" "cmpCall" "cmp" "h" "tryInline" "cmpCall" "cmp" "genCode" "cmpfun" "compiler:::tryCmpfun" 2#858 "profvis" 
:7445934:19450769:308003024:4354:"putconst" "cb$putcode" "cmpSymbolAssign" "h" "tryInline" "cmpCall" "cmp" "h" "tryInline" "cmpCall" "cmp" "h" "tryInline" "cmpCall" "cmp" "h" "tryInline" "cmpCall" "cmp" "h" "tryInline" "cmpCall" "cmp" "h" "tryInline" "cmpCall" "cmp" "genCode" "cmpfun" "compiler:::tryCmpfun" 2#858 "profvis" 
:7502480:19494152:319791640:4068:"getInlineInfo" "isBaseVar" "getFoldFun" "constantFoldCall" "constantFold" "constantFoldCall" "constantFold" "constantFoldCall" "constantFold" "cmp" "h" "tryInline" "cmpCall" "cmp" "h" "tryInline" "cmpCall" "cmp" "genCode" "h" "tryInline" "cmpCall" "cmp" "cmpSymbolAssign" "h" "tryInline" "cmpCall" "cmp" "h" "tryInline" "cmpCall" "cmp" "genCode" "cmpfun" "compiler:::tryCmpfun" 2#578 "profvis" 
:7532200:19510520:326473000:2615:"findCenvVar" "getInlineInfo" "isBaseVar" "getFoldFun" "constantFoldCall" "constantFold" "cmp" "h" "tryInline" "cmpCall" "cmp" "h" "tryInline" "cmpCall" "cmp" "h" "tryInline" "cmpCall" "cmp" "h" "tryInline" "cmpCall" "cmp" "cmpForBody" "h" "tryInline" "cmpCall" "cmp" "h" "tryInline" "cmpCall" "cmp" "genCode" "cmpfun" "compiler:::tryCmpfun" 2#578 "profvis" 
:7532200:19510520:326473000:0:"findCenvVar" "getInlineInfo" "isBaseVar" "getFoldFun" "constantFoldCall" "constantFold" "cmp" "h" "tryInline" "cmpCall" "cmp" "h" "tryInline" "cmpCall" "cmp" "h" "tryInline" "cmpCall" "cmp" "h" "tryInline" "cmpCall" "cmp" "cmpForBody" "h" "tryInline" "cmpCall" "cmp" "h" "tryInline" "cmpCall" "cmp" "genCode" "cmpfun" "compiler:::tryCmpfun" 2#578 "profvis" 
:7557348:19525919:331707488:1789:"<GC>" "lapply" "FUN" "lapply" "findLocalsList1" "findLocalsList" "funEnv" "make.functionContext" "cmpfun" "compiler:::tryCmpfun" 2#610 "profvis" 
:7557348:19525919:331707488:0:"<GC>" "lapply" "FUN" "lapply" "findLocalsList1" "findLocalsList" "funEnv" "make.functionContext" "cmpfun" "compiler:::tryCmpfun" 2#610 "profvis" 
:7557348:19525919:331707488:0:"<GC>" "lapply" "FUN" "lapply" "findLocalsList1" "findLocalsList" "funEnv" "make.functionContext" "cmpfun" "compiler:::tryCmpfun" 2#610 "profvis" 
:7557348:19525919:331707488:0:"<GC>" "lapply" "FUN" "lapply" "findLocalsList1" "findLocalsList" "funEnv" "make.functionContext" "cmpfun" "compiler:::tryCmpfun" 2#610 "profvis" 
:7557348:19525919:331707488:0:"<GC>" "lapply" "FUN" "lapply" "findLocalsList1" "findLocalsList" "funEnv" "make.functionContext" "cmpfun" "compiler:::tryCmpfun" 2#610 "profvis" 
:6986094:19118979:200991728:231:"as.list" "mayCallBrowserList" "mayCallBrowser" "mayCallBrowserList" "mayCallBrowser" "cmpfun" "compiler:::tryCmpfun" 2#610 "profvis" 
:7035104:19146138:213157056:4422:"as.name" "h" "tryInline" "cmpCall" "cmp" "h" "tryInline" "cmpCall" "cmp" "genCode" "cmpfun" "compiler:::tryCmpfun" 2#610 "profvis" 
:7091615:19173629:226856784:5179:"findCenvVar" "getInlineInfo" "tryInline" "cmpCall" "cmp" "h" "tryInline" "cmpCall" "cmp" "h" "tryInline" "cmpCall" "cmp" "h" "tryInline" "cmpCall" "cmp" "h" "tryInline" "cmpCall" "cmp" "genCode" "h" "tryInline" "cmpCall" "cmp" "genCode" "cmpCallArgs" "cmpCallSymFun" "cmpCall" "cmp" "h" "tryInline" "cmpCall" "cmp" "genCode" "h" "tryInline" "cmpCall" "cmp" "cmpSymbolAssign" "h" "tryInline" "cmpCall" "cmp" "h" "tryInline" "cmpCall" "cmp" "genCode" "cmpfun" "compiler:::tryCmpfun" 2#610 "profvis" 
:7148384:19207059:239693776:4720:"get" "getInlineHandler" "tryInline" "cmpCall" "cmp" "h" "tryInline" "cmpCall" "cmp" "h" "tryInline" "cmpCall" "cmp" "h" "tryInline" "cmpCall" "cmp" "h" "tryInline" "cmpCall" "cmp" "cmpForBody" "h" "tryInline" "cmpCall" "cmp" "h" "tryInline" "cmpCall" "cmp" "genCode" "cmpfun" "compiler:::tryCmpfun" 5#325 "profvis" 
#File 7: R/likelihood_primitives.R
:7199473:19239160:251814752:4482:"FUN" "lapply" "FUN" "lapply" "findLocalsList1" "findLocalsList" "funEnv" "make.functionContext" "cmpfun" "compiler:::tryCmpfun" 7#122 "profvis" 
:7257646:19269424:265281856:4750:"cb$putcode" "cmpConst" "cmp" "cmpPrim2" "h" "tryInline" "cmpCall" "cmp" "cmpComplexAssign" "h" "tryInline" "cmpCall" "cmp" "h" "tryInline" "cmpCall" "cmp" "cmpForBody" "h" "tryInline" "cmpCall" "cmp" "h" "tryInline" "cmpCall" "cmp" "genCode" "cmpfun" "compiler:::tryCmpfun" 5#347 "profvis" 
:7311456:19297423:278359200:4505:"cmp" "genCode" "cmpCallArgs" "cmpCallSymFun" "cmpCall" "cmp" "cmpSubsetDispatch" "h" "tryInline" "cmpCall" "cmp" "h" "tryInline" "cmpCall" "cmp" "genCode" "cmpfun" "compiler:::tryCmpfun" 2#353 "profvis" 
:7358671:19313738:291235336:4130:"cb$putlabel" "cmpSubsetDispatch" "h" "tryInline" "cmpCall" "cmp" "cmpSymbolAssign" "h" "tryInline" "cmpCall" "cmp" "h" "tryInline" "cmpCall" "cmp" "genCode" "cmpfun" "compiler:::tryCmpfun" 2#760 "profvis" 
:7404229:19321150:304900792:3959:5#347 "FUN" "vapply" 5#346 "fast" 2#323 "SY" 2#341 "FY" 2#361 "f" "<Anonymous>" "stats::integrate" 2#361 "FUN" "vapply" 2#351 "shared_palloc" 2#734 ".outcome_likelihood" 2#858 "compute_loglik" 1#2 "__profvis_execute__" "profvis" 
:7444497:19325445:317081968:3513:7#175 ".pool_survival_fast_value" 5#347 "FUN" "vapply" 5#346 "fast" 2#323 "SY" 2#341 "FY" 2#361 "f" "<Anonymous>" "stats::integrate" 2#361 "FUN" "vapply" 2#351 "shared_palloc" 2#734 ".outcome_likelihood" 2#858 "compute_loglik" 1#2 "__profvis_execute__" "profvis" 
:7492434:19330599:331587312:4182:7#157 ".pool_survival_fast_value" 5#347 "FUN" "vapply" 5#346 "fast" 2#323 "SY" 2#341 "FY" 2#361 "f" "<Anonymous>" "stats::integrate" 2#361 "FUN" "vapply" 2#351 "shared_palloc" 2#734 ".outcome_likelihood" 2#858 "compute_loglik" 1#2 "__profvis_execute__" "profvis" 
#File 8: R/pool_math.R
:7492828:19330599:331707488:39:"<GC>" 8#6 "pool_coeffs" 7#187 ".pool_survival_fast_value" 5#347 "FUN" "vapply" 5#346 "fast" 2#323 "SY" 2#341 "FY" 2#361 "f" "<Anonymous>" "stats::integrate" 2#361 "FUN" "vapply" 2#351 "shared_palloc" 2#734 ".outcome_likelihood" 2#858 "compute_loglik" 1#2 "__profvis_execute__" "profvis" 
:7492828:19330599:331707488:0:"<GC>" 8#6 "pool_coeffs" 7#187 ".pool_survival_fast_value" 5#347 "FUN" "vapply" 5#346 "fast" 2#323 "SY" 2#341 "FY" 2#361 "f" "<Anonymous>" "stats::integrate" 2#361 "FUN" "vapply" 2#351 "shared_palloc" 2#734 ".outcome_likelihood" 2#858 "compute_loglik" 1#2 "__profvis_execute__" "profvis" 
:7492828:19330599:331707488:0:"<GC>" 8#6 "pool_coeffs" 7#187 ".pool_survival_fast_value" 5#347 "FUN" "vapply" 5#346 "fast" 2#323 "SY" 2#341 "FY" 2#361 "f" "<Anonymous>" "stats::integrate" 2#361 "FUN" "vapply" 2#351 "shared_palloc" 2#734 ".outcome_likelihood" 2#858 "compute_loglik" 1#2 "__profvis_execute__" "profvis" 
:7492828:19330599:331707488:0:"<GC>" 8#6 "pool_coeffs" 7#187 ".pool_survival_fast_value" 5#347 "FUN" "vapply" 5#346 "fast" 2#323 "SY" 2#341 "FY" 2#361 "f" "<Anonymous>" "stats::integrate" 2#361 "FUN" "vapply" 2#351 "shared_palloc" 2#734 ".outcome_likelihood" 2#858 "compute_loglik" 1#2 "__profvis_execute__" "profvis" 
:7492828:19330599:331707488:0:"<GC>" 8#6 "pool_coeffs" 7#187 ".pool_survival_fast_value" 5#347 "FUN" "vapply" 5#346 "fast" 2#323 "SY" 2#341 "FY" 2#361 "f" "<Anonymous>" "stats::integrate" 2#361 "FUN" "vapply" 2#351 "shared_palloc" 2#734 ".outcome_likelihood" 2#858 "compute_loglik" 1#2 "__profvis_execute__" "profvis" 
:7039582:19130990:216646304:4701:7#174 ".pool_survival_fast_value" 5#347 "FUN" "vapply" 5#346 "fast" 2#323 "SC" 2#344 "FC" 2#729 ".outcome_likelihood" 2#858 "compute_loglik" 1#2 "__profvis_execute__" "profvis" 
#File 9: R/dist.R
:7102793:19138230:235816840:5511:"exists" 9#48 "dist_registry" 7#8 ".acc_density" 7#122 ".pool_density_fast_value" 5#325 "FUN" "vapply" 5#323 "fast" 2#312 "fX" 2#361 "f" "<Anonymous>" "stats::integrate" 2#361 "FUN" "vapply" 2#351 "shared_palloc" 2#734 ".outcome_likelihood" 2#858 "compute_loglik" 1#2 "__profvis_execute__" "profvis" 
:7166141:19145061:254979704:5539:7#187 ".pool_survival_fast_value" 5#347 "FUN" "vapply" 5#346 "fast" 2#323 "SY" 2#341 "FY" 2#361 "f" "<Anonymous>" "stats::integrate" 2#361 "FUN" "vapply" 2#351 "shared_palloc" 2#734 ".outcome_likelihood" 2#858 "compute_loglik" 1#2 "__profvis_execute__" "profvis" 
:7228266:19151943:273751856:5410:9#48 "dist_registry" 7#8 ".acc_density" 7#122 ".pool_density_fast_value" 5#325 "FUN" "vapply" 5#323 "fast" 2#312 "fX" 2#361 "f" "<Anonymous>" "stats::integrate" 2#361 "FUN" "vapply" 2#351 "shared_palloc" 2#734 ".outcome_likelihood" 2#858 "compute_loglik" 1#2 "__profvis_execute__" "profvis" 
:7289628:19158605:292351360:5361:7#190 "FUN" "vapply" 5#346 "fast" 2#323 "SY" 2#341 "FY" 2#361 "f" "<Anonymous>" "stats::integrate" 2#361 "FUN" "vapply" 2#351 "shared_palloc" 2#734 ".outcome_likelihood" 2#858 "compute_loglik" 1#2 "__profvis_execute__" "profvis" 
:7348749:19165643:310267160:5161:7#188 ".pool_survival_fast_value" 5#347 "FUN" "vapply" 5#346 "fast" 2#323 "SY" 2#341 "FY" 2#361 "f" "<Anonymous>" "stats::integrate" 2#361 "FUN" "vapply" 2#351 "shared_palloc" 2#734 ".outcome_likelihood" 2#858 "compute_loglik" 1#2 "__profvis_execute__" "profvis" 
:7402116:19171196:326382224:4647:7#178 ".pool_survival_fast_value" 5#347 "FUN" "vapply" 5#346 "fast" 2#323 "SY" 2#729 ".outcome_likelihood" 2#858 "compute_loglik" 1#2 "__profvis_execute__" "profvis" 
:7419585:19173429:331707488:1520:"<GC>" 5#344 "fast" 2#323 "SY" 2#341 "FY" 2#361 "f" "<Anonymous>" "stats::integrate" 2#361 "FUN" "vapply" 2#351 "shared_palloc" 2#734 ".outcome_likelihood" 2#858 "compute_loglik" 1#2 "__profvis_execute__" "profvis" 
:7419585:19173429:331707488:0:"<GC>" 5#344 "fast" 2#323 "SY" 2#341 "FY" 2#361 "f" "<Anonymous>" "stats::integrate" 2#361 "FUN" "vapply" 2#351 "shared_palloc" 2#734 ".outcome_likelihood" 2#858 "compute_loglik" 1#2 "__profvis_execute__" "profvis" 
:7419585:19173429:331707488:0:"<GC>" 5#344 "fast" 2#323 "SY" 2#341 "FY" 2#361 "f" "<Anonymous>" "stats::integrate" 2#361 "FUN" "vapply" 2#351 "shared_palloc" 2#734 ".outcome_likelihood" 2#858 "compute_loglik" 1#2 "__profvis_execute__" "profvis" 
:7419585:19173429:331707488:0:"<GC>" 5#344 "fast" 2#323 "SY" 2#341 "FY" 2#361 "f" "<Anonymous>" "stats::integrate" 2#361 "FUN" "vapply" 2#351 "shared_palloc" 2#734 ".outcome_likelihood" 2#858 "compute_loglik" 1#2 "__profvis_execute__" "profvis" 
:7419585:19173429:331707488:0:"<GC>" 5#344 "fast" 2#323 "SY" 2#341 "FY" 2#361 "f" "<Anonymous>" "stats::integrate" 2#361 "FUN" "vapply" 2#351 "shared_palloc" 2#734 ".outcome_likelihood" 2#858 "compute_loglik" 1#2 "__profvis_execute__" "profvis" 
:7011623:19129135:208020848:2194:"exists" 9#48 "dist_registry" 7#8 ".acc_density" 7#122 ".pool_density_fast_value" 5#325 "FUN" "vapply" 5#323 "fast" 2#312 "fX" 2#361 "f" "<Anonymous>" "stats::integrate" 2#361 "FUN" "vapply" 2#351 "shared_palloc" 2#734 ".outcome_likelihood" 2#858 "compute_loglik" 1#2 "__profvis_execute__" "profvis" 
:7077091:19136580:227842832:5712:7#5 ".acc_density" 7#122 ".pool_density_fast_value" 5#325 "FUN" "vapply" 5#323 "fast" 2#312 "fX" 2#361 "f" "<Anonymous>" "stats::integrate" 2#361 "FUN" "vapply" 2#351 "shared_palloc" 2#734 ".outcome_likelihood" 2#858 "compute_loglik" 1#2 "__profvis_execute__" "profvis" 
:7143417:19143578:247908304:5788:7#129 ".pool_density_fast_value" 5#325 "FUN" "vapply" 5#323 "fast" 2#312 "fX" 2#361 "f" "<Anonymous>" "stats::integrate" 2#361 "FUN" "vapply" 2#351 "shared_palloc" 2#734 ".outcome_likelihood" 2#858 "compute_loglik" 1#2 "__profvis_execute__" "profvis" 
:7206681:19150366:267046360:5527:7#93 ".pool_active_members" 7#161 ".pool_survival_fast_value" 5#347 "FUN" "vapply" 5#346 "fast" 2#323 "SY" 2#341 "FY" 2#361 "f" "<Anonymous>" "stats::integrate" 2#361 "FUN" "vapply" 2#351 "shared_palloc" 2#734 ".outcome_likelihood" 2#858 "compute_loglik" 1#2 "__profvis_execute__" "profvis" 
:7269521:19157307:286075160:5473:7#119 ".pool_density_fast_value" 5#325 "FUN" "vapply" 5#323 "fast" 2#312 "fX" 2#361 "f" "<Anonymous>" "stats::integrate" 2#361 "FUN" "vapply" 2#351 "shared_palloc" 2#734 ".outcome_likelihood" 2#858 "compute_loglik" 1#2 "__profvis_execute__" "profvis" 
:7329234:19163927:304153360:5209:7#120 ".pool_density_fast_value" 5#325 "FUN" "vapply" 5#323 "fast" 2#312 "fX" 2#361 "f" "<Anonymous>" "stats::integrate" 2#361 "FUN" "vapply" 2#351 "shared_palloc" 2#734 ".outcome_likelihood" 2#858 "compute_loglik" 1#2 "__profvis_execute__" "profvis" 
:7384829:19169940:320946416:4854:7#88 ".pool_active_members" 7#112 ".pool_density_fast_value" 5#325 "FUN" "vapply" 5#323 "fast" 2#312 "fX" 2#361 "f" "<Anonymous>" "stats::integrate" 2#361 "FUN" "vapply" 2#351 "shared_palloc" 2#734 ".outcome_likelihood" 2#858 "compute_loglik" 1#2 "__profvis_execute__" "profvis" 
:7420388:19173983:331707488:3103:"<GC>" 5#325 "FUN" "vapply" 5#323 "fast" 2#312 "fX" 2#361 "f" "<Anonymous>" "stats::integrate" 2#361 "FUN" "vapply" 2#351 "shared_palloc" 2#734 ".outcome_likelihood" 2#858 "compute_loglik" 1#2 "__profvis_execute__" "profvis" 
:7420388:19173983:331707488:0:"<GC>" 5#325 "FUN" "vapply" 5#323 "fast" 2#312 "fX" 2#361 "f" "<Anonymous>" "stats::integrate" 2#361 "FUN" "vapply" 2#351 "shared_palloc" 2#734 ".outcome_likelihood" 2#858 "compute_loglik" 1#2 "__profvis_execute__" "profvis" 
:7420388:19173983:331707488:0:"<GC>" 5#325 "FUN" "vapply" 5#323 "fast" 2#312 "fX" 2#361 "f" "<Anonymous>" "stats::integrate" 2#361 "FUN" "vapply" 2#351 "shared_palloc" 2#734 ".outcome_likelihood" 2#858 "compute_loglik" 1#2 "__profvis_execute__" "profvis" 
:7420388:19173983:331707488:0:"<GC>" 5#325 "FUN" "vapply" 5#323 "fast" 2#312 "fX" 2#361 "f" "<Anonymous>" "stats::integrate" 2#361 "FUN" "vapply" 2#351 "shared_palloc" 2#734 ".outcome_likelihood" 2#858 "compute_loglik" 1#2 "__profvis_execute__" "profvis" 
:7420388:19173983:331707488:0:"<GC>" 5#325 "FUN" "vapply" 5#323 "fast" 2#312 "fX" 2#361 "f" "<Anonymous>" "stats::integrate" 2#361 "FUN" "vapply" 2#351 "shared_palloc" 2#734 ".outcome_likelihood" 2#858 "compute_loglik" 1#2 "__profvis_execute__" "profvis" 
:7000057:19127885:204297520:1106:9#48 "dist_registry" 7#8 ".acc_density" 7#122 ".pool_density_fast_value" 5#325 "FUN" "vapply" 5#323 "fast" 2#312 "fX" 2#361 "f" "<Anonymous>" "stats::integrate" 2#361 "FUN" "vapply" 2#351 "shared_palloc" 2#734 ".outcome_likelihood" 2#858 "compute_loglik" 1#2 "__profvis_execute__" "profvis" 
:7065546:19134933:224115808:5720:7#44 ".acc_survival" 7#178 ".pool_survival_fast_value" 5#347 "FUN" "vapply" 5#346 "fast" 2#323 "SY" 2#341 "FY" 2#361 "f" "<Anonymous>" "stats::integrate" 2#361 "FUN" "vapply" 2#351 "shared_palloc" 2#734 ".outcome_likelihood" 2#858 "compute_loglik" 1#2 "__profvis_execute__" "profvis" 
:7131411:19141876:244017480:5743:"all" "profvis" 
:7196870:19149284:263860128:5711:7#189 ".pool_survival_fast_value" 5#347 "FUN" "vapply" 5#346 "fast" 2#323 "SY" 2#341 "FY" 2#361 "f" "<Anonymous>" "stats::integrate" 2#361 "FUN" "vapply" 2#351 "shared_palloc" 2#734 ".outcome_likelihood" 2#858 "compute_loglik" 1#2 "__profvis_execute__" "profvis" 
:7261114:19156317:283300080:5605:7#40 ".acc_survival" 7#178 ".pool_survival_fast_value" 5#347 "FUN" "vapply" 5#346 "fast" 2#323 "SY" 2#341 "FY" 2#361 "f" "<Anonymous>" "stats::integrate" 2#361 "FUN" "vapply" 2#351 "shared_palloc" 2#734 ".outcome_likelihood" 2#858 "compute_loglik" 1#2 "__profvis_execute__" "profvis" 
:7322855:19162653:301936880:5391:5#95 ".expr_lookup_compiled" 2#294 "fetch_node" 2#296 ".shared_gate_fast_context" 2#610 ".outcome_likelihood" 2#858 "compute_loglik" 1#2 "__profvis_execute__" "profvis" 
:7378558:19168637:318778544:4855:"numeric" 7#174 ".pool_survival_fast_value" 5#347 "FUN" "vapply" 5#346 "fast" 2#323 "SX" 2#338 "FX" 2#735 ".outcome_likelihood" 2#858 "compute_loglik" 1#2 "__profvis_execute__" "profvis" 
:7421102:19173497:331707488:3710:"<GC>" 7#164 ".pool_survival_fast_value" 5#347 "FUN" "vapply" 5#346 "fast" 2#323 "SY" 2#341 "FY" 2#361 "f" "<Anonymous>" "stats::integrate" 2#361 "FUN" "vapply" 2#351 "shared_palloc" 2#734 ".outcome_likelihood" 2#858 "compute_loglik" 1#2 "__profvis_execute__" "profvis" 
:7421102:19173497:331707488:0:"<GC>" 7#164 ".pool_survival_fast_value" 5#347 "FUN" "vapply" 5#346 "fast" 2#323 "SY" 2#341 "FY" 2#361 "f" "<Anonymous>" "stats::integrate" 2#361 "FUN" "vapply" 2#351 "shared_palloc" 2#734 ".outcome_likelihood" 2#858 "compute_loglik" 1#2 "__profvis_execute__" "profvis" 
:7421102:19173497:331707488:0:"<GC>" 7#164 ".pool_survival_fast_value" 5#347 "FUN" "vapply" 5#346 "fast" 2#323 "SY" 2#341 "FY" 2#361 "f" "<Anonymous>" "stats::integrate" 2#361 "FUN" "vapply" 2#351 "shared_palloc" 2#734 ".outcome_likelihood" 2#858 "compute_loglik" 1#2 "__profvis_execute__" "profvis" 
:7421102:19173497:331707488:0:"<GC>" 7#164 ".pool_survival_fast_value" 5#347 "FUN" "vapply" 5#346 "fast" 2#323 "SY" 2#341 "FY" 2#361 "f" "<Anonymous>" "stats::integrate" 2#361 "FUN" "vapply" 2#351 "shared_palloc" 2#734 ".outcome_likelihood" 2#858 "compute_loglik" 1#2 "__profvis_execute__" "profvis" 
:7421102:19173497:331707488:0:"<GC>" 7#164 ".pool_survival_fast_value" 5#347 "FUN" "vapply" 5#346 "fast" 2#323 "SY" 2#341 "FY" 2#361 "f" "<Anonymous>" "stats::integrate" 2#361 "FUN" "vapply" 2#351 "shared_palloc" 2#734 ".outcome_likelihood" 2#858 "compute_loglik" 1#2 "__profvis_execute__" "profvis" 
:7011677:19130035:207613952:2051:"dlnorm" 9#32 "reg[["d"]]" 7#14 ".acc_density" 7#122 ".pool_density_fast_value" 5#325 "FUN" "vapply" 5#323 "fast" 2#312 "fX" 2#361 "f" "<Anonymous>" "stats::integrate" 2#361 "FUN" "vapply" 2#351 "shared_palloc" 2#734 ".outcome_likelihood" 2#858 "compute_loglik" 1#2 "__profvis_execute__" "profvis" 
:7077563:19136991:227479840:5758:"paste" 2#833 "compute_loglik" 1#2 "__profvis_execute__" "profvis" 
:7143431:19144580:247482200:5737:"dlnorm" 9#32 "reg[["d"]]" 7#14 ".acc_density" 7#122 ".pool_density_fast_value" 5#325 "FUN" "vapply" 5#323 "fast" 2#312 "fX" 2#361 "f" "<Anonymous>" "stats::integrate" 2#361 "FUN" "vapply" 2#351 "shared_palloc" 2#734 ".outcome_likelihood" 2#858 "compute_loglik" 1#2 "__profvis_execute__" "profvis" 
:7208489:19151494:267146432:5682:5#347 "FUN" "vapply" 5#346 "fast" 2#323 "SY" 2#341 "FY" 2#361 "f" "<Anonymous>" "stats::integrate" 2#361 "FUN" "vapply" 2#351 "shared_palloc" 2#734 ".outcome_likelihood" 2#858 "compute_loglik" 1#2 "__profvis_execute__" "profvis" 
:7271921:19158366:286344240:5526:"vapply" 5#346 "fast" 2#323 "SY" 2#341 "FY" 2#361 "f" "<Anonymous>" "stats::integrate" 2#361 "FUN" "vapply" 2#351 "shared_palloc" 2#734 ".outcome_likelihood" 2#858 "compute_loglik" 1#2 "__profvis_execute__" "profvis" 
:7332853:19165070:304751216:5319:7#107 ".pool_density_fast_value" 5#325 "FUN" "vapply" 5#323 "fast" 2#312 "fX" 2#361 "f" "<Anonymous>" "stats::integrate" 2#361 "FUN" "vapply" 2#351 "shared_palloc" 2#734 ".outcome_likelihood" 2#858 "compute_loglik" 1#2 "__profvis_execute__" "profvis" 
:7385670:19170873:320772816:4605:7#175 ".pool_survival_fast_value" 5#347 "FUN" "vapply" 5#346 "fast" 2#323 "SY" 2#341 "FY" 2#361 "f" "<Anonymous>" "stats::integrate" 2#361 "FUN" "vapply" 2#351 "shared_palloc" 2#734 ".outcome_likelihood" 2#858 "compute_loglik" 1#2 "__profvis_execute__" "profvis" 
:7421918:19174506:331707488:3165:"<GC>" 9#32 "reg[["d"]]" 7#14 ".acc_density" 7#122 ".pool_density_fast_value" 5#325 "FUN" "vapply" 5#323 "fast" 2#312 "fC" 2#732 ".outcome_likelihood" 2#858 "compute_loglik" 1#2 "__profvis_execute__" "profvis" 
:7421918:19174506:331707488:0:"<GC>" 9#32 "reg[["d"]]" 7#14 ".acc_density" 7#122 ".pool_density_fast_value" 5#325 "FUN" "vapply" 5#323 "fast" 2#312 "fC" 2#732 ".outcome_likelihood" 2#858 "compute_loglik" 1#2 "__profvis_execute__" "profvis" 
:7421918:19174506:331707488:0:"<GC>" 9#32 "reg[["d"]]" 7#14 ".acc_density" 7#122 ".pool_density_fast_value" 5#325 "FUN" "vapply" 5#323 "fast" 2#312 "fC" 2#732 ".outcome_likelihood" 2#858 "compute_loglik" 1#2 "__profvis_execute__" "profvis" 
:7421918:19174506:331707488:0:"<GC>" 9#32 "reg[["d"]]" 7#14 ".acc_density" 7#122 ".pool_density_fast_value" 5#325 "FUN" "vapply" 5#323 "fast" 2#312 "fC" 2#732 ".outcome_likelihood" 2#858 "compute_loglik" 1#2 "__profvis_execute__" "profvis" 
:7421918:19174506:331707488:0:"<GC>" 9#32 "reg[["d"]]" 7#14 ".acc_density" 7#122 ".pool_density_fast_value" 5#325 "FUN" "vapply" 5#323 "fast" 2#312 "fC" 2#732 ".outcome_likelihood" 2#858 "compute_loglik" 1#2 "__profvis_execute__" "profvis" 
:7015202:19131090:208483520:2295:7#45 "plnorm" 9#33 "reg[["p"]]" 7#45 ".acc_survival" 7#178 ".pool_survival_fast_value" 5#347 "FUN" "vapply" 5#346 "fast" 2#323 "SY" 2#341 "FY" 2#361 "f" "<Anonymous>" "stats::integrate" 2#361 "FUN" "vapply" 2#351 "shared_palloc" 2#734 ".outcome_likelihood" 2#858 "compute_loglik" 1#2 "__profvis_execute__" "profvis" 
:7082275:19138172:228756976:5843:7#14 ".acc_density" 7#122 ".pool_density_fast_value" 5#325 "FUN" "vapply" 5#323 "fast" 2#312 "fX" 2#361 "f" "<Anonymous>" "stats::integrate" 2#361 "FUN" "vapply" 2#351 "shared_palloc" 2#734 ".outcome_likelihood" 2#858 "compute_loglik" 1#2 "__profvis_execute__" "profvis" 
:7147694:19145086:248554376:5714:"vapply" 5#346 "fast" 2#323 "SY" 2#341 "FY" 2#361 "f" "<Anonymous>" "stats::integrate" 2#361 "FUN" "vapply" 2#351 "shared_palloc" 2#734 ".outcome_likelihood" 2#858 "compute_loglik" 1#2 "__profvis_execute__" "profvis" 
:7212882:19152029:268247728:5686:".shared_gate_fast_context" 2#610 ".outcome_likelihood" 2#858 "compute_loglik" 1#2 "__profvis_execute__" "profvis" 
:7276147:19158830:287415856:5522:5#347 "FUN" "vapply" 5#346 "fast" 2#323 "SY" 2#341 "FY" 2#361 "f" "<Anonymous>" "stats::integrate" 2#361 "FUN" "vapply" 2#351 "shared_palloc" 2#734 ".outcome_likelihood" 2#858 "compute_loglik" 1#2 "__profvis_execute__" "profvis" 
:7336361:19165534:305627224:5244:9#51 "dist_registry" 7#8 ".acc_density" 7#122 ".pool_density_fast_value" 5#325 "FUN" "vapply" 5#323 "fast" 2#312 "fX" 2#361 "f" "<Anonymous>" "stats::integrate" 2#361 "FUN" "vapply" 2#351 "shared_palloc" 2#734 ".outcome_likelihood" 2#858 "compute_loglik" 1#2 "__profvis_execute__" "profvis" 
:7390570:19171701:322057232:4730:7#112 ".pool_active_members" 7#112 ".pool_density_fast_value" 5#325 "FUN" "vapply" 5#323 "fast" 2#312 "fX" 2#361 "f" "<Anonymous>" "stats::integrate" 2#361 "FUN" "vapply" 2#351 "shared_palloc" 2#734 ".outcome_likelihood" 2#858 "compute_loglik" 1#2 "__profvis_execute__" "profvis" 
:7422494:19175137:331707488:2784:"<GC>" 9#51 "dist_registry" 7#8 ".acc_density" 7#122 ".pool_density_fast_value" 5#325 "FUN" "vapply" 5#323 "fast" 2#312 "fX" 2#361 "f" "<Anonymous>" "stats::integrate" 2#361 "FUN" "vapply" 2#351 "shared_palloc" 2#734 ".outcome_likelihood" 2#858 "compute_loglik" 1#2 "__profvis_execute__" "profvis" 
:7422494:19175137:331707488:0:"<GC>" 9#51 "dist_registry" 7#8 ".acc_density" 7#122 ".pool_density_fast_value" 5#325 "FUN" "vapply" 5#323 "fast" 2#312 "fX" 2#361 "f" "<Anonymous>" "stats::integrate" 2#361 "FUN" "vapply" 2#351 "shared_palloc" 2#734 ".outcome_likelihood" 2#858 "compute_loglik" 1#2 "__profvis_execute__" "profvis" 
:7422494:19175137:331707488:0:"<GC>" 9#51 "dist_registry" 7#8 ".acc_density" 7#122 ".pool_density_fast_value" 5#325 "FUN" "vapply" 5#323 "fast" 2#312 "fX" 2#361 "f" "<Anonymous>" "stats::integrate" 2#361 "FUN" "vapply" 2#351 "shared_palloc" 2#734 ".outcome_likelihood" 2#858 "compute_loglik" 1#2 "__profvis_execute__" "profvis" 
:7422494:19175137:331707488:0:"<GC>" 9#51 "dist_registry" 7#8 ".acc_density" 7#122 ".pool_density_fast_value" 5#325 "FUN" "vapply" 5#323 "fast" 2#312 "fX" 2#361 "f" "<Anonymous>" "stats::integrate" 2#361 "FUN" "vapply" 2#351 "shared_palloc" 2#734 ".outcome_likelihood" 2#858 "compute_loglik" 1#2 "__profvis_execute__" "profvis" 
:7422494:19175137:331707488:0:"<GC>" 9#51 "dist_registry" 7#8 ".acc_density" 7#122 ".pool_density_fast_value" 5#325 "FUN" "vapply" 5#323 "fast" 2#312 "fX" 2#361 "f" "<Anonymous>" "stats::integrate" 2#361 "FUN" "vapply" 2#351 "shared_palloc" 2#734 ".outcome_likelihood" 2#858 "compute_loglik" 1#2 "__profvis_execute__" "profvis" 
:7024327:19132506:211020880:3023:7#177 ".pool_survival_fast_value" 5#347 "FUN" "vapply" 5#346 "fast" 2#323 "SY" 2#341 "FY" 2#361 "f" "<Anonymous>" "stats::integrate" 2#361 "FUN" "vapply" 2#351 "shared_palloc" 2#734 ".outcome_likelihood" 2#858 "compute_loglik" 1#2 "__profvis_execute__" "profvis" 
:7090250:19139859:230979784:5758:".pool_survival_fast_value" 5#347 "FUN" "vapply" 5#346 "fast" 2#323 "SY" 2#341 "FY" 2#361 "f" "<Anonymous>" "stats::integrate" 2#361 "FUN" "vapply" 2#351 "shared_palloc" 2#734 ".outcome_likelihood" 2#858 "compute_loglik" 1#2 "__profvis_execute__" "profvis" 
:7155639:19147651:250810560:5697:7#14 ".acc_density" 7#122 ".pool_density_fast_value" 5#325 "FUN" "vapply" 5#323 "fast" 2#312 "fX" 2#361 "f" "<Anonymous>" "stats::integrate" 2#361 "FUN" "vapply" 2#351 "shared_palloc" 2#734 ".outcome_likelihood" 2#858 "compute_loglik" 1#2 "__profvis_execute__" "profvis" 
:7221046:19154565:270587632:5714:"...elt" "profvis" 
:7281622:19161269:288930264:5274:9#51 "dist_registry" 7#8 ".acc_density" 7#122 ".pool_density_fast_value" 5#325 "FUN" "vapply" 5#323 "fast" 2#312 "fX" 2#361 "f" "<Anonymous>" "stats::integrate" 2#361 "FUN" "vapply" 2#351 "shared_palloc" 2#734 ".outcome_likelihood" 2#858 "compute_loglik" 1#2 "__profvis_execute__" "profvis" 
:7342382:19167521:307278608:5306:"plnorm" 9#33 "reg[["p"]]" 7#45 ".acc_survival" 7#178 ".pool_survival_fast_value" 5#347 "FUN" "vapply" 5#346 "fast" 2#323 "SY" 2#341 "FY" 2#730 ".outcome_likelihood" 2#858 "compute_loglik" 1#2 "__profvis_execute__" "profvis" 
:7395408:19173758:323315888:4625:7#88 ".pool_active_members" 7#112 ".pool_density_fast_value" 5#325 "FUN" "vapply" 5#323 "fast" 2#312 "fX" 2#361 "f" "<Anonymous>" "stats::integrate" 2#361 "FUN" "vapply" 2#351 "shared_palloc" 2#734 ".outcome_likelihood" 2#858 "compute_loglik" 1#2 "__profvis_execute__" "profvis" 
:7423098:19176942:331707488:2416:"<GC>" "is.na" 7#107 "profvis" 
:7423098:19176942:331707488:0:"<GC>" "is.na" 7#107 "profvis" 
:7423098:19176942:331707488:0:"<GC>" "is.na" 7#107 "profvis" 
:7423098:19176942:331707488:0:"<GC>" "is.na" 7#107 "profvis" 
:7423098:19176942:331707488:0:"<GC>" "is.na" 7#107 "profvis" 
:7033173:19133849:213473456:3712:7#115 ".pool_density_fast_value" 5#325 "FUN" "vapply" 5#323 "fast" 2#312 "fX" 2#361 "f" "<Anonymous>" "stats::integrate" 2#361 "FUN" "vapply" 2#351 "shared_palloc" 2#734 ".outcome_likelihood" 2#858 "compute_loglik" 1#2 "__profvis_execute__" "profvis" 
:7099957:19140889:233684864:5823:"is.na" 7#156 "profvis" 
:7166053:19147832:253654744:5773:7#185 ".pool_survival_fast_value" 5#347 "FUN" "vapply" 5#346 "fast" 2#323 "SC" 2#344 "FC" 2#729 ".outcome_likelihood" 2#858 "compute_loglik" 1#2 "__profvis_execute__" "profvis" 
:7230016:19155553:273027272:5580:5#325 ".pool_density_fast_value" 5#325 "FUN" "vapply" 5#323 "fast" 2#312 "fX" 2#361 "f" "<Anonymous>" "stats::integrate" 2#361 "FUN" "vapply" 2#351 "shared_palloc" 2#734 ".outcome_likelihood" 2#858 "compute_loglik" 1#2 "__profvis_execute__" "profvis" 
:7293751:19161931:292310256:5560:7#39 ".acc_survival" 7#178 ".pool_survival_fast_value" 5#347 "FUN" "vapply" 5#346 "fast" 2#323 "SX" 2#338 "FX" 2#732 ".outcome_likelihood" 2#858 "compute_loglik" 1#2 "__profvis_execute__" "profvis" 
:7353759:19168551:310474192:5235:"%||%" "getOption" 6#4 ".integrate_abs_tol" 2#361 "FUN" "vapply" 2#351 "shared_palloc" 2#734 ".outcome_likelihood" 2#858 "compute_loglik" 1#2 "__profvis_execute__" "profvis" 
:7408957:19174974:327218360:4816:"character" 7#91 ".pool_active_members" 7#161 ".pool_survival_fast_value" 5#347 "FUN" "vapply" 5#346 "fast" 2#323 "SY" 2#341 "FY" 2#361 "f" "<Anonymous>" "stats::integrate" 2#361 "FUN" "vapply" 2#351 "shared_palloc" 2#734 ".outcome_likelihood" 2#858 "compute_loglik" 1#2 "__profvis_execute__" "profvis" 
:7423872:19176650:331707488:1300:"<GC>" 7#93 ".pool_active_members" 7#112 ".pool_density_fast_value" 5#325 "FUN" "vapply" 5#323 "fast" 2#312 "fX" 2#361 "f" "<Anonymous>" "stats::integrate" 2#361 "FUN" "vapply" 2#351 "shared_palloc" 2#734 ".outcome_likelihood" 2#858 "compute_loglik" 1#2 "__profvis_execute__" "profvis" 
:7423872:19176650:331707488:0:"<GC>" 7#93 ".pool_active_members" 7#112 ".pool_density_fast_value" 5#325 "FUN" "vapply" 5#323 "fast" 2#312 "fX" 2#361 "f" "<Anonymous>" "stats::integrate" 2#361 "FUN" "vapply" 2#351 "shared_palloc" 2#734 ".outcome_likelihood" 2#858 "compute_loglik" 1#2 "__profvis_execute__" "profvis" 
:7423872:19176650:331707488:0:"<GC>" 7#93 ".pool_active_members" 7#112 ".pool_density_fast_value" 5#325 "FUN" "vapply" 5#323 "fast" 2#312 "fX" 2#361 "f" "<Anonymous>" "stats::integrate" 2#361 "FUN" "vapply" 2#351 "shared_palloc" 2#734 ".outcome_likelihood" 2#858 "compute_loglik" 1#2 "__profvis_execute__" "profvis" 
:7423872:19176650:331707488:0:"<GC>" 7#93 ".pool_active_members" 7#112 ".pool_density_fast_value" 5#325 "FUN" "vapply" 5#323 "fast" 2#312 "fX" 2#361 "f" "<Anonymous>" "stats::integrate" 2#361 "FUN" "vapply" 2#351 "shared_palloc" 2#734 ".outcome_likelihood" 2#858 "compute_loglik" 1#2 "__profvis_execute__" "profvis" 
:7423872:19176650:331707488:0:"<GC>" 7#93 ".pool_active_members" 7#112 ".pool_density_fast_value" 5#325 "FUN" "vapply" 5#323 "fast" 2#312 "fX" 2#361 "f" "<Anonymous>" "stats::integrate" 2#361 "FUN" "vapply" 2#351 "shared_palloc" 2#734 ".outcome_likelihood" 2#858 "compute_loglik" 1#2 "__profvis_execute__" "profvis" 
:7044899:19135770:216781432:4667:"paste" 2#353 "FUN" "vapply" 2#351 "shared_palloc" 2#734 ".outcome_likelihood" 2#858 "compute_loglik" 1#2 "__profvis_execute__" "profvis" 
:7111425:19143262:236908336:5803:5#324 "FUN" "vapply" 5#323 "fast" 2#312 "fX" 2#361 "f" "<Anonymous>" "stats::integrate" 2#361 "FUN" "vapply" 2#351 "shared_palloc" 2#734 ".outcome_likelihood" 2#858 "compute_loglik" 1#2 "__profvis_execute__" "profvis" 
:7177004:19150176:256785088:5723:7#91 ".pool_active_members" 7#161 ".pool_survival_fast_value" 5#347 "FUN" "vapply" 5#346 "fast" 2#323 "SY" 2#341 "FY" 2#361 "f" "<Anonymous>" "stats::integrate" 2#361 "FUN" "vapply" 2#351 "shared_palloc" 2#734 ".outcome_likelihood" 2#858 "compute_loglik" 1#2 "__profvis_execute__" "profvis" 
:7240647:19157048:276047576:5547:7#47 ".acc_survival" 7#178 ".pool_survival_fast_value" 5#347 "FUN" "vapply" 5#346 "fast" 2#323 "SY" 2#341 "FY" 2#361 "f" "<Anonymous>" "stats::integrate" 2#361 "FUN" "vapply" 2#351 "shared_palloc" 2#734 ".outcome_likelihood" 2#858 "compute_loglik" 1#2 "__profvis_execute__" "profvis" 
:7303254:19163794:294984760:5468:7#175 ".pool_survival_fast_value" 5#347 "FUN" "vapply" 5#346 "fast" 2#323 "SY" 2#341 "FY" 2#361 "f" "<Anonymous>" "stats::integrate" 2#361 "FUN" "vapply" 2#351 "shared_palloc" 2#734 ".outcome_likelihood" 2#858 "compute_loglik" 1#2 "__profvis_execute__" "profvis" 
:7362026:19169996:312725896:5124:"match.fun" "vapply" 5#323 "fast" 2#312 "fX" 2#361 "f" "<Anonymous>" "stats::integrate" 2#361 "FUN" "vapply" 2#351 "shared_palloc" 2#734 ".outcome_likelihood" 2#858 "compute_loglik" 1#2 "__profvis_execute__" "profvis" 
:7419117:19176072:330036616:4976:7#161 ".pool_survival_fast_value" 5#347 "FUN" "vapply" 5#346 "fast" 2#323 "SY" 2#341 "FY" 2#361 "f" "<Anonymous>" "stats::integrate" 2#361 "FUN" "vapply" 2#351 "shared_palloc" 2#734 ".outcome_likelihood" 2#858 "compute_loglik" 1#2 "__profvis_execute__" "profvis" 
:7424592:19176763:331707488:477:"<GC>" 9#32 "reg[["d"]]" 7#14 ".acc_density" 7#122 ".pool_density_fast_value" 5#325 "FUN" "vapply" 5#323 "fast" 2#312 "fX" 2#361 "f" "<Anonymous>" "stats::integrate" 2#361 "FUN" "vapply" 2#351 "shared_palloc" 2#734 ".outcome_likelihood" 2#858 "compute_loglik" 1#2 "__profvis_execute__" "profvis" 
:7424592:19176763:331707488:0:"<GC>" 9#32 "reg[["d"]]" 7#14 ".acc_density" 7#122 ".pool_density_fast_value" 5#325 "FUN" "vapply" 5#323 "fast" 2#312 "fX" 2#361 "f" "<Anonymous>" "stats::integrate" 2#361 "FUN" "vapply" 2#351 "shared_palloc" 2#734 ".outcome_likelihood" 2#858 "compute_loglik" 1#2 "__profvis_execute__" "profvis" 
:7424592:19176763:331707488:0:"<GC>" 9#32 "reg[["d"]]" 7#14 ".acc_density" 7#122 ".pool_density_fast_value" 5#325 "FUN" "vapply" 5#323 "fast" 2#312 "fX" 2#361 "f" "<Anonymous>" "stats::integrate" 2#361 "FUN" "vapply" 2#351 "shared_palloc" 2#734 ".outcome_likelihood" 2#858 "compute_loglik" 1#2 "__profvis_execute__" "profvis" 
:7424592:19176763:331707488:0:"<GC>" 9#32 "reg[["d"]]" 7#14 ".acc_density" 7#122 ".pool_density_fast_value" 5#325 "FUN" "vapply" 5#323 "fast" 2#312 "fX" 2#361 "f" "<Anonymous>" "stats::integrate" 2#361 "FUN" "vapply" 2#351 "shared_palloc" 2#734 ".outcome_likelihood" 2#858 "compute_loglik" 1#2 "__profvis_execute__" "profvis" 
:7424592:19176763:331707488:0:"<GC>" 9#32 "reg[["d"]]" 7#14 ".acc_density" 7#122 ".pool_density_fast_value" 5#325 "FUN" "vapply" 5#323 "fast" 2#312 "fX" 2#361 "f" "<Anonymous>" "stats::integrate" 2#361 "FUN" "vapply" 2#351 "shared_palloc" 2#734 ".outcome_likelihood" 2#858 "compute_loglik" 1#2 "__profvis_execute__" "profvis" 
:7041240:19136556:215459776:4278:7#121 ".pool_density_fast_value" 5#325 "FUN" "vapply" 5#323 "fast" 2#312 "fX" 2#361 "f" "<Anonymous>" "stats::integrate" 2#361 "FUN" "vapply" 2#351 "shared_palloc" 2#734 ".outcome_likelihood" 2#858 "compute_loglik" 1#2 "__profvis_execute__" "profvis" 
:7107634:19143512:235518864:5801:2#835 "compute_loglik" 1#2 "__profvis_execute__" "profvis" 
:7172626:19150413:255211320:5663:"stopifnot" 8#6 "pool_coeffs" 7#187 ".pool_survival_fast_value" 5#347 "FUN" "vapply" 5#346 "fast" 2#323 "SX" 2#338 "FX" 2#356 "FUN" "vapply" 2#351 "shared_palloc" 2#734 ".outcome_likelihood" 2#858 "compute_loglik" 1#2 "__profvis_execute__" "profvis" 
:7236018:19157772:274369816:5537:6#89 ".prep_runtime_get" 6#95 ".prep_expr_compiled" 5#92 ".expr_lookup_compiled" 2#294 "fetch_node" 2#296 ".shared_gate_fast_context" 2#610 ".outcome_likelihood" 2#858 "compute_loglik" 1#2 "__profvis_execute__" "profvis" 
:7298981:19164573:293462344:5489:"...elt" "profvis" 
:7358440:19171193:311463320:5185:6#1 "%||%" 7#164 ".pool_survival_fast_value" 5#347 "FUN" "vapply" 5#346 "fast" 2#323 "SY" 2#341 "FY" 2#361 "f" "<Anonymous>" "stats::integrate" 2#361 "FUN" "vapply" 2#351 "shared_palloc" 2#734 ".outcome_likelihood" 2#858 "compute_loglik" 1#2 "__profvis_execute__" "profvis" 
:7414362:19177206:328387416:4878:7#187 ".pool_survival_fast_value" 5#347 "FUN" "vapply" 5#346 "fast" 2#323 "SY" 2#341 "FY" 2#361 "f" "<Anonymous>" "stats::integrate" 2#361 "FUN" "vapply" 2#351 "shared_palloc" 2#734 ".outcome_likelihood" 2#858 "compute_loglik" 1#2 "__profvis_execute__" "profvis" 
:7425313:19178630:331707488:953:"<GC>" 7#5 ".acc_density" 7#122 ".pool_density_fast_value" 5#325 "FUN" "vapply" 5#323 "fast" 2#312 "fX" 2#361 "f" "<Anonymous>" "stats::integrate" 2#361 "FUN" "vapply" 2#351 "shared_palloc" 2#734 ".outcome_likelihood" 2#858 "compute_loglik" 1#2 "__profvis_execute__" "profvis" 
:7425313:19178630:331707488:0:"<GC>" 7#5 ".acc_density" 7#122 ".pool_density_fast_value" 5#325 "FUN" "vapply" 5#323 "fast" 2#312 "fX" 2#361 "f" "<Anonymous>" "stats::integrate" 2#361 "FUN" "vapply" 2#351 "shared_palloc" 2#734 ".outcome_likelihood" 2#858 "compute_loglik" 1#2 "__profvis_execute__" "profvis" 
:7425313:19178630:331707488:0:"<GC>" 7#5 ".acc_density" 7#122 ".pool_density_fast_value" 5#325 "FUN" "vapply" 5#323 "fast" 2#312 "fX" 2#361 "f" "<Anonymous>" "stats::integrate" 2#361 "FUN" "vapply" 2#351 "shared_palloc" 2#734 ".outcome_likelihood" 2#858 "compute_loglik" 1#2 "__profvis_execute__" "profvis" 
:7425313:19178630:331707488:0:"<GC>" 7#5 ".acc_density" 7#122 ".pool_density_fast_value" 5#325 "FUN" "vapply" 5#323 "fast" 2#312 "fX" 2#361 "f" "<Anonymous>" "stats::integrate" 2#361 "FUN" "vapply" 2#351 "shared_palloc" 2#734 ".outcome_likelihood" 2#858 "compute_loglik" 1#2 "__profvis_execute__" "profvis" 
:7425313:19178630:331707488:0:"<GC>" 7#5 ".acc_density" 7#122 ".pool_density_fast_value" 5#325 "FUN" "vapply" 5#323 "fast" 2#312 "fX" 2#361 "f" "<Anonymous>" "stats::integrate" 2#361 "FUN" "vapply" 2#351 "shared_palloc" 2#734 ".outcome_likelihood" 2#858 "compute_loglik" 1#2 "__profvis_execute__" "profvis" 
:7042377:19137148:215601904:4310:7#166 ".pool_survival_fast_value" 5#347 "FUN" "vapply" 5#346 "fast" 2#323 "SY" 2#341 "FY" 2#361 "f" "<Anonymous>" "stats::integrate" 2#361 "FUN" "vapply" 2#351 "shared_palloc" 2#734 ".outcome_likelihood" 2#858 "compute_loglik" 1#2 "__profvis_execute__" "profvis" 
:7104278:19143894:234339504:5402:7#187 ".pool_survival_fast_value" 5#347 "FUN" "vapply" 5#346 "fast" 2#323 "SY" 2#341 "FY" 2#361 "f" "<Anonymous>" "stats::integrate" 2#361 "FUN" "vapply" 2#351 "shared_palloc" 2#734 ".outcome_likelihood" 2#858 "compute_loglik" 1#2 "__profvis_execute__" "profvis" 
:7163773:19150104:252308448:5185:7#92 ".pool_active_members" 7#161 ".pool_survival_fast_value" 5#347 "FUN" "vapply" 5#346 "fast" 2#323 "SX" 2#338 "FX" 2#730 ".outcome_likelihood" 2#858 "compute_loglik" 1#2 "__profvis_execute__" "profvis" 
:7225144:19156863:270888520:5350:"get" 9#51 "dist_registry" 7#8 ".acc_density" 7#122 ".pool_density_fast_value" 5#325 "FUN" "vapply" 5#323 "fast" 2#312 "fX" 2#361 "f" "<Anonymous>" "stats::integrate" 2#361 "FUN" "vapply" 2#351 "shared_palloc" 2#734 ".outcome_likelihood" 2#858 "compute_loglik" 1#2 "__profvis_execute__" "profvis" 
:7287721:19163596:289821112:5466:2#732 "SX" 2#338 "FX" 2#732 ".outcome_likelihood" 2#858 "compute_loglik" 1#2 "__profvis_execute__" "profvis" 
:7348647:19170355:308248304:5311:7#122 ".pool_density_fast_value" 5#325 "FUN" "vapply" 5#323 "fast" 2#312 "fX" 2#361 "f" "<Anonymous>" "stats::integrate" 2#361 "FUN" "vapply" 2#351 "shared_palloc" 2#734 ".outcome_likelihood" 2#858 "compute_loglik" 1#2 "__profvis_execute__" "profvis" 
:7402363:19176158:324538928:4696:8#8 "pool_coeffs" 7#187 ".pool_survival_fast_value" 5#347 "FUN" "vapply" 5#346 "fast" 2#323 "SY" 2#341 "FY" 2#361 "f" "<Anonymous>" "stats::integrate" 2#361 "FUN" "vapply" 2#351 "shared_palloc" 2#734 ".outcome_likelihood" 2#858 "compute_loglik" 1#2 "__profvis_execute__" "profvis" 
:7426049:19178735:331707488:2063:"<GC>" 5#347 "FUN" "vapply" 5#346 "fast" 2#323 "SY" 2#341 "FY" 2#361 "f" "<Anonymous>" "stats::integrate" 2#361 "FUN" "vapply" 2#351 "shared_palloc" 2#734 ".outcome_likelihood" 2#858 "compute_loglik" 1#2 "__profvis_execute__" "profvis" 
:7426049:19178735:331707488:0:"<GC>" 5#347 "FUN" "vapply" 5#346 "fast" 2#323 "SY" 2#341 "FY" 2#361 "f" "<Anonymous>" "stats::integrate" 2#361 "FUN" "vapply" 2#351 "shared_palloc" 2#734 ".outcome_likelihood" 2#858 "compute_loglik" 1#2 "__profvis_execute__" "profvis" 
:7426049:19178735:331707488:0:"<GC>" 5#347 "FUN" "vapply" 5#346 "fast" 2#323 "SY" 2#341 "FY" 2#361 "f" "<Anonymous>" "stats::integrate" 2#361 "FUN" "vapply" 2#351 "shared_palloc" 2#734 ".outcome_likelihood" 2#858 "compute_loglik" 1#2 "__profvis_execute__" "profvis" 
:7426049:19178735:331707488:0:"<GC>" 5#347 "FUN" "vapply" 5#346 "fast" 2#323 "SY" 2#341 "FY" 2#361 "f" "<Anonymous>" "stats::integrate" 2#361 "FUN" "vapply" 2#351 "shared_palloc" 2#734 ".outcome_likelihood" 2#858 "compute_loglik" 1#2 "__profvis_execute__" "profvis" 
:7426049:19178735:331707488:0:"<GC>" 5#347 "FUN" "vapply" 5#346 "fast" 2#323 "SY" 2#341 "FY" 2#361 "f" "<Anonymous>" "stats::integrate" 2#361 "FUN" "vapply" 2#351 "shared_palloc" 2#734 ".outcome_likelihood" 2#858 "compute_loglik" 1#2 "__profvis_execute__" "profvis" 
:7031934:19136686:212239832:3320:9#48 "dist_registry" 7#39 ".acc_survival" 7#178 ".pool_survival_fast_value" 5#347 "FUN" "vapply" 5#346 "fast" 2#323 "SY" 2#341 "FY" 2#361 "f" "<Anonymous>" "stats::integrate" 2#361 "FUN" "vapply" 2#351 "shared_palloc" 2#734 ".outcome_likelihood" 2#858 "compute_loglik" 1#2 "__profvis_execute__" "profvis" 
:7095343:19143503:231406560:5528:2#325 "SX" 2#338 "FX" 2#356 "FUN" "vapply" 2#351 "shared_palloc" 2#734 ".outcome_likelihood" 2#858 "compute_loglik" 1#2 "__profvis_execute__" "profvis" 
:7162209:19150982:251636616:5842:"doTryCatch" "tryCatchOne" "tryCatchList" "tryCatch" ".set_ops_need_as_vector" "setdiff" 2#232 ".detect_shared_gate" 2#578 ".outcome_likelihood" 2#858 "compute_loglik" 1#2 "__profvis_execute__" "profvis" 
:7225529:19158368:270828152:5520:"numeric" 7#173 ".pool_survival_fast_value" 5#347 "FUN" "vapply" 5#346 "fast" 2#323 "SY" 2#341 "FY" 2#361 "f" "<Anonymous>" "stats::integrate" 2#361 "FUN" "vapply" 2#351 "shared_palloc" 2#734 ".outcome_likelihood" 2#858 "compute_loglik" 1#2 "__profvis_execute__" "profvis" 
:7289317:19165240:290128384:5562:"is.na" 7#156 "profvis" 
:7350225:19171944:308566832:5307:"dist_registry" 7#8 ".acc_density" 7#122 ".pool_density_fast_value" 5#325 "FUN" "vapply" 5#323 "fast" 2#312 "fX" 2#361 "f" "<Anonymous>" "stats::integrate" 2#361 "FUN" "vapply" 2#351 "shared_palloc" 2#734 ".outcome_likelihood" 2#858 "compute_loglik" 1#2 "__profvis_execute__" "profvis" 
:7404606:19177873:325024392:4744:7#175 ".pool_survival_fast_value" 5#347 "FUN" "vapply" 5#346 "fast" 2#323 "SY" 2#341 "FY" 2#361 "f" "<Anonymous>" "stats::integrate" 2#361 "FUN" "vapply" 2#351 "shared_palloc" 2#734 ".outcome_likelihood" 2#858 "compute_loglik" 1#2 "__profvis_execute__" "profvis" 
:7426833:19179914:331707488:1944:"<GC>" 5#346 "fast" 2#323 "SC" 2#344 "FC" 2#729 ".outcome_likelihood" 2#858 "compute_loglik" 1#2 "__profvis_execute__" "profvis" 
:7426833:19179914:331707488:0:"<GC>" 5#346 "fast" 2#323 "SC" 2#344 "FC" 2#729 ".outcome_likelihood" 2#858 "compute_loglik" 1#2 "__profvis_execute__" "profvis" 
:7426833:19179914:331707488:0:"<GC>" 5#346 "fast" 2#323 "SC" 2#344 "FC" 2#729 ".outcome_likelihood" 2#858 "compute_loglik" 1#2 "__profvis_execute__" "profvis" 
:7426833:19179914:331707488:0:"<GC>" 5#346 "fast" 2#323 "SC" 2#344 "FC" 2#729 ".outcome_likelihood" 2#858 "compute_loglik" 1#2 "__profvis_execute__" "profvis" 
:7426833:19179914:331707488:0:"<GC>" 5#346 "fast" 2#323 "SC" 2#344 "FC" 2#729 ".outcome_likelihood" 2#858 "compute_loglik" 1#2 "__profvis_execute__" "profvis" 
:7040988:19138235:214793152:4034:7#45 "plnorm" 9#33 "reg[["p"]]" 7#45 ".acc_survival" 7#178 ".pool_survival_fast_value" 5#347 "FUN" "vapply" 5#346 "fast" 2#323 "SY" 2#341 "FY" 2#361 "f" "<Anonymous>" "stats::integrate" 2#361 "FUN" "vapply" 2#351 "shared_palloc" 2#734 ".outcome_likelihood" 2#858 "compute_loglik" 1#2 "__profvis_execute__" "profvis" 
:7107284:19145178:234820544:5791:"vapply" 5#346 "fast" 2#323 "SY" 2#732 ".outcome_likelihood" 2#858 "compute_loglik" 1#2 "__profvis_execute__" "profvis" 
:7171077:19152050:254122400:5563:"stopifnot" 8#6 "pool_coeffs" 7#187 ".pool_survival_fast_value" 5#347 "FUN" "vapply" 5#346 "fast" 2#323 "SY" 2#729 ".outcome_likelihood" 2#858 "compute_loglik" 1#2 "__profvis_execute__" "profvis" 
#File 10: R/likelihood_cache.R
:7234477:19158893:273279664:5532:"paste0" 10#80 ".eval_state_set_extra" 2#377 "FUN" "vapply" 2#351 "shared_palloc" 2#734 ".outcome_likelihood" 2#858 "compute_loglik" 1#2 "__profvis_execute__" "profvis" 
:7297507:19165723:292407416:5497:"stopifnot" 8#6 "pool_coeffs" 7#187 ".pool_survival_fast_value" 5#347 "FUN" "vapply" 5#346 "fast" 2#323 "SY" 2#341 "FY" 2#361 "f" "<Anonymous>" "stats::integrate" 2#361 "FUN" "vapply" 2#351 "shared_palloc" 2#734 ".outcome_likelihood" 2#858 "compute_loglik" 1#2 "__profvis_execute__" "profvis" 
:7357114:19172343:310452352:5198:"plnorm" 9#33 "reg[["p"]]" 7#45 ".acc_survival" 7#178 ".pool_survival_fast_value" 5#347 "FUN" "vapply" 5#346 "fast" 2#323 "SY" 2#341 "FY" 2#361 "f" "<Anonymous>" "stats::integrate" 2#361 "FUN" "vapply" 2#351 "shared_palloc" 2#734 ".outcome_likelihood" 2#858 "compute_loglik" 1#2 "__profvis_execute__" "profvis" 
:7409179:19178104:326207616:4548:".pool_survival_fast_value" 5#347 "FUN" "vapply" 5#346 "fast" 2#323 "SY" 2#341 "FY" 2#361 "f" "<Anonymous>" "stats::integrate" 2#361 "FUN" "vapply" 2#351 "shared_palloc" 2#734 ".outcome_likelihood" 2#858 "compute_loglik" 1#2 "__profvis_execute__" "profvis" 
:7427374:19179948:331707488:1585:"<GC>" 7#39 ".acc_survival" 7#178 ".pool_survival_fast_value" 5#347 "FUN" "vapply" 5#346 "fast" 2#323 "SY" 2#341 "FY" 2#361 "f" "<Anonymous>" "stats::integrate" 2#361 "FUN" "vapply" 2#351 "shared_palloc" 2#734 ".outcome_likelihood" 2#858 "compute_loglik" 1#2 "__profvis_execute__" "profvis" 
:7427374:19179948:331707488:0:"<GC>" 7#39 ".acc_survival" 7#178 ".pool_survival_fast_value" 5#347 "FUN" "vapply" 5#346 "fast" 2#323 "SY" 2#341 "FY" 2#361 "f" "<Anonymous>" "stats::integrate" 2#361 "FUN" "vapply" 2#351 "shared_palloc" 2#734 ".outcome_likelihood" 2#858 "compute_loglik" 1#2 "__profvis_execute__" "profvis" 
:7427374:19179948:331707488:0:"<GC>" 7#39 ".acc_survival" 7#178 ".pool_survival_fast_value" 5#347 "FUN" "vapply" 5#346 "fast" 2#323 "SY" 2#341 "FY" 2#361 "f" "<Anonymous>" "stats::integrate" 2#361 "FUN" "vapply" 2#351 "shared_palloc" 2#734 ".outcome_likelihood" 2#858 "compute_loglik" 1#2 "__profvis_execute__" "profvis" 
:7427374:19179948:331707488:0:"<GC>" 7#39 ".acc_survival" 7#178 ".pool_survival_fast_value" 5#347 "FUN" "vapply" 5#346 "fast" 2#323 "SY" 2#341 "FY" 2#361 "f" "<Anonymous>" "stats::integrate" 2#361 "FUN" "vapply" 2#351 "shared_palloc" 2#734 ".outcome_likelihood" 2#858 "compute_loglik" 1#2 "__profvis_execute__" "profvis" 
:7427374:19179948:331707488:0:"<GC>" 7#39 ".acc_survival" 7#178 ".pool_survival_fast_value" 5#347 "FUN" "vapply" 5#346 "fast" 2#323 "SY" 2#341 "FY" 2#361 "f" "<Anonymous>" "stats::integrate" 2#361 "FUN" "vapply" 2#351 "shared_palloc" 2#734 ".outcome_likelihood" 2#858 "compute_loglik" 1#2 "__profvis_execute__" "profvis" 
:7039534:19138188:214087048:3845:9#48 "dist_registry" 7#39 ".acc_survival" 7#178 ".pool_survival_fast_value" 5#347 "FUN" "vapply" 5#346 "fast" 2#323 "SY" 2#732 ".outcome_likelihood" 2#858 "compute_loglik" 1#2 "__profvis_execute__" "profvis" 
:7106137:19145680:234233272:5810:5#324 "FUN" "vapply" 5#323 "fast" 2#312 "fX" 2#361 "f" "<Anonymous>" "stats::integrate" 2#361 "FUN" "vapply" 2#351 "shared_palloc" 2#734 ".outcome_likelihood" 2#858 "compute_loglik" 1#2 "__profvis_execute__" "profvis" 
:7171490:19152594:254041816:5699:7#165 ".pool_survival_fast_value" 5#347 "FUN" "vapply" 5#346 "fast" 2#323 "SY" 2#341 "FY" 2#361 "f" "<Anonymous>" "stats::integrate" 2#361 "FUN" "vapply" 2#351 "shared_palloc" 2#734 ".outcome_likelihood" 2#858 "compute_loglik" 1#2 "__profvis_execute__" "profvis" 
:7234149:19160043:272995856:5477:"vapply" 5#346 "fast" 2#323 "SY" 2#341 "FY" 2#361 "f" "<Anonymous>" "stats::integrate" 2#361 "FUN" "vapply" 2#351 "shared_palloc" 2#734 ".outcome_likelihood" 2#858 "compute_loglik" 1#2 "__profvis_execute__" "profvis" 
:7298183:19166915:292371520:5584:"c" 8#9 "profvis" 
:7359144:19173222:310761808:5314:"vapply" 5#346 "fast" 2#323 "SY" 2#341 "FY" 2#735 ".outcome_likelihood" 2#858 "compute_loglik" 1#2 "__profvis_execute__" "profvis" 
:7415112:19179235:327690944:4882:"vapply" 5#323 "fast" 2#312 "fC" 2#735 ".outcome_likelihood" 2#858 "compute_loglik" 1#2 "__profvis_execute__" "profvis" 
:7428215:19181224:331707488:1139:"<GC>" 9#32 "reg[["d"]]" 7#14 ".acc_density" 7#122 ".pool_density_fast_value" 5#325 "FUN" "vapply" 5#323 "fast" 2#312 "fX" 2#361 "f" "<Anonymous>" "stats::integrate" 2#361 "FUN" "vapply" 2#351 "shared_palloc" 2#734 ".outcome_likelihood" 2#858 "compute_loglik" 1#2 "__profvis_execute__" "profvis" 
:7428215:19181224:331707488:0:"<GC>" 9#32 "reg[["d"]]" 7#14 ".acc_density" 7#122 ".pool_density_fast_value" 5#325 "FUN" "vapply" 5#323 "fast" 2#312 "fX" 2#361 "f" "<Anonymous>" "stats::integrate" 2#361 "FUN" "vapply" 2#351 "shared_palloc" 2#734 ".outcome_likelihood" 2#858 "compute_loglik" 1#2 "__profvis_execute__" "profvis" 
:7428215:19181224:331707488:0:"<GC>" 9#32 "reg[["d"]]" 7#14 ".acc_density" 7#122 ".pool_density_fast_value" 5#325 "FUN" "vapply" 5#323 "fast" 2#312 "fX" 2#361 "f" "<Anonymous>" "stats::integrate" 2#361 "FUN" "vapply" 2#351 "shared_palloc" 2#734 ".outcome_likelihood" 2#858 "compute_loglik" 1#2 "__profvis_execute__" "profvis" 
:7428215:19181224:331707488:0:"<GC>" 9#32 "reg[["d"]]" 7#14 ".acc_density" 7#122 ".pool_density_fast_value" 5#325 "FUN" "vapply" 5#323 "fast" 2#312 "fX" 2#361 "f" "<Anonymous>" "stats::integrate" 2#361 "FUN" "vapply" 2#351 "shared_palloc" 2#734 ".outcome_likelihood" 2#858 "compute_loglik" 1#2 "__profvis_execute__" "profvis" 
:7428215:19181224:331707488:0:"<GC>" 9#32 "reg[["d"]]" 7#14 ".acc_density" 7#122 ".pool_density_fast_value" 5#325 "FUN" "vapply" 5#323 "fast" 2#312 "fX" 2#361 "f" "<Anonymous>" "stats::integrate" 2#361 "FUN" "vapply" 2#351 "shared_palloc" 2#734 ".outcome_likelihood" 2#858 "compute_loglik" 1#2 "__profvis_execute__" "profvis" 
:7049524:19140391:216939016:4642:7#93 ".pool_active_members" 7#161 ".pool_survival_fast_value" 5#347 "FUN" "vapply" 5#346 "fast" 2#323 "SY" 2#341 "FY" 2#361 "f" "<Anonymous>" "stats::integrate" 2#361 "FUN" "vapply" 2#351 "shared_palloc" 2#734 ".outcome_likelihood" 2#858 "compute_loglik" 1#2 "__profvis_execute__" "profvis" 
:7116050:19147334:237039432:5810:"sprintf" 10#24 "FUN" "vapply" 10#17 ".eval_state_time_key" 2#353 "FUN" "vapply" 2#351 "shared_palloc" 2#734 ".outcome_likelihood" 2#858 "compute_loglik" 1#2 "__profvis_execute__" "profvis" 
:7182098:19154742:257053664:5765:7#159 ".pool_survival_fast_value" 5#347 "FUN" "vapply" 5#346 "fast" 2#323 "SY" 2#341 "FY" 2#361 "f" "<Anonymous>" "stats::integrate" 2#361 "FUN" "vapply" 2#351 "shared_palloc" 2#734 ".outcome_likelihood" 2#858 "compute_loglik" 1#2 "__profvis_execute__" "profvis" 
:7246024:19161614:276397072:5574:7#92 ".pool_active_members" 7#161 ".pool_survival_fast_value" 5#347 "FUN" "vapply" 5#346 "fast" 2#323 "SY" 2#341 "FY" 2#361 "f" "<Anonymous>" "stats::integrate" 2#361 "FUN" "vapply" 2#351 "shared_palloc" 2#734 ".outcome_likelihood" 2#858 "compute_loglik" 1#2 "__profvis_execute__" "profvis" 
:7308747:19168444:295352680:5467:9#51 "dist_registry" 7#8 ".acc_density" 7#122 ".pool_density_fast_value" 5#325 "FUN" "vapply" 5#323 "fast" 2#312 "fX" 2#361 "f" "<Anonymous>" "stats::integrate" 2#361 "FUN" "vapply" 2#351 "shared_palloc" 2#734 ".outcome_likelihood" 2#858 "compute_loglik" 1#2 "__profvis_execute__" "profvis" 
:7367442:19174570:313105520:5126:".shared_gate_fast_context" 2#610 ".outcome_likelihood" 2#858 "compute_loglik" 1#2 "__profvis_execute__" "profvis" 
:7423942:19181432:330254400:4924:9#48 "dist_registry" 7#8 ".acc_density" 7#122 ".pool_density_fast_value" 5#325 "FUN" "vapply" 5#323 "fast" 2#312 "fX" 2#361 "f" "<Anonymous>" "stats::integrate" 2#361 "FUN" "vapply" 2#351 "shared_palloc" 2#734 ".outcome_likelihood" 2#858 "compute_loglik" 1#2 "__profvis_execute__" "profvis" 
:7428695:19182081:331707488:420:"<GC>" 7#45 ".acc_survival" 7#178 ".pool_survival_fast_value" 5#347 "FUN" "vapply" 5#346 "fast" 2#323 "SY" 2#341 "FY" 2#361 "f" "<Anonymous>" "stats::integrate" 2#361 "FUN" "vapply" 2#351 "shared_palloc" 2#734 ".outcome_likelihood" 2#858 "compute_loglik" 1#2 "__profvis_execute__" "profvis" 
:7428695:19182081:331707488:0:"<GC>" 7#45 ".acc_survival" 7#178 ".pool_survival_fast_value" 5#347 "FUN" "vapply" 5#346 "fast" 2#323 "SY" 2#341 "FY" 2#361 "f" "<Anonymous>" "stats::integrate" 2#361 "FUN" "vapply" 2#351 "shared_palloc" 2#734 ".outcome_likelihood" 2#858 "compute_loglik" 1#2 "__profvis_execute__" "profvis" 
:7428695:19182081:331707488:0:"<GC>" 7#45 ".acc_survival" 7#178 ".pool_survival_fast_value" 5#347 "FUN" "vapply" 5#346 "fast" 2#323 "SY" 2#341 "FY" 2#361 "f" "<Anonymous>" "stats::integrate" 2#361 "FUN" "vapply" 2#351 "shared_palloc" 2#734 ".outcome_likelihood" 2#858 "compute_loglik" 1#2 "__profvis_execute__" "profvis" 
:7428695:19182081:331707488:0:"<GC>" 7#45 ".acc_survival" 7#178 ".pool_survival_fast_value" 5#347 "FUN" "vapply" 5#346 "fast" 2#323 "SY" 2#341 "FY" 2#361 "f" "<Anonymous>" "stats::integrate" 2#361 "FUN" "vapply" 2#351 "shared_palloc" 2#734 ".outcome_likelihood" 2#858 "compute_loglik" 1#2 "__profvis_execute__" "profvis" 
:7428695:19182081:331707488:0:"<GC>" 7#45 ".acc_survival" 7#178 ".pool_survival_fast_value" 5#347 "FUN" "vapply" 5#346 "fast" 2#323 "SY" 2#341 "FY" 2#361 "f" "<Anonymous>" "stats::integrate" 2#361 "FUN" "vapply" 2#351 "shared_palloc" 2#734 ".outcome_likelihood" 2#858 "compute_loglik" 1#2 "__profvis_execute__" "profvis" 
:7060195:19142338:219941288:5497:7#122 ".pool_density_fast_value" 5#325 "FUN" "vapply" 5#323 "fast" 2#312 "fX" 2#361 "f" "<Anonymous>" "stats::integrate" 2#361 "FUN" "vapply" 2#351 "shared_palloc" 2#734 ".outcome_likelihood" 2#858 "compute_loglik" 1#2 "__profvis_execute__" "profvis" 
:7126701:19149323:240033304:5807:7#93 ".pool_active_members" 7#161 ".pool_survival_fast_value" 5#347 "FUN" "vapply" 5#346 "fast" 2#323 "SX" 2#338 "FX" 2#730 ".outcome_likelihood" 2#858 "compute_loglik" 1#2 "__profvis_execute__" "profvis" 
:7192521:19156731:259990416:5740:8#6 "...elt" "profvis" 
:7256648:19163603:279390496:5595:7#91 ".pool_active_members" 7#161 ".pool_survival_fast_value" 5#347 "FUN" "vapply" 5#346 "fast" 2#323 "SY" 2#341 "FY" 2#361 "f" "<Anonymous>" "stats::integrate" 2#361 "FUN" "vapply" 2#351 "shared_palloc" 2#734 ".outcome_likelihood" 2#858 "compute_loglik" 1#2 "__profvis_execute__" "profvis" 
:7316351:19169826:297432968:5208:7#92 ".pool_active_members" 7#112 ".pool_density_fast_value" 5#325 "FUN" "vapply" 5#323 "fast" 2#312 "fX" 2#361 "f" "<Anonymous>" "stats::integrate" 2#361 "FUN" "vapply" 2#351 "shared_palloc" 2#734 ".outcome_likelihood" 2#858 "compute_loglik" 1#2 "__profvis_execute__" "profvis" 
:7374151:19175881:314925072:5052:"all" "profvis" 
:7429644:19182333:331707488:4833:"<GC>" 5#325 "FUN" "vapply" 5#323 "fast" 2#312 "fX" 2#361 "f" "<Anonymous>" "stats::integrate" 2#361 "FUN" "vapply" 2#351 "shared_palloc" 2#734 ".outcome_likelihood" 2#858 "compute_loglik" 1#2 "__profvis_execute__" "profvis" 
:7429644:19182333:331707488:0:"<GC>" 5#325 "FUN" "vapply" 5#323 "fast" 2#312 "fX" 2#361 "f" "<Anonymous>" "stats::integrate" 2#361 "FUN" "vapply" 2#351 "shared_palloc" 2#734 ".outcome_likelihood" 2#858 "compute_loglik" 1#2 "__profvis_execute__" "profvis" 
:7429644:19182333:331707488:0:"<GC>" 5#325 "FUN" "vapply" 5#323 "fast" 2#312 "fX" 2#361 "f" "<Anonymous>" "stats::integrate" 2#361 "FUN" "vapply" 2#351 "shared_palloc" 2#734 ".outcome_likelihood" 2#858 "compute_loglik" 1#2 "__profvis_execute__" "profvis" 
:7429644:19182333:331707488:0:"<GC>" 5#325 "FUN" "vapply" 5#323 "fast" 2#312 "fX" 2#361 "f" "<Anonymous>" "stats::integrate" 2#361 "FUN" "vapply" 2#351 "shared_palloc" 2#734 ".outcome_likelihood" 2#858 "compute_loglik" 1#2 "__profvis_execute__" "profvis" 
:7429644:19182333:331707488:0:"<GC>" 5#325 "FUN" "vapply" 5#323 "fast" 2#312 "fX" 2#361 "f" "<Anonymous>" "stats::integrate" 2#361 "FUN" "vapply" 2#351 "shared_palloc" 2#734 ".outcome_likelihood" 2#858 "compute_loglik" 1#2 "__profvis_execute__" "profvis" 
:7001488:19136220:201988024:310:7#45 "plnorm" 9#33 "reg[["p"]]" 7#45 ".acc_survival" 7#178 ".pool_survival_fast_value" 5#347 "FUN" "vapply" 5#346 "fast" 2#323 "SY" 2#341 "FY" 2#361 "f" "<Anonymous>" "stats::integrate" 2#361 "FUN" "vapply" 2#351 "shared_palloc" 2#734 ".outcome_likelihood" 2#858 "compute_loglik" 1#2 "__profvis_execute__" "profvis" 
:7067115:19143573:221852512:5729:5#346 "FUN" "vapply" 5#346 "fast" 2#323 "SY" 2#341 "FY" 2#361 "f" "<Anonymous>" "stats::integrate" 2#361 "FUN" "vapply" 2#351 "shared_palloc" 2#734 ".outcome_likelihood" 2#858 "compute_loglik" 1#2 "__profvis_execute__" "profvis" 
:7132946:19150926:241783976:5748:7#90 ".pool_active_members" 7#161 ".pool_survival_fast_value" 5#347 "FUN" "vapply" 5#346 "fast" 2#323 "SY" 2#341 "FY" 2#361 "f" "<Anonymous>" "stats::integrate" 2#361 "FUN" "vapply" 2#351 "shared_palloc" 2#734 ".outcome_likelihood" 2#858 "compute_loglik" 1#2 "__profvis_execute__" "profvis" 
:7197333:19158684:261217208:5610:2#361 "[[" 2#361 "FUN" "vapply" 2#351 "shared_palloc" 2#734 ".outcome_likelihood" 2#858 "compute_loglik" 1#2 "__profvis_execute__" "profvis" 
:7261432:19165556:280611016:5592:2#372 "FUN" "vapply" 2#351 "shared_palloc" 2#734 ".outcome_likelihood" 2#858 "compute_loglik" 1#2 "__profvis_execute__" "profvis" 
:7323548:19172344:299438328:5416:7#8 ".acc_density" 7#122 ".pool_density_fast_value" 5#325 "FUN" "vapply" 5#323 "fast" 2#312 "fX" 2#361 "f" "<Anonymous>" "stats::integrate" 2#361 "FUN" "vapply" 2#351 "shared_palloc" 2#734 ".outcome_likelihood" 2#858 "compute_loglik" 1#2 "__profvis_execute__" "profvis" 
:7380558:19178399:316710016:4976:7#47 ".acc_survival" 7#178 ".pool_survival_fast_value" 5#347 "FUN" "vapply" 5#346 "fast" 2#323 "SY" 2#341 "FY" 2#361 "f" "<Anonymous>" "stats::integrate" 2#361 "FUN" "vapply" 2#351 "shared_palloc" 2#734 ".outcome_likelihood" 2#858 "compute_loglik" 1#2 "__profvis_execute__" "profvis" 
:7430242:19183624:331707488:4335:"<GC>" 7#118 ".pool_density_fast_value" 5#325 "FUN" "vapply" 5#323 "fast" 2#312 "fX" 2#729 ".outcome_likelihood" 2#858 "compute_loglik" 1#2 "__profvis_execute__" "profvis" 
:7430242:19183624:331707488:0:"<GC>" 7#118 ".pool_density_fast_value" 5#325 "FUN" "vapply" 5#323 "fast" 2#312 "fX" 2#729 ".outcome_likelihood" 2#858 "compute_loglik" 1#2 "__profvis_execute__" "profvis" 
:7430242:19183624:331707488:0:"<GC>" 7#118 ".pool_density_fast_value" 5#325 "FUN" "vapply" 5#323 "fast" 2#312 "fX" 2#729 ".outcome_likelihood" 2#858 "compute_loglik" 1#2 "__profvis_execute__" "profvis" 
:7430242:19183624:331707488:0:"<GC>" 7#118 ".pool_density_fast_value" 5#325 "FUN" "vapply" 5#323 "fast" 2#312 "fX" 2#729 ".outcome_likelihood" 2#858 "compute_loglik" 1#2 "__profvis_execute__" "profvis" 
:7430242:19183624:331707488:0:"<GC>" 7#118 ".pool_density_fast_value" 5#325 "FUN" "vapply" 5#323 "fast" 2#312 "fX" 2#729 ".outcome_likelihood" 2#858 "compute_loglik" 1#2 "__profvis_execute__" "profvis" 
:7430242:19183624:331707488:0:"<GC>" 7#118 ".pool_density_fast_value" 5#325 "FUN" "vapply" 5#323 "fast" 2#312 "fX" 2#729 ".outcome_likelihood" 2#858 "compute_loglik" 1#2 "__profvis_execute__" "profvis" 
:7056474:19128573:219154712:5405:7#45 ".acc_survival" 7#178 ".pool_survival_fast_value" 5#347 "FUN" "vapply" 5#346 "fast" 2#323 "SY" 2#341 "FY" 2#361 "f" "<Anonymous>" "stats::integrate" 2#361 "FUN" "vapply" 2#351 "shared_palloc" 2#734 ".outcome_likelihood" 2#858 "compute_loglik" 1#2 "__profvis_execute__" "profvis" 
:7122810:19135571:239219904:5789:8#8 "pool_coeffs" 7#187 ".pool_survival_fast_value" 5#347 "FUN" "vapply" 5#346 "fast" 2#323 "SY" 2#341 "FY" 2#361 "f" "<Anonymous>" "stats::integrate" 2#361 "FUN" "vapply" 2#351 "shared_palloc" 2#734 ".outcome_likelihood" 2#858 "compute_loglik" 1#2 "__profvis_execute__" "profvis" 
:7188726:19142924:259170688:5756:7#157 ".pool_survival_fast_value" 5#347 "FUN" "vapply" 5#346 "fast" 2#323 "SY" 2#341 "FY" 2#361 "f" "<Anonymous>" "stats::integrate" 2#361 "FUN" "vapply" 2#351 "shared_palloc" 2#734 ".outcome_likelihood" 2#858 "compute_loglik" 1#2 "__profvis_execute__" "profvis" 
:7251727:19149796:278243392:5484:7#90 ".pool_active_members" 7#161 ".pool_survival_fast_value" 5#347 "FUN" "vapply" 5#346 "fast" 2#323 "SY" 2#341 "FY" 2#361 "f" "<Anonymous>" "stats::integrate" 2#361 "FUN" "vapply" 2#351 "shared_palloc" 2#734 ".outcome_likelihood" 2#858 "compute_loglik" 1#2 "__profvis_execute__" "profvis" 
:7310722:19156374:296080008:5151:"dlnorm" 9#32 "reg[["d"]]" 7#14 ".acc_density" 7#122 ".pool_density_fast_value" 5#325 "FUN" "vapply" 5#323 "fast" 2#312 "fX" 2#361 "f" "<Anonymous>" "stats::integrate" 2#361 "FUN" "vapply" 2#351 "shared_palloc" 2#734 ".outcome_likelihood" 2#858 "compute_loglik" 1#2 "__profvis_execute__" "profvis" 
:7369131:19162500:313724936:5104:".eval_state_create" 2#397 ".outcome_likelihood" 2#858 "compute_loglik" 1#2 "__profvis_execute__" "profvis" 
:7427367:19169049:331405256:5071:"stopifnot" 8#6 "pool_coeffs" 7#187 ".pool_survival_fast_value" 5#347 "FUN" "vapply" 5#346 "fast" 2#323 "SY" 2#341 "FY" 2#361 "f" "<Anonymous>" "stats::integrate" 2#361 "FUN" "vapply" 2#351 "shared_palloc" 2#734 ".outcome_likelihood" 2#858 "compute_loglik" 1#2 "__profvis_execute__" "profvis" 
:7428512:19169133:331707488:101:"<GC>" "is.finite" 7#2 "profvis" 
:7428512:19169133:331707488:0:"<GC>" "is.finite" 7#2 "profvis" 
:7428512:19169133:331707488:0:"<GC>" "is.finite" 7#2 "profvis" 
:7428512:19169133:331707488:0:"<GC>" "is.finite" 7#2 "profvis" 
:7002564:19122715:202624464:633:"plnorm" 9#33 "reg[["p"]]" 7#45 ".acc_survival" 7#178 ".pool_survival_fast_value" 5#347 "FUN" "vapply" 5#346 "fast" 2#323 "SY" 2#341 "FY" 2#361 "f" "<Anonymous>" "stats::integrate" 2#361 "FUN" "vapply" 2#351 "shared_palloc" 2#734 ".outcome_likelihood" 2#858 "compute_loglik" 1#2 "__profvis_execute__" "profvis" 
:7069515:19130152:222905200:5838:"character" 7#91 ".pool_active_members" 7#112 ".pool_density_fast_value" 5#325 "FUN" "vapply" 5#323 "fast" 2#312 "fX" 2#361 "f" "<Anonymous>" "stats::integrate" 2#361 "FUN" "vapply" 2#351 "shared_palloc" 2#734 ".outcome_likelihood" 2#858 "compute_loglik" 1#2 "__profvis_execute__" "profvis" 
:7136969:19137192:243290152:5892:7#175 ".pool_survival_fast_value" 5#347 "FUN" "vapply" 5#346 "fast" 2#323 "SY" 2#341 "FY" 2#361 "f" "<Anonymous>" "stats::integrate" 2#361 "FUN" "vapply" 2#351 "shared_palloc" 2#734 ".outcome_likelihood" 2#858 "compute_loglik" 1#2 "__profvis_execute__" "profvis" 
:7197295:19143896:261537472:5256:7#115 "%||%" 7#115 ".pool_density_fast_value" 5#325 "FUN" "vapply" 5#323 "fast" 2#312 "fX" 2#361 "f" "<Anonymous>" "stats::integrate" 2#361 "FUN" "vapply" 2#351 "shared_palloc" 2#734 ".outcome_likelihood" 2#858 "compute_loglik" 1#2 "__profvis_execute__" "profvis" 
:7262343:19150810:281233288:5675:7#92 ".pool_active_members" 7#161 ".pool_survival_fast_value" 5#347 "FUN" "vapply" 5#346 "fast" 2#323 "SY" 2#341 "FY" 2#361 "f" "<Anonymous>" "stats::integrate" 2#361 "FUN" "vapply" 2#351 "shared_palloc" 2#734 ".outcome_likelihood" 2#858 "compute_loglik" 1#2 "__profvis_execute__" "profvis" 
