memory profiling: GC profiling: line profiling: sample.interval=10000
#File 1: <expr>
:1223304:2403168:76986336:6232:"putconst" "cb$putcode" "cmpTag" "cmpBuiltinArgs" "h" "tryInline" "cmpCall" "cmp" "h" "tryInline" "cmpCall" "cmp" "genCode" "cmpfun" "compiler:::tryCmpfun" 1#2 "profvis" 
#File 2: R/likelihood_prep.R
:1314666:2438205:95853576:6442:"%in%" "findCenvVar" "getInlineInfo" "tryInline" "cmpCall" "cmp" "h" "tryInline" "cmpCall" "cmp" "h" "tryInline" "cmpCall" "cmp" "h" "tryInline" "cmpCall" "cmp" "genCode" "h" "tryInline" "cmpCall" "cmp" "cmpSymbolAssign" "h" "tryInline" "cmpCall" "cmp" "h" "tryInline" "cmpCall" "cmp" "genCode" "cmpfun" "compiler:::tryCmpfun" 2#36 "profvis" 
#File 3: R/likelihood_kernels.R
:1387811:2473025:111670888:5604:"lapply" "findLocalsList1" "findLocalsList" "funEnv" "make.functionContext" "cmpfun" "compiler:::tryCmpfun" 3#13 "profvis" 
:1237711:2401977:75726560:5674:"findCenvVar" "getInlineInfo" "isBaseVar" "mayCallBrowser" "mayCallBrowserList" "mayCallBrowser" "mayCallBrowserList" "mayCallBrowser" "mayCallBrowserList" "mayCallBrowser" "mayCallBrowserList" "mayCallBrowser" "mayCallBrowserList" "mayCallBrowser" "mayCallBrowserList" "mayCallBrowser" "mayCallBrowserList" "mayCallBrowser" "mayCallBrowserList" "mayCallBrowser" "cmpfun" "compiler:::tryCmpfun" 3#53 "profvis" 
:1283286:2425128:85673224:3453:"mayCallBrowserList" "mayCallBrowser" "h" "tryInline" "cmpCall" "cmp" "genCode" "cmpCallArgs" "cmpCallSymFun" "cmpCall" "cmp" "cmpSymbolAssign" "h" "tryInline" "cmpCall" "cmp" "h" "tryInline" "cmpCall" "cmp" "h" "tryInline" "cmpCall" "cmp" "h" "tryInline" "cmpCall" "cmp" "genCode" "cmpfun" "compiler:::tryCmpfun" 3#53 "profvis" 
:1283286:2425128:85673224:0:"mayCallBrowserList" "mayCallBrowser" "h" "tryInline" "cmpCall" "cmp" "genCode" "cmpCallArgs" "cmpCallSymFun" "cmpCall" "cmp" "cmpSymbolAssign" "h" "tryInline" "cmpCall" "cmp" "h" "tryInline" "cmpCall" "cmp" "h" "tryInline" "cmpCall" "cmp" "h" "tryInline" "cmpCall" "cmp" "genCode" "cmpfun" "compiler:::tryCmpfun" 3#53 "profvis" 
:1283286:2425128:85673224:0:"mayCallBrowserList" "mayCallBrowser" "h" "tryInline" "cmpCall" "cmp" "genCode" "cmpCallArgs" "cmpCallSymFun" "cmpCall" "cmp" "cmpSymbolAssign" "h" "tryInline" "cmpCall" "cmp" "h" "tryInline" "cmpCall" "cmp" "h" "tryInline" "cmpCall" "cmp" "h" "tryInline" "cmpCall" "cmp" "genCode" "cmpfun" "compiler:::tryCmpfun" 3#53 "profvis" 
:1340851:2458466:100409512:5044:"%in%" "findLocals1" "FUN" "lapply" "findLocalsList1" "findLocalsList" "funEnv" "make.functionContext" "h" "tryInline" "cmpCall" "cmp" "genCode" "cmpCallArgs" "cmpCallSymFun" "cmpCall" "cmp" "cmpBuiltinArgs" "h" "tryInline" "cmpCall" "cmp" "cmpSymbolAssign" "h" "tryInline" "cmpCall" "cmp" "h" "tryInline" "cmpCall" "cmp" "h" "tryInline" "cmpCall" "cmp" "h" "tryInline" "cmpCall" "cmp" "h" "tryInline" "cmpCall" "cmp" "h" "tryInline" "cmpCall" "cmp" "genCode" "cmpfun" "compiler:::tryCmpfun" 3#53 "profvis" 
:1389791:2493882:112138712:4280:"<GC>" "findCenvVar" "getInlineInfo" "tryInline" "cmpCall" "cmp" "h" "tryInline" "cmpCall" "cmp" "h" "tryInline" "cmpCall" "cmp" "h" "tryInline" "cmpCall" "cmp" "genCode" "cmpfun" "compiler:::tryCmpfun" 3#53 "profvis" 
#File 4: R/likelihood_integrate.R
:1230170:2408783:75333384:5512:"lapply" "findLocalsList1" "findLocalsList" "funEnv" "make.functionContext" "cmpfun" "compiler:::tryCmpfun" 4#129 "profvis" 
:1321555:2448805:95896864:7223:"exists" "findCenvVar" "getInlineInfo" "tryInline" "cmpCall" "cmp" "h" "tryInline" "cmpCall" "cmp" "cmpForBody" "h" "tryInline" "cmpCall" "cmp" "h" "tryInline" "cmpCall" "cmp" "h" "tryInline" "cmpCall" "cmp" "h" "tryInline" "cmpCall" "cmp" "genCode" "h" "tryInline" "cmpCall" "cmp" "h" "tryInline" "cmpCall" "cmp" "genCode" "cmpfun" "compiler:::tryCmpfun" 3#198 "profvis" 
:1395830:2483024:112138712:5825:"<GC>" "cb$setcurexpr" "cmp" "cmpIndices" "cmpSubsetDispatch" "h" "tryInline" "cmpCall" "cmp" "cmpSubsetDispatch" "h" "tryInline" "cmpCall" "cmp" "cmpSymbolAssign" "h" "tryInline" "cmpCall" "cmp" "h" "tryInline" "cmpCall" "cmp" "genCode" "cmpfun" "compiler:::tryCmpfun" 3#202 "profvis" 
:1240119:2414047:78671096:6817:"cmp" "cmpPrim2" "h" "tryInline" "cmpCall" "cmp" "cmpIndices" "cmpSubassignDispatch" "h" "trySetterInline" "cmpSetterCall" "cmpComplexAssign" "h" "tryInline" "cmpCall" "cmp" "h" "tryInline" "cmpCall" "cmp" "genCode" "h" "tryInline" "cmpCall" "cmp" "h" "tryInline" "cmpCall" "cmp" "genCode" "cmpfun" "compiler:::tryCmpfun" 3#203 "profvis" 
#File 5: R/likelihood_common.R
#File 6: R/likelihood_param_interface.R
:1293583:2437554:91708120:4551:"findCenvVar" "getInlineInfo" "tryInline" "cmpCall" "cmp" "h" "tryInline" "cmpCall" "cmp" "genCode" "compiler::cmpfun" 5#111 ".compile_once" 3#206 ".build_compiled_node" 3#53 "compile_expr" 3#66 ".precompile_likelihood_expressions" 2#36 ".prepare_model_for_likelihood" 6#353 "log_likelihood_from_params" 1#2 "__profvis_execute__" "profvis" 
:1293583:2437554:91708120:0:"findCenvVar" "getInlineInfo" "tryInline" "cmpCall" "cmp" "h" "tryInline" "cmpCall" "cmp" "genCode" "compiler::cmpfun" 5#111 ".compile_once" 3#206 ".build_compiled_node" 3#53 "compile_expr" 3#66 ".precompile_likelihood_expressions" 2#36 ".prepare_model_for_likelihood" 6#353 "log_likelihood_from_params" 1#2 "__profvis_execute__" "profvis" 
:1293583:2437554:91708120:0:"findCenvVar" "getInlineInfo" "tryInline" "cmpCall" "cmp" "h" "tryInline" "cmpCall" "cmp" "genCode" "compiler::cmpfun" 5#111 ".compile_once" 3#206 ".build_compiled_node" 3#53 "compile_expr" 3#66 ".precompile_likelihood_expressions" 2#36 ".prepare_model_for_likelihood" 6#353 "log_likelihood_from_params" 1#2 "__profvis_execute__" "profvis" 
:1368532:2464104:108733128:5894:"cb$putcode" "cmpSym" "cmp" "genCode" "cmpCallArgs" "cmpCallSymFun" "cmpCall" "cmp" "cmpSymbolAssign" "h" "tryInline" "cmpCall" "cmp" "h" "tryInline" "cmpCall" "cmp" "genCode" "h" "tryInline" "cmpCall" "cmp" "h" "tryInline" "cmpCall" "cmp" "genCode" "cmpfun" "compiler:::tryCmpfun" 3#197 "profvis" 
:1213941:2409346:70969304:5195:"getInlineInfo" "tryInline" "cmpCall" "cmp" "genCode" "compiler::cmpfun" 5#111 ".compile_once" 3#205 ".build_compiled_node" 3#53 "compile_expr" 3#66 ".precompile_likelihood_expressions" 2#36 ".prepare_model_for_likelihood" 6#353 "log_likelihood_from_params" 1#2 "__profvis_execute__" "profvis" 
:1226057:2415557:74104520:1069:"findCenvVar" "findVar" "cmpSym" "cmpBuiltinArgs" "h" "tryInline" "cmpCall" "cmp" "cmpPrim2" "h" "tryInline" "cmpCall" "cmp" "h" "tryInline" "cmpCall" "cmp" "h" "tryInline" "cmpCall" "cmp" "genCode" "compiler::cmpfun" 5#111 ".compile_once" 3#206 ".build_compiled_node" 3#53 "compile_expr" 3#66 ".precompile_likelihood_expressions" 2#36 ".prepare_model_for_likelihood" 6#353 "log_likelihood_from_params" 1#2 "__profvis_execute__" "profvis" 
:1226057:2415557:74104520:0:"findCenvVar" "findVar" "cmpSym" "cmpBuiltinArgs" "h" "tryInline" "cmpCall" "cmp" "cmpPrim2" "h" "tryInline" "cmpCall" "cmp" "h" "tryInline" "cmpCall" "cmp" "h" "tryInline" "cmpCall" "cmp" "genCode" "compiler::cmpfun" 5#111 ".compile_once" 3#206 ".build_compiled_node" 3#53 "compile_expr" 3#66 ".precompile_likelihood_expressions" 2#36 ".prepare_model_for_likelihood" 6#353 "log_likelihood_from_params" 1#2 "__profvis_execute__" "profvis" 
:1255966:2426839:81286632:2418:"findCenvVar" "getInlineInfo" "tryInline" "cmpCall" "cmp" "h" "tryInline" "cmpCall" "cmp" "genCode" "compiler::cmpfun" 5#111 ".compile_once" 3#196 ".build_compiled_node" 3#53 "compile_expr" 3#66 ".precompile_likelihood_expressions" 2#36 ".prepare_model_for_likelihood" 6#353 "log_likelihood_from_params" 1#2 "__profvis_execute__" "profvis" 
:1333838:2459301:98853776:6064:"exists" "findCenvVar" "findFunDef" "cmpCall" "cmp" "h" "tryInline" "cmpCall" "cmp" "h" "tryInline" "cmpCall" "cmp" "h" "tryInline" "cmpCall" "cmp" "genCode" "compiler::cmpfun" 5#111 ".compile_once" 3#207 ".build_compiled_node" 3#53 "compile_expr" 3#66 ".precompile_likelihood_expressions" 2#36 ".prepare_model_for_likelihood" 6#353 "log_likelihood_from_params" 1#2 "__profvis_execute__" "profvis" 
:1395824:2480800:111378736:4292:"findCenvVar" "findFunDef" "cmpCall" "cmp" "cmpSymbolAssign" "h" "tryInline" "cmpCall" "cmp" "h" "tryInline" "cmpCall" "cmp" "genCode" "cmpfun" "compiler:::tryCmpfun" 4#191 "profvis" 
:1395824:2480800:111378736:0:"findCenvVar" "findFunDef" "cmpCall" "cmp" "cmpSymbolAssign" "h" "tryInline" "cmpCall" "cmp" "h" "tryInline" "cmpCall" "cmp" "genCode" "cmpfun" "compiler:::tryCmpfun" 4#191 "profvis" 
:1395824:2480800:111378736:0:"findCenvVar" "findFunDef" "cmpCall" "cmp" "cmpSymbolAssign" "h" "tryInline" "cmpCall" "cmp" "h" "tryInline" "cmpCall" "cmp" "genCode" "cmpfun" "compiler:::tryCmpfun" 4#191 "profvis" 
:1210859:2413805:70562856:4037:"exists" "findCenvVar" "getInlineInfo" "isBaseVar" "getFoldFun" "constantFoldCall" "constantFold" "cmp" "h" "tryInline" "cmpCall" "cmp" "genCode" "h" "tryInline" "cmpCall" "cmp" "genCode" "cmpCallArgs" "cmpCallSymFun" "cmpCall" "cmp" "cmpSymbolAssign" "h" "tryInline" "cmpCall" "cmp" "h" "tryInline" "cmpCall" "cmp" "h" "tryInline" "cmpCall" "cmp" "h" "tryInline" "cmpCall" "cmp" "h" "tryInline" "cmpCall" "cmp" "h" "tryInline" "cmpCall" "cmp" "genCode" "cmpfun" "compiler:::tryCmpfun" 4#191 "profvis" 
:1290984:2447485:88247600:6403:"findCenvVar" "getInlineInfo" "tryInline" "cmpCall" "cmp" "h" "tryInline" "cmpCall" "cmp" "h" "tryInline" "cmpCall" "cmp" "h" "tryInline" "cmpCall" "cmp" "h" "tryInline" "cmpCall" "cmp" "cmpForBody" "h" "tryInline" "cmpCall" "cmp" "h" "tryInline" "cmpCall" "cmp" "cmpForBody" "h" "tryInline" "cmpCall" "cmp" "h" "tryInline" "cmpCall" "cmp" "cmpForBody" "h" "tryInline" "cmpCall" "cmp" "h" "tryInline" "cmpCall" "cmp" "genCode" "cmpfun" "compiler:::tryCmpfun" 4#196 "profvis" 
:1349413:2475337:101316824:4759:"cmpCall" "cmp" "h" "tryInline" "cmpCall" "cmp" "genCode" "cmpfun" "compiler:::tryCmpfun" 4#215 "profvis" 
:1172204:2399951:60866792:4028:"parent.env" "findCenvVar" "getInlineInfo" "isBaseVar" "getFoldFun" "constantFoldCall" "constantFold" "h" "tryInline" "cmpCall" "cmp" "h" "tryInline" "cmpCall" "cmp" "genCode" "h" "tryInline" "cmpCall" "cmp" "genCode" "cmpCallArgs" "cmpCallSymFun" "cmpCall" "cmp" "h" "tryInline" "cmpCall" "cmp" "genCode" "cmpfun" "compiler:::tryCmpfun" 2#47 "profvis" 
