memory profiling: GC profiling: line profiling: sample.interval=10000
#File 1: <expr>
:6967042:19099888:199868480:6:"get" "getCompilerOption" "make.toplevelContext" "cmpfun" "compiler:::tryCmpfun" 1#2 "profvis" 
:6967042:19099888:199868480:0:"get" "getCompilerOption" "make.toplevelContext" "cmpfun" "compiler:::tryCmpfun" 1#2 "profvis" 
:6993894:19106711:204728048:1662:"make.argContext" "h" "tryInline" "cmpCall" "cmp" "h" "tryInline" "cmpCall" "cmp" "h" "tryInline" "cmpCall" "cmp" "genCode" "cmpfun" "compiler:::tryCmpfun" 1#2 "profvis" 
:7044040:19133867:216342840:4058:"%in%" "getInlineInfo" "isBaseVar" "getFoldFun" "constantFoldCall" "constantFold" "h" "tryInline" "cmpCall" "cmp" "cmpSymbolAssign" "h" "tryInline" "cmpCall" "cmp" "h" "tryInline" "cmpCall" "cmp" "h" "tryInline" "cmpCall" "cmp" "h" "tryInline" "cmpCall" "cmp" "genCode" "h" "tryInline" "cmpCall" "cmp" "cmpSymbolAssign" "h" "tryInline" "cmpCall" "cmp" "h" "tryInline" "cmpCall" "cmp" "genCode" "cmpfun" "compiler:::tryCmpfun" 1#2 "profvis" 
:7089153:19168859:228231976:4290:"findCenvVar" "getInlineInfo" "tryInline" "cmpCall" "cmp" "genCode" "cmpCallArgs" "cmpCallSymFun" "cmpCall" "cmp" "cmpSymbolAssign" "h" "tryInline" "cmpCall" "cmp" "h" "tryInline" "cmpCall" "cmp" "genCode" "cmpfun" "compiler:::tryCmpfun" 1#2 "profvis" 
#File 2: R/likelihood_old.R
:7145045:19193188:240424800:4197:"cb$putcode" "cmpSetterCall" "cmpComplexAssign" "h" "tryInline" "cmpCall" "cmp" "h" "tryInline" "cmpCall" "cmp" "h" "tryInline" "cmpCall" "cmp" "cmpSymbolAssign" "h" "tryInline" "cmpCall" "cmp" "h" "tryInline" "cmpCall" "cmp" "genCode" "h" "tryInline" "cmpCall" "cmp" "genCode" "cmpCallArgs" "cmpCallSymFun" "cmpCall" "cmp" "cmpSymbolAssign" "h" "tryInline" "cmpCall" "cmp" "h" "tryInline" "cmpCall" "cmp" "genCode" "cmpfun" "compiler:::tryCmpfun" 2#1320 "profvis" 
:7201824:19217097:252844872:4327:"findCenvVar" "getInlineInfo" "tryInline" "cmpCall" "cmp" "cmpSymbolAssign" "h" "tryInline" "cmpCall" "cmp" "h" "tryInline" "cmpCall" "cmp" "genCode" "cmpfun" "compiler:::tryCmpfun" 2#1320 "profvis" 
#File 3: R/model_tables.R
:7205753:19221099:253792616:321:"constantFoldCall" "constantFold" "cmp" "h" "tryInline" "cmpCall" "cmp" "genCode" "cmpfun" "compiler:::tryCmpfun" 3#209 "profvis" 
:7205753:19221099:253792616:0:"constantFoldCall" "constantFold" "cmp" "h" "tryInline" "cmpCall" "cmp" "genCode" "cmpfun" "compiler:::tryCmpfun" 3#209 "profvis" 
:7229242:19225388:259931616:2980:"format.default" "compute_loglik" 1#2 "__profvis_execute__" "profvis" 
:7280604:19225388:273795088:7007:"match.arg" "format.default" "compute_loglik" 1#2 "__profvis_execute__" "profvis" 
:7304342:19245009:279990592:3098:2#1417 "compute_loglik" 1#2 "__profvis_execute__" "profvis" 
:7304342:19245009:279990592:0:2#1417 "compute_loglik" 1#2 "__profvis_execute__" "profvis" 
:7304342:19245009:279990592:0:2#1417 "compute_loglik" 1#2 "__profvis_execute__" "profvis" 
:7380005:19280756:292991720:4709:"findCenvVar" "getInlineInfo" "isBaseVar" "mayCallBrowser" "mayCallBrowserList" "mayCallBrowser" "mayCallBrowserList" "mayCallBrowser" "mayCallBrowserList" "mayCallBrowser" "mayCallBrowserList" "mayCallBrowser" "mayCallBrowserList" "mayCallBrowser" "mayCallBrowserList" "mayCallBrowser" "mayCallBrowserList" "mayCallBrowser" "mayCallBrowserList" "mayCallBrowser" "mayCallBrowserList" "mayCallBrowser" "mayCallBrowserList" "mayCallBrowser" "mayCallBrowserList" "mayCallBrowser" "mayCallBrowserList" "mayCallBrowser" "mayCallBrowserList" "mayCallBrowser" "mayCallBrowserList" "mayCallBrowser" "mayCallBrowserList" "mayCallBrowser" "mayCallBrowserList" "mayCallBrowser" "cmpfun" "compiler:::tryCmpfun" 2#1372 "profvis" 
:7432513:19310202:303751896:3661:"getInlineInfo" "tryInline" "cmpCall" "cmp" "h" "tryInline" "cmpCall" "cmp" "h" "tryInline" "cmpCall" "cmp" "h" "tryInline" "cmpCall" "cmp" "h" "tryInline" "cmpCall" "cmp" "genCode" "h" "tryInline" "cmpCall" "cmp" "genCode" "cmpCallArgs" "cmpCallSymFun" "cmpCall" "cmp" "cmpSymbolAssign" "h" "tryInline" "cmpCall" "cmp" "h" "tryInline" "cmpCall" "cmp" "h" "tryInline" "cmpCall" "cmp" "h" "tryInline" "cmpCall" "cmp" "cmpForBody" "h" "tryInline" "cmpCall" "cmp" "h" "tryInline" "cmpCall" "cmp" "h" "tryInline" "cmpCall" "cmp" "h" "tryInline" "cmpCall" "cmp" "h" "tryInline" "cmpCall" "cmp" "h" "tryInline" "cmpCall" "cmp" "h" "tryInline" "cmpCall" "cmp" "h" "tryInline" "cmpCall" "cmp" "h" "tryInline" "cmpCall" "cmp" "h" "tryInline" "cmpCall" "cmp" "genCode" "cmpfun" "compiler:::tryCmpfun" 2#1372 "profvis" 
:7445157:19320244:306416992:895:"findCenvVar" "getInlineInfo" "isBaseVar" "getFoldFun" "constantFoldCall" "constantFold" "cmp" "cmpSymbolAssign" "h" "tryInline" "cmpCall" "cmp" "h" "tryInline" "cmpCall" "cmp" "cmpForBody" "h" "tryInline" "cmpCall" "cmp" "h" "tryInline" "cmpCall" "cmp" "h" "tryInline" "cmpCall" "cmp" "h" "tryInline" "cmpCall" "cmp" "h" "tryInline" "cmpCall" "cmp" "h" "tryInline" "cmpCall" "cmp" "h" "tryInline" "cmpCall" "cmp" "h" "tryInline" "cmpCall" "cmp" "h" "tryInline" "cmpCall" "cmp" "h" "tryInline" "cmpCall" "cmp" "genCode" "cmpfun" "compiler:::tryCmpfun" 2#1372 "profvis" 
:7445157:19320244:306416992:0:"findCenvVar" "getInlineInfo" "isBaseVar" "getFoldFun" "constantFoldCall" "constantFold" "cmp" "cmpSymbolAssign" "h" "tryInline" "cmpCall" "cmp" "h" "tryInline" "cmpCall" "cmp" "cmpForBody" "h" "tryInline" "cmpCall" "cmp" "h" "tryInline" "cmpCall" "cmp" "h" "tryInline" "cmpCall" "cmp" "h" "tryInline" "cmpCall" "cmp" "h" "tryInline" "cmpCall" "cmp" "h" "tryInline" "cmpCall" "cmp" "h" "tryInline" "cmpCall" "cmp" "h" "tryInline" "cmpCall" "cmp" "h" "tryInline" "cmpCall" "cmp" "h" "tryInline" "cmpCall" "cmp" "genCode" "cmpfun" "compiler:::tryCmpfun" 2#1372 "profvis" 
:7453849:19327268:308629440:977:"cb$savecurloc" "cmp" "cmpSymbolAssign" "h" "tryInline" "cmpCall" "cmp" "h" "tryInline" "cmpCall" "cmp" "cmpForBody" "h" "tryInline" "cmpCall" "cmp" "h" "tryInline" "cmpCall" "cmp" "h" "tryInline" "cmpCall" "cmp" "h" "tryInline" "cmpCall" "cmp" "h" "tryInline" "cmpCall" "cmp" "h" "tryInline" "cmpCall" "cmp" "h" "tryInline" "cmpCall" "cmp" "h" "tryInline" "cmpCall" "cmp" "h" "tryInline" "cmpCall" "cmp" "h" "tryInline" "cmpCall" "cmp" "genCode" "cmpfun" "compiler:::tryCmpfun" 2#1372 "profvis" 
:7496363:19362012:318560984:3760:"%in%" "findCenvVar" "getInlineInfo" "tryInline" "cmpCall" "cmp" "h" "tryInline" "cmpCall" "cmp" "cmpForBody" "h" "tryInline" "cmpCall" "cmp" "h" "tryInline" "cmpCall" "cmp" "h" "tryInline" "cmpCall" "cmp" "h" "tryInline" "cmpCall" "cmp" "h" "tryInline" "cmpCall" "cmp" "h" "tryInline" "cmpCall" "cmp" "genCode" "cmpfun" "compiler:::tryCmpfun" 2#1372 "profvis" 
:7536424:19401980:328224344:3359:"cmp" "cmpIndices" "cmpSubsetDispatch" "h" "tryInline" "cmpCall" "cmp" "cmpSymbolAssign" "h" "tryInline" "cmpCall" "cmp" "h" "tryInline" "cmpCall" "cmp" "cmpForBody" "h" "tryInline" "cmpCall" "cmp" "h" "tryInline" "cmpCall" "cmp" "h" "tryInline" "cmpCall" "cmp" "h" "tryInline" "cmpCall" "cmp" "h" "tryInline" "cmpCall" "cmp" "h" "tryInline" "cmpCall" "cmp" "genCode" "cmpfun" "compiler:::tryCmpfun" 2#1372 "profvis" 
:7549670:19415911:331707488:1153:"<GC>" "cmpCall" "cmp" "h" "tryInline" "cmpCall" "cmp" "h" "tryInline" "cmpCall" "cmp" "genCode" "cmpfun" "compiler:::tryCmpfun" 2#1372 "profvis" 
:7549670:19415911:331707488:0:"<GC>" "cmpCall" "cmp" "h" "tryInline" "cmpCall" "cmp" "h" "tryInline" "cmpCall" "cmp" "genCode" "cmpfun" "compiler:::tryCmpfun" 2#1372 "profvis" 
:7549670:19415911:331707488:0:"<GC>" "cmpCall" "cmp" "h" "tryInline" "cmpCall" "cmp" "h" "tryInline" "cmpCall" "cmp" "genCode" "cmpfun" "compiler:::tryCmpfun" 2#1372 "profvis" 
:7549670:19415911:331707488:0:"<GC>" "cmpCall" "cmp" "h" "tryInline" "cmpCall" "cmp" "h" "tryInline" "cmpCall" "cmp" "genCode" "cmpfun" "compiler:::tryCmpfun" 2#1372 "profvis" 
:7549670:19415911:331707488:0:"<GC>" "cmpCall" "cmp" "h" "tryInline" "cmpCall" "cmp" "h" "tryInline" "cmpCall" "cmp" "genCode" "cmpfun" "compiler:::tryCmpfun" 2#1372 "profvis" 
:7012013:19138183:207705848:2657:"cmp" "genCode" "cmpCallArgs" "cmpCallSymFun" "cmpCall" "cmp" "cmpSymbolAssign" "h" "tryInline" "cmpCall" "cmp" "h" "tryInline" "cmpCall" "cmp" "h" "tryInline" "cmpCall" "cmp" "h" "tryInline" "cmpCall" "cmp" "genCode" "cmpfun" "compiler:::tryCmpfun" 2#1372 "profvis" 
:7067957:19187841:221822888:4906:"cb$putconst" "cmpPrim1" "h" "tryInline" "cmpCall" "cmp" "h" "tryInline" "cmpCall" "cmp" "h" "tryInline" "cmpCall" "cmp" "h" "tryInline" "cmpCall" "cmp" "h" "tryInline" "cmpCall" "cmp" "genCode" "cmpfun" "compiler:::tryCmpfun" 2#1372 "profvis" 
:7123773:19236998:235831512:5308:"grep" "is.ddsym" "cmpSym" "cmp" "genCode" "cmpCallArgs" "cmpCallSymFun" "cmpCall" "cmp" "h" "tryInline" "cmpCall" "cmp" "h" "tryInline" "cmpCall" "cmp" "h" "tryInline" "cmpCall" "cmp" "genCode" "h" "tryInline" "cmpCall" "cmp" "h" "tryInline" "cmpCall" "cmp" "genCode" "h" "tryInline" "cmpCall" "cmp" "cmpSymbolAssign" "h" "tryInline" "cmpCall" "cmp" "h" "tryInline" "cmpCall" "cmp" "genCode" "cmpfun" "compiler:::tryCmpfun" 2#1372 "profvis" 
:7184935:19293367:250749408:5703:"%in%" "getInlineInfo" "tryInline" "cmpCall" "cmp" "cmpPrim2" "h" "tryInline" "cmpCall" "cmp" "cmpPrim2" "h" "tryInline" "cmpCall" "cmp" "cmpPrim2" "h" "tryInline" "cmpCall" "cmp" "cmpSymbolAssign" "h" "tryInline" "cmpCall" "cmp" "h" "tryInline" "cmpCall" "cmp" "genCode" "h" "tryInline" "cmpCall" "cmp" "genCode" "cmpCallArgs" "cmpCallSymFun" "cmpCall" "cmp" "h" "tryInline" "cmpCall" "cmp" "genCode" "h" "tryInline" "cmpCall" "cmp" "cmpSymbolAssign" "h" "tryInline" "cmpCall" "cmp" "h" "tryInline" "cmpCall" "cmp" "h" "tryInline" "cmpCall" "cmp" "h" "tryInline" "cmpCall" "cmp" "h" "tryInline" "cmpCall" "cmp" "h" "tryInline" "cmpCall" "cmp" "genCode" "cmpfun" "compiler:::tryCmpfun" 2#1372 "profvis" 
:7245402:19336036:264539520:5253:"putconst" "cb$putcode" "h" "tryInline" "cmpCall" "cmp" "cmpForBody" "h" "tryInline" "cmpCall" "cmp" "h" "tryInline" "cmpCall" "cmp" "h" "tryInline" "cmpCall" "cmp" "h" "tryInline" "cmpCall" "cmp" "genCode" "h" "tryInline" "cmpCall" "cmp" "genCode" "cmpCallArgs" "cmpCallSymFun" "cmpCall" "cmp" "h" "tryInline" "cmpCall" "cmp" "genCode" "h" "tryInline" "cmpCall" "cmp" "cmpSymbolAssign" "h" "tryInline" "cmpCall" "cmp" "h" "tryInline" "cmpCall" "cmp" "h" "tryInline" "cmpCall" "cmp" "h" "tryInline" "cmpCall" "cmp" "h" "tryInline" "cmpCall" "cmp" "h" "tryInline" "cmpCall" "cmp" "genCode" "cmpfun" "compiler:::tryCmpfun" 2#1372 "profvis" 
:7285887:19371956:274388688:3616:"$" "findCenvVar" "getInlineInfo" "tryInline" "cmpCall" "cmp" "h" "tryInline" "cmpCall" "cmp" "genCode" "cmpCallArgs" "cmpCallSymFun" "cmpCall" "cmp" "cmpSymbolAssign" "h" "tryInline" "cmpCall" "cmp" "h" "tryInline" "cmpCall" "cmp" "h" "tryInline" "cmpCall" "cmp" "h" "tryInline" "cmpCall" "cmp" "h" "tryInline" "cmpCall" "cmp" "h" "tryInline" "cmpCall" "cmp" "genCode" "cmpfun" "compiler:::tryCmpfun" 2#1372 "profvis" 
:7331665:19413875:285727120:4210:"findCenvVar" "findLocVar" "cmpCall" "cmp" "cmpBuiltinArgs" "h" "tryInline" "cmpCall" "cmp" "h" "tryInline" "cmpCall" "cmp" "cmpSymbolAssign" "h" "tryInline" "cmpCall" "cmp" "h" "tryInline" "cmpCall" "cmp" "cmpForBody" "h" "tryInline" "cmpCall" "cmp" "h" "tryInline" "cmpCall" "cmp" "h" "tryInline" "cmpCall" "cmp" "h" "tryInline" "cmpCall" "cmp" "h" "tryInline" "cmpCall" "cmp" "h" "tryInline" "cmpCall" "cmp" "genCode" "cmpfun" "compiler:::tryCmpfun" 2#1372 "profvis" 
:7386172:19462402:298092928:4088:"tryInline" "cmpCall" "cmp" "h" "tryInline" "cmpCall" "cmp" "h" "tryInline" "cmpCall" "cmp" "genCode" "cmpfun" "compiler:::tryCmpfun" 2#1080 "profvis" 
:7460123:19489288:312986016:4917:"cmpCall" "cmp" "h" "tryInline" "cmpCall" "cmp" "h" "tryInline" "cmpCall" "cmp" "h" "tryInline" "cmpCall" "cmp" "genCode" "h" "tryInline" "cmpCall" "cmp" "cmpSymbolAssign" "h" "tryInline" "cmpCall" "cmp" "h" "tryInline" "cmpCall" "cmp" "genCode" "cmpfun" "compiler:::tryCmpfun" 2#1146 "profvis" 
:7530117:19520985:326990664:5094:"mayCallBrowser" "mayCallBrowserList" "mayCallBrowser" "mayCallBrowserList" "mayCallBrowser" "mayCallBrowserList" "mayCallBrowser" "mayCallBrowserList" "mayCallBrowser" "mayCallBrowserList" "mayCallBrowser" "mayCallBrowserList" "mayCallBrowser" "cmpfun" "compiler:::tryCmpfun" 2#1152 "profvis" 
:7548597:19533569:331707488:1750:"<GC>" "findCenvVar" "getInlineInfo" "tryInline" "cmpCall" "cmp" "h" "tryInline" "cmpCall" "cmp" "h" "tryInline" "cmpCall" "cmp" "h" "tryInline" "cmpCall" "cmp" "h" "tryInline" "cmpCall" "cmp" "cmpForBody" "h" "tryInline" "cmpCall" "cmp" "h" "tryInline" "cmpCall" "cmp" "genCode" "cmpfun" "compiler:::tryCmpfun" 2#1152 "profvis" 
:7548597:19533569:331707488:0:"<GC>" "findCenvVar" "getInlineInfo" "tryInline" "cmpCall" "cmp" "h" "tryInline" "cmpCall" "cmp" "h" "tryInline" "cmpCall" "cmp" "h" "tryInline" "cmpCall" "cmp" "h" "tryInline" "cmpCall" "cmp" "cmpForBody" "h" "tryInline" "cmpCall" "cmp" "h" "tryInline" "cmpCall" "cmp" "genCode" "cmpfun" "compiler:::tryCmpfun" 2#1152 "profvis" 
:7548597:19533569:331707488:0:"<GC>" "findCenvVar" "getInlineInfo" "tryInline" "cmpCall" "cmp" "h" "tryInline" "cmpCall" "cmp" "h" "tryInline" "cmpCall" "cmp" "h" "tryInline" "cmpCall" "cmp" "h" "tryInline" "cmpCall" "cmp" "cmpForBody" "h" "tryInline" "cmpCall" "cmp" "h" "tryInline" "cmpCall" "cmp" "genCode" "cmpfun" "compiler:::tryCmpfun" 2#1152 "profvis" 
:7548597:19533569:331707488:0:"<GC>" "findCenvVar" "getInlineInfo" "tryInline" "cmpCall" "cmp" "h" "tryInline" "cmpCall" "cmp" "h" "tryInline" "cmpCall" "cmp" "h" "tryInline" "cmpCall" "cmp" "h" "tryInline" "cmpCall" "cmp" "cmpForBody" "h" "tryInline" "cmpCall" "cmp" "h" "tryInline" "cmpCall" "cmp" "genCode" "cmpfun" "compiler:::tryCmpfun" 2#1152 "profvis" 
:7548597:19533569:331707488:0:"<GC>" "findCenvVar" "getInlineInfo" "tryInline" "cmpCall" "cmp" "h" "tryInline" "cmpCall" "cmp" "h" "tryInline" "cmpCall" "cmp" "h" "tryInline" "cmpCall" "cmp" "h" "tryInline" "cmpCall" "cmp" "cmpForBody" "h" "tryInline" "cmpCall" "cmp" "h" "tryInline" "cmpCall" "cmp" "genCode" "cmpfun" "compiler:::tryCmpfun" 2#1152 "profvis" 
:6998534:19149768:203915936:1354:"as.list" "checkSkipLoopCntxtList" "checkSkipLoopCntxt" "checkSkipLoopCntxtList" "checkSkipLoopCntxt" "h" "tryInline" "cmpCall" "cmp" "h" "tryInline" "cmpCall" "cmp" "genCode" "cmpfun" "compiler:::tryCmpfun" 2#1152 "profvis" 
:7063295:19190877:219270296:5968:"$" "getInlineInfo" "tryInline" "cmpCall" "cmp" "h" "tryInline" "cmpCall" "cmp" "cmpForBody" "h" "tryInline" "cmpCall" "cmp" "h" "tryInline" "cmpCall" "cmp" "cmpForBody" "h" "tryInline" "cmpCall" "cmp" "h" "tryInline" "cmpCall" "cmp" "genCode" "cmpfun" "compiler:::tryCmpfun" 2#181 "profvis" 
:7136058:19228213:235830336:5862:"cb$putcode" "h" "tryInline" "cmpCall" "cmp" "h" "tryInline" "cmpCall" "cmp" "h" "tryInline" "cmpCall" "cmp" "genCode" "cmpfun" "compiler:::tryCmpfun" 2#1161 "profvis" 
:7198251:19265230:250910688:5402:"as.environment" "profvis" 
:7254710:19272078:267925616:5181:2#1152 ".pool_density" 2#1152 "fX" 2#1257 "FUN" "vapply" 2#1257 "f" "<Anonymous>" "stats::integrate" 2#1256 ".outcome_likelihood" 2#1372 "eval_row_likelihood" 2#1419 "compute_loglik" 1#2 "__profvis_execute__" "profvis" 
#File 4: R/dist.R
:7314428:19276702:286032376:5483:4#48 "dist_registry" 2#108 ".acc_density" 2#256 ".pool_k1_density" 2#181 ".pool_density" 2#1152 "fX" 2#1257 "FUN" "vapply" 2#1257 "f" "<Anonymous>" "stats::integrate" 2#1256 ".outcome_likelihood" 2#1372 "eval_row_likelihood" 2#1419 "compute_loglik" 1#2 "__profvis_execute__" "profvis" 
:7370404:19280832:303001384:5137:2#330 ".pool_survival" 2#1161 "Sfun" 2#1168 "FY" 2#1257 "FUN" "vapply" 2#1257 "f" "<Anonymous>" "stats::integrate" 2#1256 ".outcome_likelihood" 2#1372 "eval_row_likelihood" 2#1419 "compute_loglik" 1#2 "__profvis_execute__" "profvis" 
:7419063:19285323:317766904:4481:4#48 "dist_registry" 2#108 ".acc_density" 2#256 ".pool_k1_density" 2#181 ".pool_density" 2#1152 "fX" 2#1257 "FUN" "vapply" 2#1257 "f" "<Anonymous>" "stats::integrate" 2#1256 ".outcome_likelihood" 2#1372 "eval_row_likelihood" 2#1419 "compute_loglik" 1#2 "__profvis_execute__" "profvis" 
:7465039:19288833:331707488:4221:"<GC>" 4#48 "dist_registry" 2#128 ".acc_survival" 2#333 ".pool_survival" 2#1161 "Sfun" 2#1168 "FY" 2#1257 "FUN" "vapply" 2#1257 "f" "<Anonymous>" "stats::integrate" 2#1256 ".outcome_likelihood" 2#1372 "eval_row_likelihood" 2#1419 "compute_loglik" 1#2 "__profvis_execute__" "profvis" 
:7465039:19288833:331707488:0:"<GC>" 4#48 "dist_registry" 2#128 ".acc_survival" 2#333 ".pool_survival" 2#1161 "Sfun" 2#1168 "FY" 2#1257 "FUN" "vapply" 2#1257 "f" "<Anonymous>" "stats::integrate" 2#1256 ".outcome_likelihood" 2#1372 "eval_row_likelihood" 2#1419 "compute_loglik" 1#2 "__profvis_execute__" "profvis" 
:7465039:19288833:331707488:0:"<GC>" 4#48 "dist_registry" 2#128 ".acc_survival" 2#333 ".pool_survival" 2#1161 "Sfun" 2#1168 "FY" 2#1257 "FUN" "vapply" 2#1257 "f" "<Anonymous>" "stats::integrate" 2#1256 ".outcome_likelihood" 2#1372 "eval_row_likelihood" 2#1419 "compute_loglik" 1#2 "__profvis_execute__" "profvis" 
:7465039:19288833:331707488:0:"<GC>" 4#48 "dist_registry" 2#128 ".acc_survival" 2#333 ".pool_survival" 2#1161 "Sfun" 2#1168 "FY" 2#1257 "FUN" "vapply" 2#1257 "f" "<Anonymous>" "stats::integrate" 2#1256 ".outcome_likelihood" 2#1372 "eval_row_likelihood" 2#1419 "compute_loglik" 1#2 "__profvis_execute__" "profvis" 
:7465039:19288833:331707488:0:"<GC>" 4#48 "dist_registry" 2#128 ".acc_survival" 2#333 ".pool_survival" 2#1161 "Sfun" 2#1168 "FY" 2#1257 "FUN" "vapply" 2#1257 "f" "<Anonymous>" "stats::integrate" 2#1256 ".outcome_likelihood" 2#1372 "eval_row_likelihood" 2#1419 "compute_loglik" 1#2 "__profvis_execute__" "profvis" 
:7465039:19288833:331707488:0:"<GC>" 4#48 "dist_registry" 2#128 ".acc_survival" 2#333 ".pool_survival" 2#1161 "Sfun" 2#1168 "FY" 2#1257 "FUN" "vapply" 2#1257 "f" "<Anonymous>" "stats::integrate" 2#1256 ".outcome_likelihood" 2#1372 "eval_row_likelihood" 2#1419 "compute_loglik" 1#2 "__profvis_execute__" "profvis" 
:7035510:19149955:214871944:4399:2#1152 "fC" 2#1262 ".outcome_likelihood" 2#1372 "eval_row_likelihood" 2#1419 "compute_loglik" 1#2 "__profvis_execute__" "profvis" 
:7096318:19155073:233331168:5594:2#148 ".pool_density" 2#1152 "fX" 2#1257 "FUN" "vapply" 2#1257 "f" "<Anonymous>" "stats::integrate" 2#1256 ".outcome_likelihood" 2#1372 "eval_row_likelihood" 2#1419 "compute_loglik" 1#2 "__profvis_execute__" "profvis" 
#File 5: R/pool_math.R
:7157451:19160653:251882736:5629:"stopifnot" 5#6 "pool_coeffs" 2#342 ".pool_survival" 2#1161 "Sfun" 2#1168 "FY" 2#1257 "FUN" "vapply" 2#1257 "f" "<Anonymous>" "stats::integrate" 2#1256 ".outcome_likelihood" 2#1372 "eval_row_likelihood" 2#1419 "compute_loglik" 1#2 "__profvis_execute__" "profvis" 
:7218090:19165834:270276720:5577:2#1161 ".pool_survival" 2#1161 "Sfun" 2#1168 "FY" 2#1257 "FUN" "vapply" 2#1257 "f" "<Anonymous>" "stats::integrate" 2#1256 ".outcome_likelihood" 2#1372 "eval_row_likelihood" 2#1419 "compute_loglik" 1#2 "__profvis_execute__" "profvis" 
:7277942:19170986:288429400:5505:2#245 ".pool_k1_density" 2#181 ".pool_density" 2#1152 "fX" 2#1257 "FUN" "vapply" 2#1257 "f" "<Anonymous>" "stats::integrate" 2#1256 ".outcome_likelihood" 2#1372 "eval_row_likelihood" 2#1419 "compute_loglik" 1#2 "__profvis_execute__" "profvis" 
:7335382:19175568:305850048:5279:2#293 ".pool_survival" 2#1161 "Sfun" 2#1168 "FY" 2#1257 "FUN" "vapply" 2#1257 "f" "<Anonymous>" "stats::integrate" 2#1256 ".outcome_likelihood" 2#1372 "eval_row_likelihood" 2#1419 "compute_loglik" 1#2 "__profvis_execute__" "profvis" 
:7386933:19179706:321480040:4735:2#161 ".pool_density" 2#1152 "fX" 2#1257 "FUN" "vapply" 2#1257 "f" "<Anonymous>" "stats::integrate" 2#1256 ".outcome_likelihood" 2#1372 "eval_row_likelihood" 2#1419 "compute_loglik" 1#2 "__profvis_execute__" "profvis" 
:7420623:19182512:331707488:3104:"<GC>" 2#134 ".acc_survival" 2#333 ".pool_survival" 2#1161 "Sfun" 2#1168 "FX" 2#1253 ".outcome_likelihood" 2#1372 "eval_row_likelihood" 2#1419 "compute_loglik" 1#2 "__profvis_execute__" "profvis" 
:7420623:19182512:331707488:0:"<GC>" 2#134 ".acc_survival" 2#333 ".pool_survival" 2#1161 "Sfun" 2#1168 "FX" 2#1253 ".outcome_likelihood" 2#1372 "eval_row_likelihood" 2#1419 "compute_loglik" 1#2 "__profvis_execute__" "profvis" 
:7420623:19182512:331707488:0:"<GC>" 2#134 ".acc_survival" 2#333 ".pool_survival" 2#1161 "Sfun" 2#1168 "FX" 2#1253 ".outcome_likelihood" 2#1372 "eval_row_likelihood" 2#1419 "compute_loglik" 1#2 "__profvis_execute__" "profvis" 
:7420623:19182512:331707488:0:"<GC>" 2#134 ".acc_survival" 2#333 ".pool_survival" 2#1161 "Sfun" 2#1168 "FX" 2#1253 ".outcome_likelihood" 2#1372 "eval_row_likelihood" 2#1419 "compute_loglik" 1#2 "__profvis_execute__" "profvis" 
:7420623:19182512:331707488:0:"<GC>" 2#134 ".acc_survival" 2#333 ".pool_survival" 2#1161 "Sfun" 2#1168 "FX" 2#1253 ".outcome_likelihood" 2#1372 "eval_row_likelihood" 2#1419 "compute_loglik" 1#2 "__profvis_execute__" "profvis" 
:6987746:19146494:200382280:3:"stopifnot" 5#6 "pool_coeffs" 2#342 ".pool_survival" 2#1161 "Sfun" 2#1168 "FX" 2#1253 ".outcome_likelihood" 2#1372 "eval_row_likelihood" 2#1419 "compute_loglik" 1#2 "__profvis_execute__" "profvis" 
:6987746:19146494:200382280:0:"stopifnot" 5#6 "pool_coeffs" 2#342 ".pool_survival" 2#1161 "Sfun" 2#1168 "FX" 2#1253 ".outcome_likelihood" 2#1372 "eval_row_likelihood" 2#1419 "compute_loglik" 1#2 "__profvis_execute__" "profvis" 
:7008334:19148228:206617544:1884:2#330 ".pool_survival" 2#1161 "Sfun" 2#1168 "FY" 2#1257 "FUN" "vapply" 2#1257 "f" "<Anonymous>" "stats::integrate" 2#1256 ".outcome_likelihood" 2#1372 "eval_row_likelihood" 2#1419 "compute_loglik" 1#2 "__profvis_execute__" "profvis" 
:7054900:19152190:220746008:4285:2#256 ".acc_density" 2#256 ".pool_k1_density" 2#181 ".pool_density" 2#1152 "fX" 2#1257 "FUN" "vapply" 2#1257 "f" "<Anonymous>" "stats::integrate" 2#1256 ".outcome_likelihood" 2#1372 "eval_row_likelihood" 2#1419 "compute_loglik" 1#2 "__profvis_execute__" "profvis" 
:7101315:19155811:234818752:4263:2#1257 "FUN" "vapply" 2#1257 "f" "<Anonymous>" "stats::integrate" 2#1256 ".outcome_likelihood" 2#1372 "eval_row_likelihood" 2#1419 "compute_loglik" 1#2 "__profvis_execute__" "profvis" 
:7146562:19159731:248550792:4162:4#32 "reg[["d"]]" 2#115 ".acc_density" 2#256 ".pool_k1_density" 2#181 ".pool_density" 2#1152 "fX" 2#1257 "FUN" "vapply" 2#1257 "f" "<Anonymous>" "stats::integrate" 2#1256 ".outcome_likelihood" 2#1372 "eval_row_likelihood" 2#1419 "compute_loglik" 1#2 "__profvis_execute__" "profvis" 
:7196049:19163283:263559576:4548:4#33 "reg[["p"]]" 2#134 ".acc_survival" 2#333 ".pool_survival" 2#1161 "SY" 2#1253 ".outcome_likelihood" 2#1372 "eval_row_likelihood" 2#1419 "compute_loglik" 1#2 "__profvis_execute__" "profvis" 
:7241028:19167379:277197480:4132:2#333 ".pool_survival" 2#1161 "Sfun" 2#1168 "FY" 2#1257 "FUN" "vapply" 2#1257 "f" "<Anonymous>" "stats::integrate" 2#1256 ".outcome_likelihood" 2#1372 "eval_row_likelihood" 2#1419 "compute_loglik" 1#2 "__profvis_execute__" "profvis" 
:7283821:19170353:290173744:3933:2#346 "prefix_sum" 2#346 ".pool_survival" 2#1161 "Sfun" 2#1168 "FY" 2#1251 ".outcome_likelihood" 2#1372 "eval_row_likelihood" 2#1419 "compute_loglik" 1#2 "__profvis_execute__" "profvis" 
:7326978:19173821:303244256:3957:2#251 ".pool_k1_density" 2#181 ".pool_density" 2#1152 "fC" 2#1262 ".outcome_likelihood" 2#1372 "eval_row_likelihood" 2#1419 "compute_loglik" 1#2 "__profvis_execute__" "profvis" 
:7364872:19177205:314757464:3488:"plnorm" 4#33 "reg[["p"]]" 2#134 ".acc_survival" 2#333 ".pool_survival" 2#1161 "Sfun" 2#1168 "FY" 2#1257 "FUN" "vapply" 2#1257 "f" "<Anonymous>" "stats::integrate" 2#1256 ".outcome_likelihood" 2#1372 "eval_row_likelihood" 2#1419 "compute_loglik" 1#2 "__profvis_execute__" "profvis" 
:7401074:19179601:325734360:3328:2#305 ".pool_survival" 2#1161 "Sfun" 2#1168 "FX" 2#1253 ".outcome_likelihood" 2#1372 "eval_row_likelihood" 2#1419 "compute_loglik" 1#2 "__profvis_execute__" "profvis" 
:7420784:19181335:331707488:1806:"<GC>" 2#1161 "Sfun" 2#1168 "FY" 2#1257 "FUN" "vapply" 2#1257 "f" "<Anonymous>" "stats::integrate" 2#1256 ".outcome_likelihood" 2#1372 "eval_row_likelihood" 2#1419 "compute_loglik" 1#2 "__profvis_execute__" "profvis" 
:7420784:19181335:331707488:0:"<GC>" 2#1161 "Sfun" 2#1168 "FY" 2#1257 "FUN" "vapply" 2#1257 "f" "<Anonymous>" "stats::integrate" 2#1256 ".outcome_likelihood" 2#1372 "eval_row_likelihood" 2#1419 "compute_loglik" 1#2 "__profvis_execute__" "profvis" 
:7420784:19181335:331707488:0:"<GC>" 2#1161 "Sfun" 2#1168 "FY" 2#1257 "FUN" "vapply" 2#1257 "f" "<Anonymous>" "stats::integrate" 2#1256 ".outcome_likelihood" 2#1372 "eval_row_likelihood" 2#1419 "compute_loglik" 1#2 "__profvis_execute__" "profvis" 
:7420784:19181335:331707488:0:"<GC>" 2#1161 "Sfun" 2#1168 "FY" 2#1257 "FUN" "vapply" 2#1257 "f" "<Anonymous>" "stats::integrate" 2#1256 ".outcome_likelihood" 2#1372 "eval_row_likelihood" 2#1419 "compute_loglik" 1#2 "__profvis_execute__" "profvis" 
:7420784:19181335:331707488:0:"<GC>" 2#1161 "Sfun" 2#1168 "FY" 2#1257 "FUN" "vapply" 2#1257 "f" "<Anonymous>" "stats::integrate" 2#1256 ".outcome_likelihood" 2#1372 "eval_row_likelihood" 2#1419 "compute_loglik" 1#2 "__profvis_execute__" "profvis" 
:7019811:19149928:210102984:2942:2#305 ".pool_survival" 2#1161 "Sfun" 2#1168 "FY" 2#1257 "FUN" "vapply" 2#1257 "f" "<Anonymous>" "stats::integrate" 2#1256 ".outcome_likelihood" 2#1372 "eval_row_likelihood" 2#1419 "compute_loglik" 1#2 "__profvis_execute__" "profvis" 
:7081402:19154755:228781784:5657:2#333 ".pool_survival" 2#1161 "Sfun" 2#1168 "FY" 2#1257 "FUN" "vapply" 2#1257 "f" "<Anonymous>" "stats::integrate" 2#1256 ".outcome_likelihood" 2#1372 "eval_row_likelihood" 2#1419 "compute_loglik" 1#2 "__profvis_execute__" "profvis" 
:7143284:19159421:247528120:5689:"format" 2#1349 "eval_row_likelihood" 2#1419 "compute_loglik" 1#2 "__profvis_execute__" "profvis" 
:7203486:19164539:265803552:5530:"vapply" 2#1257 "f" "<Anonymous>" "stats::integrate" 2#1256 ".outcome_likelihood" 2#1372 "eval_row_likelihood" 2#1419 "compute_loglik" 1#2 "__profvis_execute__" "profvis" 
:7263606:19169357:284018672:5520:2#1377 "eval_row_likelihood" 2#1419 "compute_loglik" 1#2 "__profvis_execute__" "profvis" 
:7320713:19173981:301350448:5248:2#173 ".pool_density" 2#1152 "fX" 2#1257 "FUN" "vapply" 2#1257 "f" "<Anonymous>" "stats::integrate" 2#1256 ".outcome_likelihood" 2#1372 "eval_row_likelihood" 2#1419 "compute_loglik" 1#2 "__profvis_execute__" "profvis" 
:7373901:19178027:317491944:4891:2#307 ".pool_survival" 2#1161 "Sfun" 2#1168 "FC" 2#1249 ".outcome_likelihood" 2#1372 "eval_row_likelihood" 2#1419 "compute_loglik" 1#2 "__profvis_execute__" "profvis" 
:7420810:19182031:331707488:4306:"<GC>" 4#51 "dist_registry" 2#108 ".acc_density" 2#256 ".pool_k1_density" 2#181 ".pool_density" 2#1152 "fX" 2#1257 "FUN" "vapply" 2#1257 "f" "<Anonymous>" "stats::integrate" 2#1256 ".outcome_likelihood" 2#1372 "eval_row_likelihood" 2#1419 "compute_loglik" 1#2 "__profvis_execute__" "profvis" 
:7420810:19182031:331707488:0:"<GC>" 4#51 "dist_registry" 2#108 ".acc_density" 2#256 ".pool_k1_density" 2#181 ".pool_density" 2#1152 "fX" 2#1257 "FUN" "vapply" 2#1257 "f" "<Anonymous>" "stats::integrate" 2#1256 ".outcome_likelihood" 2#1372 "eval_row_likelihood" 2#1419 "compute_loglik" 1#2 "__profvis_execute__" "profvis" 
:7420810:19182031:331707488:0:"<GC>" 4#51 "dist_registry" 2#108 ".acc_density" 2#256 ".pool_k1_density" 2#181 ".pool_density" 2#1152 "fX" 2#1257 "FUN" "vapply" 2#1257 "f" "<Anonymous>" "stats::integrate" 2#1256 ".outcome_likelihood" 2#1372 "eval_row_likelihood" 2#1419 "compute_loglik" 1#2 "__profvis_execute__" "profvis" 
:7420810:19182031:331707488:0:"<GC>" 4#51 "dist_registry" 2#108 ".acc_density" 2#256 ".pool_k1_density" 2#181 ".pool_density" 2#1152 "fX" 2#1257 "FUN" "vapply" 2#1257 "f" "<Anonymous>" "stats::integrate" 2#1256 ".outcome_likelihood" 2#1372 "eval_row_likelihood" 2#1419 "compute_loglik" 1#2 "__profvis_execute__" "profvis" 
:7420810:19182031:331707488:0:"<GC>" 4#51 "dist_registry" 2#108 ".acc_density" 2#256 ".pool_k1_density" 2#181 ".pool_density" 2#1152 "fX" 2#1257 "FUN" "vapply" 2#1257 "f" "<Anonymous>" "stats::integrate" 2#1256 ".outcome_likelihood" 2#1372 "eval_row_likelihood" 2#1419 "compute_loglik" 1#2 "__profvis_execute__" "profvis" 
:6991278:19147852:201425056:300:2#301 ".pool_survival" 2#1161 "Sfun" 2#1168 "FY" 2#1257 "FUN" "vapply" 2#1257 "f" "<Anonymous>" "stats::integrate" 2#1256 ".outcome_likelihood" 2#1372 "eval_row_likelihood" 2#1419 "compute_loglik" 1#2 "__profvis_execute__" "profvis" 
:7053619:19152970:220321920:5728:4#51 "dist_registry" 2#128 ".acc_survival" 2#333 ".pool_survival" 2#1161 "Sfun" 2#1168 "FX" 2#1262 ".outcome_likelihood" 2#1372 "eval_row_likelihood" 2#1419 "compute_loglik" 1#2 "__profvis_execute__" "profvis" 
:7115415:19158088:239061592:5683:5#9 "pool_coeffs" 2#342 ".pool_survival" 2#1161 "Sfun" 2#1168 "FX" 2#1262 ".outcome_likelihood" 2#1372 "eval_row_likelihood" 2#1419 "compute_loglik" 1#2 "__profvis_execute__" "profvis" 
:7176313:19163439:257546688:5602:2#333 ".pool_survival" 2#1161 "Sfun" 2#1168 "FY" 2#1257 "FUN" "vapply" 2#1257 "f" "<Anonymous>" "stats::integrate" 2#1256 ".outcome_likelihood" 2#1372 "eval_row_likelihood" 2#1419 "compute_loglik" 1#2 "__profvis_execute__" "profvis" 
:7236219:19167653:275703568:5491:"get" 4#51 "dist_registry" 2#128 ".acc_survival" 2#333 ".pool_survival" 2#1161 "Sfun" 2#1168 "FY" 2#1257 "FUN" "vapply" 2#1257 "f" "<Anonymous>" "stats::integrate" 2#1256 ".outcome_likelihood" 2#1372 "eval_row_likelihood" 2#1419 "compute_loglik" 1#2 "__profvis_execute__" "profvis" 
:7295708:19172729:293749456:5473:"plnorm" 4#33 "reg[["p"]]" 2#134 ".acc_survival" 2#333 ".pool_survival" 2#1161 "Sfun" 2#1168 "FY" 2#1257 "FUN" "vapply" 2#1257 "f" "<Anonymous>" "stats::integrate" 2#1256 ".outcome_likelihood" 2#1372 "eval_row_likelihood" 2#1419 "compute_loglik" 1#2 "__profvis_execute__" "profvis" 
:7351190:19177311:310572024:5101:2#157 ".pool_density" 2#1152 "fX" 2#1257 "FUN" "vapply" 2#1257 "f" "<Anonymous>" "stats::integrate" 2#1256 ".outcome_likelihood" 2#1372 "eval_row_likelihood" 2#1419 "compute_loglik" 1#2 "__profvis_execute__" "profvis" 
:7403579:19181357:326460400:4812:"dlnorm" 4#32 "reg[["d"]]" 2#115 ".acc_density" 2#256 ".pool_k1_density" 2#181 ".pool_density" 2#1152 "fX" 2#1257 "FUN" "vapply" 2#1257 "f" "<Anonymous>" "stats::integrate" 2#1256 ".outcome_likelihood" 2#1372 "eval_row_likelihood" 2#1419 "compute_loglik" 1#2 "__profvis_execute__" "profvis" 
:7420889:19182597:331707488:1587:"<GC>" "length" 2#171 "profvis" 
:7420889:19182597:331707488:0:"<GC>" "length" 2#171 "profvis" 
:7420889:19182597:331707488:0:"<GC>" "length" 2#171 "profvis" 
:7420889:19182597:331707488:0:"<GC>" "length" 2#171 "profvis" 
:7420889:19182597:331707488:0:"<GC>" "length" 2#171 "profvis" 
:7017685:19150849:209421128:2713:2#133 ".acc_survival" 2#333 ".pool_survival" 2#1161 "Sfun" 2#1168 "FY" 2#1257 "FUN" "vapply" 2#1257 "f" "<Anonymous>" "stats::integrate" 2#1256 ".outcome_likelihood" 2#1372 "eval_row_likelihood" 2#1419 "compute_loglik" 1#2 "__profvis_execute__" "profvis" 
:7080599:19155967:228501448:5784:4#32 "reg[["d"]]" 2#115 ".acc_density" 2#256 ".pool_k1_density" 2#181 ".pool_density" 2#1152 "fX" 2#1257 "FUN" "vapply" 2#1257 "f" "<Anonymous>" "stats::integrate" 2#1256 ".outcome_likelihood" 2#1372 "eval_row_likelihood" 2#1419 "compute_loglik" 1#2 "__profvis_execute__" "profvis" 
:7142001:19161365:247129064:5647:2#134 "plnorm" 4#33 "reg[["p"]]" 2#134 ".acc_survival" 2#333 ".pool_survival" 2#1161 "Sfun" 2#1168 "FY" 2#1257 "FUN" "vapply" 2#1257 "f" "<Anonymous>" "stats::integrate" 2#1256 ".outcome_likelihood" 2#1372 "eval_row_likelihood" 2#1419 "compute_loglik" 1#2 "__profvis_execute__" "profvis" 
:7203155:19166893:265686792:5634:2#333 ".pool_survival" 2#1161 "Sfun" 2#1168 "FY" 2#1257 "FUN" "vapply" 2#1257 "f" "<Anonymous>" "stats::integrate" 2#1256 ".outcome_likelihood" 2#1372 "eval_row_likelihood" 2#1419 "compute_loglik" 1#2 "__profvis_execute__" "profvis" 
:7263201:19171969:283900456:5523:2#301 ".pool_survival" 2#1161 "Sfun" 2#1168 "FY" 2#1257 "FUN" "vapply" 2#1257 "f" "<Anonymous>" "stats::integrate" 2#1256 ".outcome_likelihood" 2#1372 "eval_row_likelihood" 2#1419 "compute_loglik" 1#2 "__profvis_execute__" "profvis" 
:7321128:19177045:301474824:5328:2#134 ".acc_survival" 2#333 ".pool_survival" 2#1161 "Sfun" 2#1168 "FY" 2#1257 "FUN" "vapply" 2#1257 "f" "<Anonymous>" "stats::integrate" 2#1256 ".outcome_likelihood" 2#1372 "eval_row_likelihood" 2#1419 "compute_loglik" 1#2 "__profvis_execute__" "profvis" 
:7375039:19181133:317816576:4951:2#181 ".pool_density" 2#1152 "fX" 2#1257 "FUN" "vapply" 2#1257 "f" "<Anonymous>" "stats::integrate" 2#1256 ".outcome_likelihood" 2#1372 "eval_row_likelihood" 2#1419 "compute_loglik" 1#2 "__profvis_execute__" "profvis" 
:7420830:19184643:331707488:4206:"<GC>" 5#6 "...elt" "profvis" 
:7420830:19184643:331707488:0:"<GC>" 5#6 "...elt" "profvis" 
:7420830:19184643:331707488:0:"<GC>" 5#6 "...elt" "profvis" 
:7420830:19184643:331707488:0:"<GC>" 5#6 "...elt" "profvis" 
:7420830:19184643:331707488:0:"<GC>" 5#6 "...elt" "profvis" 
:7003765:19150467:205174704:1421:2#163 ".pool_density" 2#1152 "fX" 2#1257 "FUN" "vapply" 2#1257 "f" "<Anonymous>" "stats::integrate" 2#1256 ".outcome_likelihood" 2#1372 "eval_row_likelihood" 2#1419 "compute_loglik" 1#2 "__profvis_execute__" "profvis" 
:7066970:19155627:224349720:5810:"plnorm" 4#33 "reg[["p"]]" 2#134 ".acc_survival" 2#333 ".pool_survival" 2#1161 "Sfun" 2#1168 "FY" 2#1257 "FUN" "vapply" 2#1257 "f" "<Anonymous>" "stats::integrate" 2#1256 ".outcome_likelihood" 2#1372 "eval_row_likelihood" 2#1419 "compute_loglik" 1#2 "__profvis_execute__" "profvis" 
:7125266:19160251:242026456:5355:2#328 "numeric" 2#328 ".pool_survival" 2#1161 "Sfun" 2#1168 "FY" 2#1257 "FUN" "vapply" 2#1257 "f" "<Anonymous>" "stats::integrate" 2#1256 ".outcome_likelihood" 2#1372 "eval_row_likelihood" 2#1419 "compute_loglik" 1#2 "__profvis_execute__" "profvis" 
:7182542:19165170:259392952:5264:2#156 ".pool_density" 2#1152 "fX" 2#1257 "FUN" "vapply" 2#1257 "f" "<Anonymous>" "stats::integrate" 2#1256 ".outcome_likelihood" 2#1372 "eval_row_likelihood" 2#1419 "compute_loglik" 1#2 "__profvis_execute__" "profvis" 
:7242846:19169836:277682664:5540:2#268 ".pool_k1_density" 2#181 ".pool_density" 2#1152 "fX" 2#1257 "FUN" "vapply" 2#1257 "f" "<Anonymous>" "stats::integrate" 2#1256 ".outcome_likelihood" 2#1372 "eval_row_likelihood" 2#1419 "compute_loglik" 1#2 "__profvis_execute__" "profvis" 
:7302414:19174912:295750336:5478:2#246 ".pool_k1_density" 2#181 ".pool_density" 2#1152 "fX" 2#1257 "FUN" "vapply" 2#1257 "f" "<Anonymous>" "stats::integrate" 2#1256 ".outcome_likelihood" 2#1372 "eval_row_likelihood" 2#1419 "compute_loglik" 1#2 "__profvis_execute__" "profvis" 
:7357590:19179452:312489968:5072:"plnorm" 4#33 "reg[["p"]]" 2#134 ".acc_survival" 2#333 ".pool_survival" 2#1161 "Sfun" 2#1168 "FY" 2#1257 "FUN" "vapply" 2#1257 "f" "<Anonymous>" "stats::integrate" 2#1256 ".outcome_likelihood" 2#1372 "eval_row_likelihood" 2#1419 "compute_loglik" 1#2 "__profvis_execute__" "profvis" 
:7411793:19183992:328925296:4985:2#251 ".pool_k1_density" 2#181 ".pool_density" 2#1152 "fX" 2#1257 "FUN" "vapply" 2#1257 "f" "<Anonymous>" "stats::integrate" 2#1256 ".outcome_likelihood" 2#1372 "eval_row_likelihood" 2#1419 "compute_loglik" 1#2 "__profvis_execute__" "profvis" 
:7420939:19184570:331707488:847:"<GC>" 2#1168 "FX" 2#1251 ".outcome_likelihood" 2#1372 "eval_row_likelihood" 2#1419 "compute_loglik" 1#2 "__profvis_execute__" "profvis" 
:7420939:19184570:331707488:0:"<GC>" 2#1168 "FX" 2#1251 ".outcome_likelihood" 2#1372 "eval_row_likelihood" 2#1419 "compute_loglik" 1#2 "__profvis_execute__" "profvis" 
:7420939:19184570:331707488:0:"<GC>" 2#1168 "FX" 2#1251 ".outcome_likelihood" 2#1372 "eval_row_likelihood" 2#1419 "compute_loglik" 1#2 "__profvis_execute__" "profvis" 
:7420939:19184570:331707488:0:"<GC>" 2#1168 "FX" 2#1251 ".outcome_likelihood" 2#1372 "eval_row_likelihood" 2#1419 "compute_loglik" 1#2 "__profvis_execute__" "profvis" 
:7420939:19184570:331707488:0:"<GC>" 2#1168 "FX" 2#1251 ".outcome_likelihood" 2#1372 "eval_row_likelihood" 2#1419 "compute_loglik" 1#2 "__profvis_execute__" "profvis" 
:7033298:19153610:214111296:4123:2#171 "length" 2#171 "profvis" 
:7091750:19158234:231840560:5369:4#48 "!" 4#48 "profvis" 
:7152755:19163305:250339040:5603:"stopifnot" 5#6 "pool_coeffs" 2#342 ".pool_survival" 2#1161 "Sfun" 2#1168 "FY" 2#1257 "FUN" "vapply" 2#1257 "f" "<Anonymous>" "stats::integrate" 2#1256 ".outcome_likelihood" 2#1372 "eval_row_likelihood" 2#1419 "compute_loglik" 1#2 "__profvis_execute__" "profvis" 
:7213089:19167971:268633008:5540:"exists" 4#48 "dist_registry" 2#108 ".acc_density" 2#256 ".pool_k1_density" 2#181 ".pool_density" 2#1152 "fX" 2#1257 "FUN" "vapply" 2#1257 "f" "<Anonymous>" "stats::integrate" 2#1256 ".outcome_likelihood" 2#1372 "eval_row_likelihood" 2#1419 "compute_loglik" 1#2 "__profvis_execute__" "profvis" 
:7272786:19172595:286733944:5483:4#47 "dist_registry" 2#108 ".acc_density" 2#256 ".pool_k1_density" 2#181 ".pool_density" 2#1152 "fX" 2#1257 "FUN" "vapply" 2#1257 "f" "<Anonymous>" "stats::integrate" 2#1256 ".outcome_likelihood" 2#1372 "eval_row_likelihood" 2#1419 "compute_loglik" 1#2 "__profvis_execute__" "profvis" 
:7330311:19177219:304184888:5288:2#293 ".pool_survival" 2#1161 "Sfun" 2#1168 "FY" 2#1257 "FUN" "vapply" 2#1257 "f" "<Anonymous>" "stats::integrate" 2#1256 ".outcome_likelihood" 2#1372 "eval_row_likelihood" 2#1419 "compute_loglik" 1#2 "__profvis_execute__" "profvis" 
:7382370:19181265:319966080:4780:2#255 ".pool_k1_density" 2#181 ".pool_density" 2#1152 "fX" 2#1257 "FUN" "vapply" 2#1257 "f" "<Anonymous>" "stats::integrate" 2#1256 ".outcome_likelihood" 2#1372 "eval_row_likelihood" 2#1419 "compute_loglik" 1#2 "__profvis_execute__" "profvis" 
:7421070:19184649:331707488:3561:"<GC>" 2#252 ".pool_k1_density" 2#181 ".pool_density" 2#1152 "fX" 2#1257 "FUN" "vapply" 2#1257 "f" "<Anonymous>" "stats::integrate" 2#1256 ".outcome_likelihood" 2#1372 "eval_row_likelihood" 2#1419 "compute_loglik" 1#2 "__profvis_execute__" "profvis" 
:7421070:19184649:331707488:0:"<GC>" 2#252 ".pool_k1_density" 2#181 ".pool_density" 2#1152 "fX" 2#1257 "FUN" "vapply" 2#1257 "f" "<Anonymous>" "stats::integrate" 2#1256 ".outcome_likelihood" 2#1372 "eval_row_likelihood" 2#1419 "compute_loglik" 1#2 "__profvis_execute__" "profvis" 
:7421070:19184649:331707488:0:"<GC>" 2#252 ".pool_k1_density" 2#181 ".pool_density" 2#1152 "fX" 2#1257 "FUN" "vapply" 2#1257 "f" "<Anonymous>" "stats::integrate" 2#1256 ".outcome_likelihood" 2#1372 "eval_row_likelihood" 2#1419 "compute_loglik" 1#2 "__profvis_execute__" "profvis" 
:7421070:19184649:331707488:0:"<GC>" 2#252 ".pool_k1_density" 2#181 ".pool_density" 2#1152 "fX" 2#1257 "FUN" "vapply" 2#1257 "f" "<Anonymous>" "stats::integrate" 2#1256 ".outcome_likelihood" 2#1372 "eval_row_likelihood" 2#1419 "compute_loglik" 1#2 "__profvis_execute__" "profvis" 
:7421070:19184649:331707488:0:"<GC>" 2#252 ".pool_k1_density" 2#181 ".pool_density" 2#1152 "fX" 2#1257 "FUN" "vapply" 2#1257 "f" "<Anonymous>" "stats::integrate" 2#1256 ".outcome_likelihood" 2#1372 "eval_row_likelihood" 2#1419 "compute_loglik" 1#2 "__profvis_execute__" "profvis" 
:7012672:19152323:207848592:2217:2#146 ".pool_density" 2#1152 "fX" 2#1257 "FUN" "vapply" 2#1257 "f" "<Anonymous>" "stats::integrate" 2#1256 ".outcome_likelihood" 2#1372 "eval_row_likelihood" 2#1419 "compute_loglik" 1#2 "__profvis_execute__" "profvis" 
:7073591:19157399:226326408:5601:2#328 "numeric" 2#328 ".pool_survival" 2#1161 "Sfun" 2#1168 "FY" 2#1257 "FUN" "vapply" 2#1257 "f" "<Anonymous>" "stats::integrate" 2#1256 ".outcome_likelihood" 2#1372 "eval_row_likelihood" 2#1419 "compute_loglik" 1#2 "__profvis_execute__" "profvis" 
:7136230:19162559:245325696:5757:4#32 "reg[["d"]]" 2#115 ".acc_density" 2#256 ".pool_k1_density" 2#181 ".pool_density" 2#1152 "fX" 2#1257 "FUN" "vapply" 2#1257 "f" "<Anonymous>" "stats::integrate" 2#1256 ".outcome_likelihood" 2#1372 "eval_row_likelihood" 2#1419 "compute_loglik" 1#2 "__profvis_execute__" "profvis" 
:7199738:19167225:264585496:5839:"sum" 5#17 "profvis" 
:7262177:19172385:283521560:5734:2#136 ".acc_survival" 2#333 ".pool_survival" 2#1161 "Sfun" 2#1168 "FY" 2#1257 "FUN" "vapply" 2#1257 "f" "<Anonymous>" "stats::integrate" 2#1256 ".outcome_likelihood" 2#1372 "eval_row_likelihood" 2#1419 "compute_loglik" 1#2 "__profvis_execute__" "profvis" 
:7321108:19177496:301388976:5414:"sum" 5#17 "profvis" 
:7368345:19181500:315721504:4342:"exists" 4#48 "dist_registry" 2#108 ".acc_density" 2#256 ".pool_k1_density" 2#181 ".pool_density" 2#1152 "fX" 2#1257 "FUN" "vapply" 2#1257 "f" "<Anonymous>" "stats::integrate" 2#1256 ".outcome_likelihood" 2#1372 "eval_row_likelihood" 2#1419 "compute_loglik" 1#2 "__profvis_execute__" "profvis" 
:7421049:19185546:331707488:4843:"<GC>" "stopifnot" 5#6 "pool_coeffs" 2#342 ".pool_survival" 2#1161 "Sfun" 2#1168 "FY" 2#1257 "FUN" "vapply" 2#1257 "f" "<Anonymous>" "stats::integrate" 2#1256 ".outcome_likelihood" 2#1372 "eval_row_likelihood" 2#1419 "compute_loglik" 1#2 "__profvis_execute__" "profvis" 
:7421049:19185546:331707488:0:"<GC>" "stopifnot" 5#6 "pool_coeffs" 2#342 ".pool_survival" 2#1161 "Sfun" 2#1168 "FY" 2#1257 "FUN" "vapply" 2#1257 "f" "<Anonymous>" "stats::integrate" 2#1256 ".outcome_likelihood" 2#1372 "eval_row_likelihood" 2#1419 "compute_loglik" 1#2 "__profvis_execute__" "profvis" 
:7421049:19185546:331707488:0:"<GC>" "stopifnot" 5#6 "pool_coeffs" 2#342 ".pool_survival" 2#1161 "Sfun" 2#1168 "FY" 2#1257 "FUN" "vapply" 2#1257 "f" "<Anonymous>" "stats::integrate" 2#1256 ".outcome_likelihood" 2#1372 "eval_row_likelihood" 2#1419 "compute_loglik" 1#2 "__profvis_execute__" "profvis" 
:7421049:19185546:331707488:0:"<GC>" "stopifnot" 5#6 "pool_coeffs" 2#342 ".pool_survival" 2#1161 "Sfun" 2#1168 "FY" 2#1257 "FUN" "vapply" 2#1257 "f" "<Anonymous>" "stats::integrate" 2#1256 ".outcome_likelihood" 2#1372 "eval_row_likelihood" 2#1419 "compute_loglik" 1#2 "__profvis_execute__" "profvis" 
:7421049:19185546:331707488:0:"<GC>" "stopifnot" 5#6 "pool_coeffs" 2#342 ".pool_survival" 2#1161 "Sfun" 2#1168 "FY" 2#1257 "FUN" "vapply" 2#1257 "f" "<Anonymous>" "stats::integrate" 2#1256 ".outcome_likelihood" 2#1372 "eval_row_likelihood" 2#1419 "compute_loglik" 1#2 "__profvis_execute__" "profvis" 
:6989331:19151528:200739896:57:"stats::integrate" 2#1256 ".outcome_likelihood" 2#1372 "eval_row_likelihood" 2#1419 "compute_loglik" 1#2 "__profvis_execute__" "profvis" 
:7051458:19156646:219584792:5721:"isTRUE" "which" "Filter" 2#1063 ".outcome_likelihood" 2#1372 "eval_row_likelihood" 2#1419 "compute_loglik" 1#2 "__profvis_execute__" "profvis" 
:7115174:19161848:238922936:5847:2#134 ".acc_survival" 2#333 ".pool_survival" 2#1161 "Sfun" 2#1168 "FY" 2#1257 "FUN" "vapply" 2#1257 "f" "<Anonymous>" "stats::integrate" 2#1256 ".outcome_likelihood" 2#1372 "eval_row_likelihood" 2#1419 "compute_loglik" 1#2 "__profvis_execute__" "profvis" 
:7178099:19166966:258008016:5787:2#301 ".pool_survival" 2#1161 "Sfun" 2#1168 "FY" 2#1257 "FUN" "vapply" 2#1257 "f" "<Anonymous>" "stats::integrate" 2#1256 ".outcome_likelihood" 2#1372 "eval_row_likelihood" 2#1419 "compute_loglik" 1#2 "__profvis_execute__" "profvis" 
:7233620:19171548:274850520:5105:2#301 ".pool_survival" 2#1161 "Sfun" 2#1168 "FY" 2#1257 "FUN" "vapply" 2#1257 "f" "<Anonymous>" "stats::integrate" 2#1256 ".outcome_likelihood" 2#1372 "eval_row_likelihood" 2#1419 "compute_loglik" 1#2 "__profvis_execute__" "profvis" 
:7291156:19176130:292301016:5288:2#342 ".pool_survival" 2#1161 "Sfun" 2#1168 "FY" 2#1257 "FUN" "vapply" 2#1257 "f" "<Anonymous>" "stats::integrate" 2#1256 ".outcome_likelihood" 2#1372 "eval_row_likelihood" 2#1419 "compute_loglik" 1#2 "__profvis_execute__" "profvis" 
:7345758:19180670:308860888:5020:"dlnorm" 4#32 "reg[["d"]]" 2#115 ".acc_density" 2#256 ".pool_k1_density" 2#181 ".pool_density" 2#1152 "fX" 2#1257 "FUN" "vapply" 2#1257 "f" "<Anonymous>" "stats::integrate" 2#1256 ".outcome_likelihood" 2#1372 "eval_row_likelihood" 2#1419 "compute_loglik" 1#2 "__profvis_execute__" "profvis" 
:7396281:19184716:324180808:4640:4#47 "dist_registry" 2#128 ".acc_survival" 2#333 ".pool_survival" 2#1161 "Sfun" 2#1168 "FY" 2#1257 "FUN" "vapply" 2#1257 "f" "<Anonymous>" "stats::integrate" 2#1256 ".outcome_likelihood" 2#1372 "eval_row_likelihood" 2#1419 "compute_loglik" 1#2 "__profvis_execute__" "profvis" 
:7421111:19186492:331707488:2280:"<GC>" 2#1161 "Sfun" 2#1168 "FY" 2#1257 "FUN" "vapply" 2#1257 "f" "<Anonymous>" "stats::integrate" 2#1256 ".outcome_likelihood" 2#1372 "eval_row_likelihood" 2#1419 "compute_loglik" 1#2 "__profvis_execute__" "profvis" 
:7421111:19186492:331707488:0:"<GC>" 2#1161 "Sfun" 2#1168 "FY" 2#1257 "FUN" "vapply" 2#1257 "f" "<Anonymous>" "stats::integrate" 2#1256 ".outcome_likelihood" 2#1372 "eval_row_likelihood" 2#1419 "compute_loglik" 1#2 "__profvis_execute__" "profvis" 
:7421111:19186492:331707488:0:"<GC>" 2#1161 "Sfun" 2#1168 "FY" 2#1257 "FUN" "vapply" 2#1257 "f" "<Anonymous>" "stats::integrate" 2#1256 ".outcome_likelihood" 2#1372 "eval_row_likelihood" 2#1419 "compute_loglik" 1#2 "__profvis_execute__" "profvis" 
:7421111:19186492:331707488:0:"<GC>" 2#1161 "Sfun" 2#1168 "FY" 2#1257 "FUN" "vapply" 2#1257 "f" "<Anonymous>" "stats::integrate" 2#1256 ".outcome_likelihood" 2#1372 "eval_row_likelihood" 2#1419 "compute_loglik" 1#2 "__profvis_execute__" "profvis" 
:7421111:19186492:331707488:0:"<GC>" 2#1161 "Sfun" 2#1168 "FY" 2#1257 "FUN" "vapply" 2#1257 "f" "<Anonymous>" "stats::integrate" 2#1256 ".outcome_likelihood" 2#1372 "eval_row_likelihood" 2#1419 "compute_loglik" 1#2 "__profvis_execute__" "profvis" 
:7020907:19154828:210320544:2954:4#33 "reg[["p"]]" 2#134 ".acc_survival" 2#333 ".pool_survival" 2#1161 "Sfun" 2#1168 "FY" 2#1257 "FUN" "vapply" 2#1257 "f" "<Anonymous>" "stats::integrate" 2#1256 ".outcome_likelihood" 2#1372 "eval_row_likelihood" 2#1419 "compute_loglik" 1#2 "__profvis_execute__" "profvis" 
:7081675:19160531:228754400:5586:4#33 "reg[["p"]]" 2#134 ".acc_survival" 2#333 ".pool_survival" 2#1161 "Sfun" 2#1168 "FY" 2#1257 "FUN" "vapply" 2#1257 "f" "<Anonymous>" "stats::integrate" 2#1256 ".outcome_likelihood" 2#1372 "eval_row_likelihood" 2#1419 "compute_loglik" 1#2 "__profvis_execute__" "profvis" 
:7142934:19165197:247326744:5627:2#305 ".pool_survival" 2#1161 "Sfun" 2#1168 "FY" 2#1257 "FUN" "vapply" 2#1257 "f" "<Anonymous>" "stats::integrate" 2#1256 ".outcome_likelihood" 2#1372 "eval_row_likelihood" 2#1419 "compute_loglik" 1#2 "__profvis_execute__" "profvis" 
:7203976:19170315:265839728:5613:2#160 ".pool_density" 2#1152 "fX" 2#1257 "FUN" "vapply" 2#1257 "f" "<Anonymous>" "stats::integrate" 2#1256 ".outcome_likelihood" 2#1372 "eval_row_likelihood" 2#1419 "compute_loglik" 1#2 "__profvis_execute__" "profvis" 
:7263701:19174939:283950968:5486:2#1161 "Sfun" 2#1168 "FY" 2#1257 "FUN" "vapply" 2#1257 "f" "<Anonymous>" "stats::integrate" 2#1256 ".outcome_likelihood" 2#1372 "eval_row_likelihood" 2#1419 "compute_loglik" 1#2 "__profvis_execute__" "profvis" 
:7322494:19179563:301778288:5399:4#51 "dist_registry" 2#108 ".acc_density" 2#256 ".pool_k1_density" 2#181 ".pool_density" 2#1152 "fX" 2#1257 "FUN" "vapply" 2#1257 "f" "<Anonymous>" "stats::integrate" 2#1256 ".outcome_likelihood" 2#1372 "eval_row_likelihood" 2#1419 "compute_loglik" 1#2 "__profvis_execute__" "profvis" 
:7375739:19183651:317922640:4891:2#1152 ".pool_density" 2#1152 "fX" 2#1257 "FUN" "vapply" 2#1257 "f" "<Anonymous>" "stats::integrate" 2#1256 ".outcome_likelihood" 2#1372 "eval_row_likelihood" 2#1419 "compute_loglik" 1#2 "__profvis_execute__" "profvis" 
:7421203:19187161:331707488:4173:"<GC>" "is.finite" 2#101 "profvis" 
:7421203:19187161:331707488:0:"<GC>" "is.finite" 2#101 "profvis" 
:7421203:19187161:331707488:0:"<GC>" "is.finite" 2#101 "profvis" 
:7421203:19187161:331707488:0:"<GC>" "is.finite" 2#101 "profvis" 
:7421203:19187161:331707488:0:"<GC>" "is.finite" 2#101 "profvis" 
:6998105:19153679:203382872:844:2#20 ".collect_guards" 2#1104 ".outcome_likelihood" 2#1372 "eval_row_likelihood" 2#1419 "compute_loglik" 1#2 "__profvis_execute__" "profvis" 
:7061166:19158839:222507544:5790:4#48 "dist_registry" 2#128 ".acc_survival" 2#333 ".pool_survival" 2#1161 "Sfun" 2#1168 "FY" 2#1257 "FUN" "vapply" 2#1257 "f" "<Anonymous>" "stats::integrate" 2#1256 ".outcome_likelihood" 2#1372 "eval_row_likelihood" 2#1419 "compute_loglik" 1#2 "__profvis_execute__" "profvis" 
:7120307:19163505:240443728:5435:2#160 ".pool_density" 2#1152 "fX" 2#1257 "FUN" "vapply" 2#1257 "f" "<Anonymous>" "stats::integrate" 2#1256 ".outcome_likelihood" 2#1372 "eval_row_likelihood" 2#1419 "compute_loglik" 1#2 "__profvis_execute__" "profvis" 
:7182508:19168623:259314832:5718:4#51 "dist_registry" 2#128 ".acc_survival" 2#333 ".pool_survival" 2#1161 "Sfun" 2#1168 "FY" 2#1257 "FUN" "vapply" 2#1257 "f" "<Anonymous>" "stats::integrate" 2#1256 ".outcome_likelihood" 2#1372 "eval_row_likelihood" 2#1419 "compute_loglik" 1#2 "__profvis_execute__" "profvis" 
:7242972:19173247:277645144:5559:"match.fun" "lapply" 2#720 "FUN" "lapply" 2#731 ".expr_sources" 2#1080 ".outcome_likelihood" 2#1372 "eval_row_likelihood" 2#1419 "compute_loglik" 1#2 "__profvis_execute__" "profvis" 
:7302445:19178365:295688512:5465:4#51 "dist_registry" 2#108 ".acc_density" 2#256 ".pool_k1_density" 2#181 ".pool_density" 2#1152 "fX" 2#1257 "FUN" "vapply" 2#1257 "f" "<Anonymous>" "stats::integrate" 2#1256 ".outcome_likelihood" 2#1372 "eval_row_likelihood" 2#1419 "compute_loglik" 1#2 "__profvis_execute__" "profvis" 
:7357628:19182453:312417168:5065:2#128 "dist_registry" 2#128 ".acc_survival" 2#333 ".pool_survival" 2#1161 "Sfun" 2#1168 "FY" 2#1257 "FUN" "vapply" 2#1257 "f" "<Anonymous>" "stats::integrate" 2#1256 ".outcome_likelihood" 2#1372 "eval_row_likelihood" 2#1419 "compute_loglik" 1#2 "__profvis_execute__" "profvis" 
:7410546:19186541:328462008:4861:2#160 ".pool_density" 2#1152 "fX" 2#1257 "FUN" "vapply" 2#1257 "f" "<Anonymous>" "stats::integrate" 2#1256 ".outcome_likelihood" 2#1372 "eval_row_likelihood" 2#1419 "compute_loglik" 1#2 "__profvis_execute__" "profvis" 
:7421236:19187613:331707488:986:"<GC>" 2#251 ".pool_k1_density" 2#181 ".pool_density" 2#1152 "fX" 2#1257 "FUN" "vapply" 2#1257 "f" "<Anonymous>" "stats::integrate" 2#1256 ".outcome_likelihood" 2#1372 "eval_row_likelihood" 2#1419 "compute_loglik" 1#2 "__profvis_execute__" "profvis" 
:7421236:19187613:331707488:0:"<GC>" 2#251 ".pool_k1_density" 2#181 ".pool_density" 2#1152 "fX" 2#1257 "FUN" "vapply" 2#1257 "f" "<Anonymous>" "stats::integrate" 2#1256 ".outcome_likelihood" 2#1372 "eval_row_likelihood" 2#1419 "compute_loglik" 1#2 "__profvis_execute__" "profvis" 
:7421236:19187613:331707488:0:"<GC>" 2#251 ".pool_k1_density" 2#181 ".pool_density" 2#1152 "fX" 2#1257 "FUN" "vapply" 2#1257 "f" "<Anonymous>" "stats::integrate" 2#1256 ".outcome_likelihood" 2#1372 "eval_row_likelihood" 2#1419 "compute_loglik" 1#2 "__profvis_execute__" "profvis" 
:7421236:19187613:331707488:0:"<GC>" 2#251 ".pool_k1_density" 2#181 ".pool_density" 2#1152 "fX" 2#1257 "FUN" "vapply" 2#1257 "f" "<Anonymous>" "stats::integrate" 2#1256 ".outcome_likelihood" 2#1372 "eval_row_likelihood" 2#1419 "compute_loglik" 1#2 "__profvis_execute__" "profvis" 
:7421236:19187613:331707488:0:"<GC>" 2#251 ".pool_k1_density" 2#181 ".pool_density" 2#1152 "fX" 2#1257 "FUN" "vapply" 2#1257 "f" "<Anonymous>" "stats::integrate" 2#1256 ".outcome_likelihood" 2#1372 "eval_row_likelihood" 2#1419 "compute_loglik" 1#2 "__profvis_execute__" "profvis" 
:7028523:19156569:212588544:3617:"!" 4#48 "profvis" 
:7090488:19162390:231386792:5700:"character" 2#304 ".pool_survival" 2#1161 "Sfun" 2#1168 "FY" 2#1257 "FUN" "vapply" 2#1257 "f" "<Anonymous>" "stats::integrate" 2#1256 ".outcome_likelihood" 2#1372 "eval_row_likelihood" 2#1419 "compute_loglik" 1#2 "__profvis_execute__" "profvis" 
:7153445:19167098:250468792:5777:2#255 ".pool_k1_density" 2#181 ".pool_density" 2#1152 "fX" 2#1257 "FUN" "vapply" 2#1257 "f" "<Anonymous>" "stats::integrate" 2#1256 ".outcome_likelihood" 2#1372 "eval_row_likelihood" 2#1419 "compute_loglik" 1#2 "__profvis_execute__" "profvis" 
:7214232:19171722:268908640:5591:2#1161 ".pool_survival" 2#1161 "Sfun" 2#1168 "FX" 2#1253 ".outcome_likelihood" 2#1372 "eval_row_likelihood" 2#1419 "compute_loglik" 1#2 "__profvis_execute__" "profvis" 
:7273949:19176840:287016016:5484:2#331 ".pool_survival" 2#1161 "Sfun" 2#1168 "FY" 2#1257 "FUN" "vapply" 2#1257 "f" "<Anonymous>" "stats::integrate" 2#1256 ".outcome_likelihood" 2#1372 "eval_row_likelihood" 2#1419 "compute_loglik" 1#2 "__profvis_execute__" "profvis" 
:7331808:19181464:304563000:5318:2#1257 "FUN" "vapply" 2#1257 "f" "<Anonymous>" "stats::integrate" 2#1256 ".outcome_likelihood" 2#1372 "eval_row_likelihood" 2#1419 "compute_loglik" 1#2 "__profvis_execute__" "profvis" 
:7381468:19185468:319628400:4564:"stopifnot" 5#6 "pool_coeffs" 2#342 ".pool_survival" 2#1161 "Sfun" 2#1168 "FY" 2#1257 "FUN" "vapply" 2#1257 "f" "<Anonymous>" "stats::integrate" 2#1256 ".outcome_likelihood" 2#1372 "eval_row_likelihood" 2#1419 "compute_loglik" 1#2 "__profvis_execute__" "profvis" 
:7421326:19188400:331707488:3656:"<GC>" 4#51 "dist_registry" 2#108 ".acc_density" 2#256 ".pool_k1_density" 2#181 ".pool_density" 2#1152 "fX" 2#1257 "FUN" "vapply" 2#1257 "f" "<Anonymous>" "stats::integrate" 2#1256 ".outcome_likelihood" 2#1372 "eval_row_likelihood" 2#1419 "compute_loglik" 1#2 "__profvis_execute__" "profvis" 
:7421326:19188400:331707488:0:"<GC>" 4#51 "dist_registry" 2#108 ".acc_density" 2#256 ".pool_k1_density" 2#181 ".pool_density" 2#1152 "fX" 2#1257 "FUN" "vapply" 2#1257 "f" "<Anonymous>" "stats::integrate" 2#1256 ".outcome_likelihood" 2#1372 "eval_row_likelihood" 2#1419 "compute_loglik" 1#2 "__profvis_execute__" "profvis" 
:7421326:19188400:331707488:0:"<GC>" 4#51 "dist_registry" 2#108 ".acc_density" 2#256 ".pool_k1_density" 2#181 ".pool_density" 2#1152 "fX" 2#1257 "FUN" "vapply" 2#1257 "f" "<Anonymous>" "stats::integrate" 2#1256 ".outcome_likelihood" 2#1372 "eval_row_likelihood" 2#1419 "compute_loglik" 1#2 "__profvis_execute__" "profvis" 
:7421326:19188400:331707488:0:"<GC>" 4#51 "dist_registry" 2#108 ".acc_density" 2#256 ".pool_k1_density" 2#181 ".pool_density" 2#1152 "fX" 2#1257 "FUN" "vapply" 2#1257 "f" "<Anonymous>" "stats::integrate" 2#1256 ".outcome_likelihood" 2#1372 "eval_row_likelihood" 2#1419 "compute_loglik" 1#2 "__profvis_execute__" "profvis" 
:7421326:19188400:331707488:0:"<GC>" 4#51 "dist_registry" 2#108 ".acc_density" 2#256 ".pool_k1_density" 2#181 ".pool_density" 2#1152 "fX" 2#1257 "FUN" "vapply" 2#1257 "f" "<Anonymous>" "stats::integrate" 2#1256 ".outcome_likelihood" 2#1372 "eval_row_likelihood" 2#1419 "compute_loglik" 1#2 "__profvis_execute__" "profvis" 
:7014055:19157020:208189800:2285:5#9 "pool_coeffs" 2#342 ".pool_survival" 2#1161 "Sfun" 2#1168 "FY" 2#1257 "FUN" "vapply" 2#1257 "f" "<Anonymous>" "stats::integrate" 2#1256 ".outcome_likelihood" 2#1372 "eval_row_likelihood" 2#1419 "compute_loglik" 1#2 "__profvis_execute__" "profvis" 
:7077547:19162180:227443552:5834:2#255 ".pool_k1_density" 2#181 ".pool_density" 2#1152 "fX" 2#1257 "FUN" "vapply" 2#1257 "f" "<Anonymous>" "stats::integrate" 2#1256 ".outcome_likelihood" 2#1372 "eval_row_likelihood" 2#1419 "compute_loglik" 1#2 "__profvis_execute__" "profvis" 
:7139843:19166846:246346688:5726:"numeric" 2#328 ".pool_survival" 2#1161 "Sfun" 2#1168 "FC" 2#1249 ".outcome_likelihood" 2#1372 "eval_row_likelihood" 2#1419 "compute_loglik" 1#2 "__profvis_execute__" "profvis" 
:7201199:19172416:264952184:5644:2#319 ".pool_survival" 2#1161 "Sfun" 2#1168 "FY" 2#1257 "FUN" "vapply" 2#1257 "f" "<Anonymous>" "stats::integrate" 2#1256 ".outcome_likelihood" 2#1372 "eval_row_likelihood" 2#1419 "compute_loglik" 1#2 "__profvis_execute__" "profvis" 
:7261655:19177492:283290336:5559:4#32 "reg[["d"]]" 2#115 ".acc_density" 2#256 ".pool_k1_density" 2#181 ".pool_density" 2#1152 "fX" 2#1257 "FUN" "vapply" 2#1257 "f" "<Anonymous>" "stats::integrate" 2#1256 ".outcome_likelihood" 2#1372 "eval_row_likelihood" 2#1419 "compute_loglik" 1#2 "__profvis_execute__" "profvis" 
:7320391:19182158:301102144:5396:2#330 ".pool_survival" 2#1161 "Sfun" 2#1168 "FY" 2#1257 "FUN" "vapply" 2#1257 "f" "<Anonymous>" "stats::integrate" 2#1256 ".outcome_likelihood" 2#1372 "eval_row_likelihood" 2#1419 "compute_loglik" 1#2 "__profvis_execute__" "profvis" 
:7374205:19186656:317430456:4952:"numeric" 2#327 ".pool_survival" 2#1161 "Sfun" 2#1168 "FY" 2#1257 "FUN" "vapply" 2#1257 "f" "<Anonymous>" "stats::integrate" 2#1256 ".outcome_likelihood" 2#1372 "eval_row_likelihood" 2#1419 "compute_loglik" 1#2 "__profvis_execute__" "profvis" 
:7421300:19190208:331707488:4323:"<GC>" 2#171 ".pool_density" 2#1152 "fX" 2#1257 "FUN" "vapply" 2#1257 "f" "<Anonymous>" "stats::integrate" 2#1256 ".outcome_likelihood" 2#1372 "eval_row_likelihood" 2#1419 "compute_loglik" 1#2 "__profvis_execute__" "profvis" 
:7421300:19190208:331707488:0:"<GC>" 2#171 ".pool_density" 2#1152 "fX" 2#1257 "FUN" "vapply" 2#1257 "f" "<Anonymous>" "stats::integrate" 2#1256 ".outcome_likelihood" 2#1372 "eval_row_likelihood" 2#1419 "compute_loglik" 1#2 "__profvis_execute__" "profvis" 
:7421300:19190208:331707488:0:"<GC>" 2#171 ".pool_density" 2#1152 "fX" 2#1257 "FUN" "vapply" 2#1257 "f" "<Anonymous>" "stats::integrate" 2#1256 ".outcome_likelihood" 2#1372 "eval_row_likelihood" 2#1419 "compute_loglik" 1#2 "__profvis_execute__" "profvis" 
:7421300:19190208:331707488:0:"<GC>" 2#171 ".pool_density" 2#1152 "fX" 2#1257 "FUN" "vapply" 2#1257 "f" "<Anonymous>" "stats::integrate" 2#1256 ".outcome_likelihood" 2#1372 "eval_row_likelihood" 2#1419 "compute_loglik" 1#2 "__profvis_execute__" "profvis" 
:7421300:19190208:331707488:0:"<GC>" 2#171 ".pool_density" 2#1152 "fX" 2#1257 "FUN" "vapply" 2#1257 "f" "<Anonymous>" "stats::integrate" 2#1256 ".outcome_likelihood" 2#1372 "eval_row_likelihood" 2#1419 "compute_loglik" 1#2 "__profvis_execute__" "profvis" 
:7001634:19156400:204407728:1128:"pool_coeffs" 2#342 ".pool_survival" 2#1161 "Sfun" 2#1168 "FY" 2#1257 "FUN" "vapply" 2#1257 "f" "<Anonymous>" "stats::integrate" 2#1256 ".outcome_likelihood" 2#1372 "eval_row_likelihood" 2#1419 "compute_loglik" 1#2 "__profvis_execute__" "profvis" 
:7064801:19161066:223564432:5806:2#774 ".detect_shared_gate" 2#1146 ".outcome_likelihood" 2#1372 "eval_row_likelihood" 2#1419 "compute_loglik" 1#2 "__profvis_execute__" "profvis" 
:7127354:19166226:242531464:5742:"stopifnot" 5#6 "pool_coeffs" 2#342 ".pool_survival" 2#1161 "Sfun" 2#1168 "FY" 2#1257 "FUN" "vapply" 2#1257 "f" "<Anonymous>" "stats::integrate" 2#1256 ".outcome_likelihood" 2#1372 "eval_row_likelihood" 2#1419 "compute_loglik" 1#2 "__profvis_execute__" "profvis" 
:7189466:19171344:261364824:5709:2#256 ".pool_k1_density" 2#181 ".pool_density" 2#1152 "fX" 2#1257 "FUN" "vapply" 2#1257 "f" "<Anonymous>" "stats::integrate" 2#1256 ".outcome_likelihood" 2#1372 "eval_row_likelihood" 2#1419 "compute_loglik" 1#2 "__profvis_execute__" "profvis" 
:7249780:19176462:279666184:5547:"get" 4#51 "dist_registry" 2#128 ".acc_survival" 2#333 ".pool_survival" 2#1161 "Sfun" 2#1168 "FY" 2#1257 "FUN" "vapply" 2#1257 "f" "<Anonymous>" "stats::integrate" 2#1256 ".outcome_likelihood" 2#1372 "eval_row_likelihood" 2#1419 "compute_loglik" 1#2 "__profvis_execute__" "profvis" 
:7307346:19182340:297127208:5298:2#108 "exists" 4#48 "dist_registry" 2#108 ".acc_density" 2#256 ".pool_k1_density" 2#181 ".pool_density" 2#1152 "fX" 2#1257 "FUN" "vapply" 2#1257 "f" "<Anonymous>" "stats::integrate" 2#1256 ".outcome_likelihood" 2#1372 "eval_row_likelihood" 2#1419 "compute_loglik" 1#2 "__profvis_execute__" "profvis" 
:7362136:19186428:313742408:5032:"...elt" "profvis" 
:7416089:19190968:330105888:4962:5#9 "pool_coeffs" 2#342 ".pool_survival" 2#1161 "Sfun" 2#1168 "FY" 2#1257 "FUN" "vapply" 2#1257 "f" "<Anonymous>" "stats::integrate" 2#1256 ".outcome_likelihood" 2#1372 "eval_row_likelihood" 2#1419 "compute_loglik" 1#2 "__profvis_execute__" "profvis" 
:7421423:19191052:331707488:495:"<GC>" "as.character" "profvis" 
:7421423:19191052:331707488:0:"<GC>" "as.character" "profvis" 
:7421423:19191052:331707488:0:"<GC>" "as.character" "profvis" 
:7421423:19191052:331707488:0:"<GC>" "as.character" "profvis" 
:7421423:19191052:331707488:0:"<GC>" "as.character" "profvis" 
:7046132:19160754:217893704:5194:"stopifnot" 5#6 "pool_coeffs" 2#342 ".pool_survival" 2#1161 "Sfun" 2#1168 "FY" 2#1257 "FUN" "vapply" 2#1257 "f" "<Anonymous>" "stats::integrate" 2#1256 ".outcome_likelihood" 2#1372 "eval_row_likelihood" 2#1419 "compute_loglik" 1#2 "__profvis_execute__" "profvis" 
:7108529:19165872:236816720:5736:2#108 ".acc_density" 2#256 ".pool_k1_density" 2#181 ".pool_density" 2#1152 "fX" 2#1257 "FUN" "vapply" 2#1257 "f" "<Anonymous>" "stats::integrate" 2#1256 ".outcome_likelihood" 2#1372 "eval_row_likelihood" 2#1419 "compute_loglik" 1#2 "__profvis_execute__" "profvis" 
:7170648:19170580:255656072:5703:2#134 "plnorm" 4#33 "reg[["p"]]" 2#134 ".acc_survival" 2#333 ".pool_survival" 2#1161 "Sfun" 2#1168 "FY" 2#1257 "FUN" "vapply" 2#1257 "f" "<Anonymous>" "stats::integrate" 2#1256 ".outcome_likelihood" 2#1372 "eval_row_likelihood" 2#1419 "compute_loglik" 1#2 "__profvis_execute__" "profvis" 
:7231122:19175656:273994112:5561:2#332 ".pool_survival" 2#1161 "Sfun" 2#1168 "FY" 2#1257 "FUN" "vapply" 2#1257 "f" "<Anonymous>" "stats::integrate" 2#1256 ".outcome_likelihood" 2#1372 "eval_row_likelihood" 2#1419 "compute_loglik" 1#2 "__profvis_execute__" "profvis" 
:7290610:19180732:292039160:5472:2#128 ".acc_survival" 2#333 ".pool_survival" 2#1161 "Sfun" 2#1168 "FY" 2#1257 "FUN" "vapply" 2#1257 "f" "<Anonymous>" "stats::integrate" 2#1256 ".outcome_likelihood" 2#1372 "eval_row_likelihood" 2#1419 "compute_loglik" 1#2 "__profvis_execute__" "profvis" 
:7346755:19184862:309063384:5154:"plnorm" 4#33 "reg[["p"]]" 2#134 ".acc_survival" 2#333 ".pool_survival" 2#1161 "Sfun" 2#1168 "FY" 2#1257 "FUN" "vapply" 2#1257 "f" "<Anonymous>" "stats::integrate" 2#1256 ".outcome_likelihood" 2#1372 "eval_row_likelihood" 2#1419 "compute_loglik" 1#2 "__profvis_execute__" "profvis" 
:7398724:19189360:324829120:4783:5#9 "pool_coeffs" 2#342 ".pool_survival" 2#1161 "Sfun" 2#1168 "FY" 2#1257 "FUN" "vapply" 2#1257 "f" "<Anonymous>" "stats::integrate" 2#1256 ".outcome_likelihood" 2#1372 "eval_row_likelihood" 2#1419 "compute_loglik" 1#2 "__profvis_execute__" "profvis" 
:7421406:19191094:331707488:2084:"<GC>" 2#156 ".pool_density" 2#1152 "fX" 2#1257 "FUN" "vapply" 2#1257 "f" "<Anonymous>" "stats::integrate" 2#1256 ".outcome_likelihood" 2#1372 "eval_row_likelihood" 2#1419 "compute_loglik" 1#2 "__profvis_execute__" "profvis" 
:7421406:19191094:331707488:0:"<GC>" 2#156 ".pool_density" 2#1152 "fX" 2#1257 "FUN" "vapply" 2#1257 "f" "<Anonymous>" "stats::integrate" 2#1256 ".outcome_likelihood" 2#1372 "eval_row_likelihood" 2#1419 "compute_loglik" 1#2 "__profvis_execute__" "profvis" 
:7421406:19191094:331707488:0:"<GC>" 2#156 ".pool_density" 2#1152 "fX" 2#1257 "FUN" "vapply" 2#1257 "f" "<Anonymous>" "stats::integrate" 2#1256 ".outcome_likelihood" 2#1372 "eval_row_likelihood" 2#1419 "compute_loglik" 1#2 "__profvis_execute__" "profvis" 
:7421406:19191094:331707488:0:"<GC>" 2#156 ".pool_density" 2#1152 "fX" 2#1257 "FUN" "vapply" 2#1257 "f" "<Anonymous>" "stats::integrate" 2#1256 ".outcome_likelihood" 2#1372 "eval_row_likelihood" 2#1419 "compute_loglik" 1#2 "__profvis_execute__" "profvis" 
:7421406:19191094:331707488:0:"<GC>" 2#156 ".pool_density" 2#1152 "fX" 2#1257 "FUN" "vapply" 2#1257 "f" "<Anonymous>" "stats::integrate" 2#1256 ".outcome_likelihood" 2#1372 "eval_row_likelihood" 2#1419 "compute_loglik" 1#2 "__profvis_execute__" "profvis" 
:7029645:19160050:212874816:3681:"numeric" 2#328 ".pool_survival" 2#1161 "Sfun" 2#1168 "FY" 2#1257 "FUN" "vapply" 2#1257 "f" "<Anonymous>" "stats::integrate" 2#1256 ".outcome_likelihood" 2#1372 "eval_row_likelihood" 2#1419 "compute_loglik" 1#2 "__profvis_execute__" "profvis" 
:7091621:19165168:231669872:5697:2#124 ".acc_survival" 2#333 ".pool_survival" 2#1161 "Sfun" 2#1168 "FY" 2#1257 "FUN" "vapply" 2#1257 "f" "<Anonymous>" "stats::integrate" 2#1256 ".outcome_likelihood" 2#1372 "eval_row_likelihood" 2#1419 "compute_loglik" 1#2 "__profvis_execute__" "profvis" 
:7153040:19170286:250301296:5649:2#101 ".acc_density" 2#256 ".pool_k1_density" 2#181 ".pool_density" 2#1152 "fX" 2#1257 "FUN" "vapply" 2#1257 "f" "<Anonymous>" "stats::integrate" 2#1256 ".outcome_likelihood" 2#1372 "eval_row_likelihood" 2#1419 "compute_loglik" 1#2 "__profvis_execute__" "profvis" 
:7215125:19174952:269130400:5702:"character" 2#304 ".pool_survival" 2#1161 "Sfun" 2#1168 "FY" 2#1257 "FUN" "vapply" 2#1257 "f" "<Anonymous>" "stats::integrate" 2#1256 ".outcome_likelihood" 2#1372 "eval_row_likelihood" 2#1419 "compute_loglik" 1#2 "__profvis_execute__" "profvis" 
:7275642:19179618:287482048:5555:4#33 "reg[["p"]]" 2#134 ".acc_survival" 2#333 ".pool_survival" 2#1161 "Sfun" 2#1168 "FY" 2#1257 "FUN" "vapply" 2#1257 "f" "<Anonymous>" "stats::integrate" 2#1256 ".outcome_likelihood" 2#1372 "eval_row_likelihood" 2#1419 "compute_loglik" 1#2 "__profvis_execute__" "profvis" 
:7333243:19184652:304955504:5301:2#133 ".acc_survival" 2#333 ".pool_survival" 2#1161 "Sfun" 2#1168 "FY" 2#1257 "FUN" "vapply" 2#1257 "f" "<Anonymous>" "stats::integrate" 2#1256 ".outcome_likelihood" 2#1372 "eval_row_likelihood" 2#1419 "compute_loglik" 1#2 "__profvis_execute__" "profvis" 
