memory profiling: GC profiling: line profiling: sample.interval=10000
#File 1: <expr>
:1448806:5212258:88328240:6423:"exists" "findCenvVar" "getInlineInfo" "isBaseVar" "getFoldFun" "constantFoldCall" "constantFold" "h" "tryInline" "cmpCall" "cmp" "h" "tryInline" "cmpCall" "cmp" "cmpForBody" "h" "tryInline" "cmpCall" "cmp" "h" "tryInline" "cmpCall" "cmp" "genCode" "cmpfun" "compiler:::tryCmpfun" 1#2 "profvis" 
#File 2: R/likelihood_integrate.R
:1512764:5248232:103417944:5159:"FUN" "lapply" "FUN" "lapply" "findLocalsList1" "findLocalsList" "funEnv" "make.functionContext" "h" "tryInline" "cmpCall" "cmp" "genCode" "cmpCallArgs" "cmpCallSymFun" "cmpCall" "cmp" "cmpSymbolAssign" "h" "tryInline" "cmpCall" "cmp" "h" "tryInline" "cmpCall" "cmp" "genCode" "cmpfun" "compiler:::tryCmpfun" 2#785 "profvis" 
#File 3: R/model_tables.R
:1585428:5280477:119616784:5533:"<GC>" "cmp" "genCode" "cmpCallArgs" "cmpCallSymFun" "cmpCall" "cmp" "cmpBuiltinArgs" "h" "tryInline" "cmpCall" "cmp" "h" "tryInline" "cmpCall" "cmp" "h" "tryInline" "cmpCall" "cmp" "genCode" "cmpfun" "compiler:::tryCmpfun" 3#209 "profvis" 
#File 4: R/generator_new.R
:1441558:5197447:84816872:5144:"h" "tryInline" "cmpCall" "cmp" "h" "tryInline" "cmpCall" "cmp" "genCode" "cmpfun" "compiler:::tryCmpfun" 4#190 "profvis" 
#File 5: R/likelihood_prep.R
:1525706:5228743:102468688:6109:"parent.env" "findCenvVar" "getInlineInfo" "tryInline" "cmpCall" "cmp" "h" "tryInline" "cmpCall" "cmp" "h" "tryInline" "cmpCall" "cmp" "h" "tryInline" "cmpCall" "cmp" "genCode" "h" "tryInline" "cmpCall" "cmp" "cmpSymbolAssign" "h" "tryInline" "cmpCall" "cmp" "h" "tryInline" "cmpCall" "cmp" "genCode" "cmpfun" "compiler:::tryCmpfun" 5#14 "profvis" 
#File 6: R/likelihood_kernels.R
:1604264:5261890:118970656:5660:"getInlineInfo" "tryInline" "cmpCall" "cmp" "genCode" "cmpCallArgs" "cmpCallSymFun" "cmpCall" "cmp" "h" "tryInline" "cmpCall" "cmp" "h" "tryInline" "cmpCall" "cmp" "h" "tryInline" "cmpCall" "cmp" "h" "tryInline" "cmpCall" "cmp" "genCode" "cmpfun" "compiler:::tryCmpfun" 6#13 "profvis" 
:1459592:5210903:85277808:5081:"is.ddsym" "cmpSym" "cmp" "genCode" "cmpCallArgs" "cmpCallSymFun" "cmpCall" "cmp" "genCode" "cmpCallArgs" "cmpCallSymFun" "cmpCall" "cmp" "cmpComplexAssign" "h" "tryInline" "cmpCall" "cmp" "h" "tryInline" "cmpCall" "cmp" "h" "tryInline" "cmpCall" "cmp" "h" "tryInline" "cmpCall" "cmp" "genCode" "cmpfun" "compiler:::tryCmpfun" 6#50 "profvis" 
:1520828:5247027:100962512:5250:"cb$putcode" "h" "trySetterInline" "cmpSetterCall" "cmpComplexAssign" "h" "tryInline" "cmpCall" "cmp" "h" "tryInline" "cmpCall" "cmp" "h" "tryInline" "cmpCall" "cmp" "h" "tryInline" "cmpCall" "cmp" "h" "tryInline" "cmpCall" "cmp" "h" "tryInline" "cmpCall" "cmp" "genCode" "cmpfun" "compiler:::tryCmpfun" 6#50 "profvis" 
:1578917:5286106:115142216:5095:"constantFold" "cmp" "genCode" "cmpCallArgs" "cmpCallSymFun" "cmpCall" "cmp" "cmpSymbolAssign" "h" "tryInline" "cmpCall" "cmp" "h" "tryInline" "cmpCall" "cmp" "h" "tryInline" "cmpCall" "cmp" "h" "tryInline" "cmpCall" "cmp" "genCode" "cmpfun" "compiler:::tryCmpfun" 6#50 "profvis" 
:1415236:5205973:77531888:3924:"tryCatch" "checkCall" "cmpCall" "cmp" "genCode" "cmpCallArgs" "cmpCallSymFun" "cmpCall" "cmp" "cmpSymbolAssign" "h" "tryInline" "cmpCall" "cmp" "h" "tryInline" "cmpCall" "cmp" "h" "tryInline" "cmpCall" "cmp" "h" "tryInline" "cmpCall" "cmp" "h" "tryInline" "cmpCall" "cmp" "h" "tryInline" "cmpCall" "cmp" "genCode" "h" "tryInline" "cmpCall" "cmp" "cmpSymbolAssign" "h" "tryInline" "cmpCall" "cmp" "h" "tryInline" "cmpCall" "cmp" "genCode" "cmpfun" "compiler:::tryCmpfun" 6#119 "profvis" 
#File 7: R/likelihood_common.R
:1492884:5242803:95287920:5948:"cb$commitlocs" "codeBufCode" "genCode" "compiler::cmpfun" 7#76 ".compile_once" 6#130 ".build_compiled_node" 6#50 "compile_expr" 6#61 ".precompile_likelihood_expressions" 5#14 ".prepare_model_for_likelihood" 2#792 "compute_loglik" 1#2 "__profvis_execute__" "profvis" 
:1572089:5275218:112925064:6271:"grep" "is.ddsym" "cmpSym" "cmp" "cmpIndices" "cmpSubsetDispatch" "h" "tryInline" "cmpCall" "cmp" "cmpSymbolAssign" "h" "tryInline" "cmpCall" "cmp" "h" "tryInline" "cmpCall" "cmp" "genCode" "cmpfun" "compiler:::tryCmpfun" 7#98 "profvis" 
:1412875:5208895:76853168:4534:"%in%" "findCenvVar" "findFunDef" "cmpCall" "cmp" "h" "tryInline" "cmpCall" "cmp" "genCode" "h" "tryInline" "cmpCall" "cmp" "cmpSymbolAssign" "h" "tryInline" "cmpCall" "cmp" "h" "tryInline" "cmpCall" "cmp" "h" "tryInline" "cmpCall" "cmp" "h" "tryInline" "cmpCall" "cmp" "genCode" "cmpfun" "compiler:::tryCmpfun" 6#137 "profvis" 
:1492845:5239655:95655056:6538:"mayCallBrowserList" "mayCallBrowser" "mayCallBrowserList" "mayCallBrowser" "cmpfun" "compiler:::tryCmpfun" 6#139 "profvis" 
:1564818:5270767:113938552:6201:"findCenvVar" "findLocVar" "cmpCall" "cmp" "cmpSymbolAssign" "h" "tryInline" "cmpCall" "cmp" "h" "tryInline" "cmpCall" "cmp" "genCode" "h" "tryInline" "cmpCall" "cmp" "h" "tryInline" "cmpCall" "cmp" "genCode" "cmpfun" "compiler:::tryCmpfun" 6#130 "profvis" 
:1431388:5212859:79399600:4960:"exists" "findCenvVar" "getInlineInfo" "isBaseVar" "getFoldFun" "constantFoldCall" "constantFold" "constantFoldCall" "constantFold" "h" "tryInline" "cmpCall" "cmp" "h" "tryInline" "cmpCall" "cmp" "genCode" "compiler::cmpfun" 7#76 ".compile_once" 6#133 ".build_compiled_node" 6#50 "compile_expr" 6#61 ".precompile_likelihood_expressions" 5#14 ".prepare_model_for_likelihood" 2#792 "compute_loglik" 1#2 "__profvis_execute__" "profvis" 
:1507385:5248737:97987064:6302:"lapply" "FUN" "lapply" "findLocalsList1" "findLocalsList" "funEnv" "make.functionContext" "compiler::cmpfun" 7#76 ".compile_once" 6#132 ".build_compiled_node" 6#50 "compile_expr" 6#61 ".precompile_likelihood_expressions" 5#14 ".prepare_model_for_likelihood" 2#792 "compute_loglik" 1#2 "__profvis_execute__" "profvis" 
:1586152:5282428:116351760:6257:"exists" "findCenvVar" "getInlineInfo" "tryInline" "cmpCall" "cmp" "h" "tryInline" "cmpCall" "cmp" "h" "tryInline" "cmpCall" "cmp" "h" "tryInline" "cmpCall" "cmp" "genCode" "h" "tryInline" "cmpCall" "cmp" "genCode" "cmpCallArgs" "cmpCallSymFun" "cmpCall" "cmp" "h" "tryInline" "cmpCall" "cmp" "genCode" "compiler::cmpfun" 7#76 ".compile_once" 6#142 ".build_compiled_node" 6#50 "compile_expr" 6#61 ".precompile_likelihood_expressions" 5#14 ".prepare_model_for_likelihood" 2#792 "compute_loglik" 1#2 "__profvis_execute__" "profvis" 
:1391577:5204401:70732256:1095:"mayCallBrowserList" "mayCallBrowser" "mayCallBrowserList" "mayCallBrowser" "mayCallBrowserList" "mayCallBrowser" "mayCallBrowserList" "mayCallBrowser" "mayCallBrowserList" "mayCallBrowser" "mayCallBrowserList" "mayCallBrowser" "cmpfun" "compiler:::tryCmpfun" 2#145 "profvis" 
:1391601:5204401:70735280:0:"as.list" "mayCallBrowserList" "mayCallBrowser" "mayCallBrowserList" "mayCallBrowser" "mayCallBrowserList" "mayCallBrowser" "mayCallBrowserList" "mayCallBrowser" "mayCallBrowserList" "mayCallBrowser" "mayCallBrowserList" "mayCallBrowser" "mayCallBrowserList" "mayCallBrowser" "cmpfun" "compiler:::tryCmpfun" 2#145 "profvis" 
:1452650:5230755:83908608:4471:"cb$const" "codeBufCode" "genCode" "cmpCallArgs" "cmpCallSymFun" "cmpCall" "cmp" "cmpSymbolAssign" "h" "tryInline" "cmpCall" "cmp" "h" "tryInline" "cmpCall" "cmp" "h" "tryInline" "cmpCall" "cmp" "h" "tryInline" "cmpCall" "cmp" "genCode" "cmpfun" "compiler:::tryCmpfun" 2#145 "profvis" 
:1507705:5258410:97143088:4325:"append" "FUN" "lapply" "FUN" "lapply" "findLocalsList1" "findLocalsList" "funEnv" "make.functionContext" "cmpfun" "compiler:::tryCmpfun" 2#150 "profvis" 
:1565593:5281012:110124448:4888:"make.nonTailCallContext" "cmpComplexAssign" "h" "tryInline" "cmpCall" "cmp" "h" "tryInline" "cmpCall" "cmp" "cmpForBody" "h" "tryInline" "cmpCall" "cmp" "h" "tryInline" "cmpCall" "cmp" "cmpForBody" "h" "tryInline" "cmpCall" "cmp" "h" "tryInline" "cmpCall" "cmp" "cmpForBody" "h" "tryInline" "cmpCall" "cmp" "h" "tryInline" "cmpCall" "cmp" "genCode" "cmpfun" "compiler:::tryCmpfun" 2#150 "profvis" 
:1402994:5212495:72844744:4123:"grep" "is.ddsym" "cmpSym" "cmp" "cmpIndices" "cmpSubsetDispatch" "h" "tryInline" "cmpCall" "cmp" "cmpSymbolAssign" "h" "tryInline" "cmpCall" "cmp" "h" "tryInline" "cmpCall" "cmp" "h" "tryInline" "cmpCall" "cmp" "h" "tryInline" "cmpCall" "cmp" "genCode" "cmpfun" "compiler:::tryCmpfun" 2#169 "profvis" 
:1513212:5265353:93226224:7062:"putconst" "cb$putcode" "cmpSymbolAssign" "h" "tryInline" "cmpCall" "cmp" "h" "tryInline" "cmpCall" "cmp" "cmpForBody" "h" "tryInline" "cmpCall" "cmp" "h" "tryInline" "cmpCall" "cmp" "h" "tryInline" "cmpCall" "cmp" "h" "tryInline" "cmpCall" "cmp" "h" "tryInline" "cmpCall" "cmp" "h" "tryInline" "cmpCall" "cmp" "h" "tryInline" "cmpCall" "cmp" "h" "tryInline" "cmpCall" "cmp" "h" "tryInline" "cmpCall" "cmp" "h" "tryInline" "cmpCall" "cmp" "genCode" "cmpfun" "compiler:::tryCmpfun" 2#858 "profvis" 
:1577434:5314877:108686648:5766:"getInlineHandler" "tryInline" "cmpCall" "cmp" "genCode" "cmpCallArgs" "cmpCallSymFun" "cmpCall" "cmp" "cmpSymbolAssign" "h" "tryInline" "cmpCall" "cmp" "h" "tryInline" "cmpCall" "cmp" "h" "tryInline" "cmpCall" "cmp" "h" "tryInline" "cmpCall" "cmp" "h" "tryInline" "cmpCall" "cmp" "h" "tryInline" "cmpCall" "cmp" "h" "tryInline" "cmpCall" "cmp" "h" "tryInline" "cmpCall" "cmp" "cmpForBody" "h" "tryInline" "cmpCall" "cmp" "h" "tryInline" "cmpCall" "cmp" "h" "tryInline" "cmpCall" "cmp" "h" "tryInline" "cmpCall" "cmp" "h" "tryInline" "cmpCall" "cmp" "h" "tryInline" "cmpCall" "cmp" "genCode" "cmpfun" "compiler:::tryCmpfun" 2#858 "profvis" 
:1623320:5356156:119616784:3663:"<GC>" "findCenvVar" "getInlineInfo" "tryInline" "cmpCall" "cmp" "h" "tryInline" "cmpCall" "cmp" "h" "tryInline" "cmpCall" "cmp" "genCode" "cmpfun" "compiler:::tryCmpfun" 2#858 "profvis" 
:1456231:5260550:86387112:5764:"cb$putcode" "cmpSym" "cmp" "genCode" "cmpCallArgs" "cmpCallSymFun" "cmpCall" "cmp" "cmpSymbolAssign" "h" "tryInline" "cmpCall" "cmp" "h" "tryInline" "cmpCall" "cmp" "h" "tryInline" "cmpCall" "cmp" "h" "tryInline" "cmpCall" "cmp" "genCode" "cmpfun" "compiler:::tryCmpfun" 2#858 "profvis" 
:1520329:5309266:102313344:5811:"getInlineInfo" "isBaseVar" "getFoldFun" "constantFoldCall" "constantFold" "constantFoldCall" "constantFold" "h" "tryInline" "cmpCall" "cmp" "cmpSymbolAssign" "h" "tryInline" "cmpCall" "cmp" "h" "tryInline" "cmpCall" "cmp" "genCode" "h" "tryInline" "cmpCall" "cmp" "genCode" "cmpCallArgs" "cmpCallSymFun" "cmpCall" "cmp" "h" "tryInline" "cmpCall" "cmp" "genCode" "h" "tryInline" "cmpCall" "cmp" "cmpSymbolAssign" "h" "tryInline" "cmpCall" "cmp" "h" "tryInline" "cmpCall" "cmp" "h" "tryInline" "cmpCall" "cmp" "h" "tryInline" "cmpCall" "cmp" "h" "tryInline" "cmpCall" "cmp" "h" "tryInline" "cmpCall" "cmp" "genCode" "cmpfun" "compiler:::tryCmpfun" 2#858 "profvis" 
:1576619:5355084:116490136:5154:"findCenvVar" "getInlineInfo" "tryInline" "cmpCall" "cmp" "h" "tryInline" "cmpCall" "cmp" "cmpSymbolAssign" "h" "tryInline" "cmpCall" "cmp" "h" "tryInline" "cmpCall" "cmp" "h" "tryInline" "cmpCall" "cmp" "h" "tryInline" "cmpCall" "cmp" "genCode" "cmpfun" "compiler:::tryCmpfun" 2#858 "profvis" 
:1416012:5240730:76011600:3076:"delayedAssign" "findCenvVar" "getInlineInfo" "tryInline" "cmpCall" "cmp" "cmpForBody" "h" "tryInline" "cmpCall" "cmp" "h" "tryInline" "cmpCall" "cmp" "h" "tryInline" "cmpCall" "cmp" "h" "tryInline" "cmpCall" "cmp" "h" "tryInline" "cmpCall" "cmp" "h" "tryInline" "cmpCall" "cmp" "genCode" "cmpfun" "compiler:::tryCmpfun" 2#858 "profvis" 
:1493284:5289957:91925680:5310:"make.callContext" "cmpCall" "cmp" "h" "tryInline" "cmpCall" "cmp" "h" "tryInline" "cmpCall" "cmp" "h" "tryInline" "cmpCall" "cmp" "h" "tryInline" "cmpCall" "cmp" "genCode" "cmpfun" "compiler:::tryCmpfun" 2#10 "profvis" 
:1551008:5334339:107786728:5391:"findCenvVar" "getInlineInfo" "isBaseVar" "getFoldFun" "constantFoldCall" "constantFold" "cmp" "h" "tryInline" "cmpCall" "cmp" "h" "tryInline" "cmpCall" "cmp" "genCode" "cmpfun" "compiler:::tryCmpfun" 2#10 "profvis" 
:1401936:5229842:71665440:4551:"exists" "findCenvVar" "getInlineInfo" "isBaseVar" "isLoopTopFun" "checkSkipLoopCntxt" "h" "tryInline" "cmpCall" "cmp" "h" "tryInline" "cmpCall" "cmp" "cmpForBody" "h" "tryInline" "cmpCall" "cmp" "h" "tryInline" "cmpCall" "cmp" "genCode" "cmpfun" "compiler:::tryCmpfun" 6#325 "profvis" 
:1478125:5269766:89276488:6226:"%in%" "getAssignedVar" "findLocals1" "FUN" "lapply" "findLocalsList1" "findLocalsList" "funEnv" "make.functionContext" "cmpfun" "compiler:::tryCmpfun" 6#2446 "profvis" 
:1552297:5307096:106544200:6350:"make.codeBuf" "genCode" "cmpCallArgs" "cmpCallSymFun" "cmpCall" "cmp" "h" "tryInline" "cmpCall" "cmp" "genCode" "h" "tryInline" "cmpCall" "cmp" "genCode" "cmpCallArgs" "cmpCallSymFun" "cmpCall" "cmp" "cmpBuiltinArgs" "h" "tryInline" "cmpCall" "cmp" "cmpSymbolAssign" "h" "tryInline" "cmpCall" "cmp" "h" "tryInline" "cmpCall" "cmp" "h" "tryInline" "cmpCall" "cmp" "h" "tryInline" "cmpCall" "cmp" "cmpForBody" "h" "tryInline" "cmpCall" "cmp" "h" "tryInline" "cmpCall" "cmp" "genCode" "cmpfun" "compiler:::tryCmpfun" 6#2635 "profvis" 
:1609889:5240842:119616784:4354:"<GC>" "findCenvVar" "getInlineInfo" "tryInline" "cmpCall" "cmp" "genCode" "cmpfun" "compiler:::tryCmpfun" 6#2317 "profvis" 
:1490324:5275264:90311648:6470:"packFrameName" "getInlineInfo" "tryInline" "cmpCall" "cmp" "cmpPrim2" "h" "tryInline" "cmpCall" "cmp" "h" "tryInline" "cmpCall" "cmp" "cmpSymbolAssign" "h" "tryInline" "cmpCall" "cmp" "h" "tryInline" "cmpCall" "cmp" "h" "tryInline" "cmpCall" "cmp" "h" "tryInline" "cmpCall" "cmp" "genCode" "cmpfun" "compiler:::tryCmpfun" 6#2333 "profvis" 
#File 8: R/likelihood_cache.R
:1552740:5321859:105901936:5281:"match.fun" "lapply" "FUN" "lapply" "findLocalsList1" "findLocalsList" "funEnv" "make.functionContext" "cmpfun" "compiler:::tryCmpfun" 8#59 "profvis" 
:1609601:5352731:119616784:4810:"<GC>" "match.call" "checkCall" "cmpCall" "cmp" "cmpSymbolAssign" "h" "tryInline" "cmpCall" "cmp" "h" "tryInline" "cmpCall" "cmp" "genCode" "cmpfun" "compiler:::tryCmpfun" 6#347 "profvis" 
:1469582:5272956:87554768:5358:6#92 ".expr_lookup_compiled" 6#2431 ".scenario_density_with_competitors" 2#10 "FUN" "vapply" 2#8 ".integrand_outcome_density" 2#24 "f" "<Anonymous>" "stats::integrate" 2#34 ".integrate_outcome_probability" 2#485 ".outcome_likelihood" 2#858 "compute_loglik" 1#2 "__profvis_execute__" "profvis" 
:1524502:5287085:104895336:4385:"base::intersect" "intersect.default" ".cluster_competitors" 6#2643 ".compute_survival_product_legacy" 6#2635 ".compute_survival_product" 6#2446 ".scenario_density_with_competitors" 2#10 "FUN" "vapply" 2#8 ".integrand_outcome_density" 2#24 "f" "<Anonymous>" "stats::integrate" 2#34 ".integrate_outcome_probability" 2#485 ".outcome_likelihood" 2#858 "compute_loglik" 1#2 "__profvis_execute__" "profvis" 
:1568149:5296858:119616784:3457:"<GC>" 6#2446 ".scenario_density_with_competitors" 2#10 "FUN" "vapply" 2#8 ".integrand_outcome_density" 2#24 "f" "<Anonymous>" "stats::integrate" 2#34 ".integrate_outcome_probability" 2#485 ".outcome_likelihood" 2#858 "compute_loglik" 1#2 "__profvis_execute__" "profvis" 
:1455200:5253551:87286920:3881:"sprintf" 8#24 "FUN" "vapply" 8#17 ".eval_state_time_key" 6#2649 ".compute_survival_product_legacy" 6#2635 ".compute_survival_product" 6#2446 ".scenario_density_with_competitors" 2#10 "FUN" "vapply" 2#8 ".integrand_outcome_density" 2#24 "f" "<Anonymous>" "stats::integrate" 2#34 ".integrate_outcome_probability" 2#485 ".outcome_likelihood" 2#858 "compute_loglik" 1#2 "__profvis_execute__" "profvis" 
:1534328:5284452:105050344:6091:"findCenvVar" "getInlineInfo" "tryInline" "cmpCall" "cmp" "h" "tryInline" "cmpCall" "cmp" "cmpForBody" "h" "tryInline" "cmpCall" "cmp" "h" "tryInline" "cmpCall" "cmp" "genCode" "cmpfun" "compiler:::tryCmpfun" 2#578 "profvis" 
:1582845:5305226:119616784:4064:"<GC>" "%in%" "isa" ".set_ops_need_as_vector" "base::intersect" "intersect.default" ".cluster_competitors" 6#2643 ".compute_survival_product_legacy" 6#2635 ".compute_survival_product" 6#2446 ".scenario_density_with_competitors" 2#739 ".outcome_likelihood" 2#858 "compute_loglik" 1#2 "__profvis_execute__" "profvis" 
:1457324:5255096:86976904:4156:".prep_label_cache" 5#41 ".labels_to_ids" 2#83 "FUN" "lapply" 6#2526 ".cluster_competitors" 6#2643 ".compute_survival_product_legacy" 6#2635 ".compute_survival_product" 6#2446 ".scenario_density_with_competitors" 2#739 ".outcome_likelihood" 2#858 "compute_loglik" 1#2 "__profvis_execute__" "profvis" 
:1510246:5266129:104651848:4656:"base::intersect" "intersect.default" ".cluster_competitors" 6#2643 ".compute_survival_product_legacy" 6#2635 ".compute_survival_product" 6#2446 ".scenario_density_with_competitors" 2#739 ".outcome_likelihood" 2#858 "compute_loglik" 1#2 "__profvis_execute__" "profvis" 
:1555091:5275619:119616784:3953:"<GC>" 7#1 "%||%" 2#541 ".outcome_likelihood" 2#858 "compute_loglik" 1#2 "__profvis_execute__" "profvis" 
:1462902:5255762:87723384:4323:5#43 ".labels_to_ids" 2#83 "FUN" "lapply" 6#2526 ".cluster_competitors" 6#2643 ".compute_survival_product_legacy" 6#2635 ".compute_survival_product" 6#2446 ".scenario_density_with_competitors" 2#739 ".outcome_likelihood" 2#858 "compute_loglik" 1#2 "__profvis_execute__" "profvis" 
:1516357:5267033:105580776:4661:8#59 ".eval_state_entry" 6#78 ".node_eval_entry" 6#984 ".node_survival_cond" 6#2333 ".eval_expr_survival_cond" 6#2662 "FUN" "vapply" 6#2661 ".compute_survival_product_legacy" 6#2635 ".compute_survival_product" 6#2446 ".scenario_density_with_competitors" 2#739 ".outcome_likelihood" 2#858 "compute_loglik" 1#2 "__profvis_execute__" "profvis" 
#File 9: R/likelihood_primitives.R
:1558428:5275896:119616784:3719:"<GC>" 9#174 ".pool_survival_fast_value" 6#347 "FUN" "vapply" 6#346 "node$surv_fast_fn" 6#993 ".node_survival_cond" 6#2333 ".eval_expr_survival_cond" 6#2662 "FUN" "vapply" 6#2661 ".compute_survival_product_legacy" 6#2635 ".compute_survival_product" 6#2446 ".scenario_density_with_competitors" 2#739 ".outcome_likelihood" 2#858 "compute_loglik" 1#2 "__profvis_execute__" "profvis" 
:1469846:5256996:88885608:4646:8#74 ".eval_state_get_extra" 6#2657 ".compute_survival_product_legacy" 6#2635 ".compute_survival_product" 6#2446 ".scenario_density_with_competitors" 2#739 ".outcome_likelihood" 2#858 "compute_loglik" 1#2 "__profvis_execute__" "profvis" 
:1522681:5268271:106538096:4650:8#39 ".eval_state_key" 8#59 ".eval_state_entry" 6#2320 ".eval_expr_survival_cond" 6#2662 "FUN" "vapply" 6#2661 ".compute_survival_product_legacy" 6#2635 ".compute_survival_product" 6#2446 ".scenario_density_with_competitors" 2#739 ".outcome_likelihood" 2#858 "compute_loglik" 1#2 "__profvis_execute__" "profvis" 
:1561804:5276333:119616784:3420:"<GC>" "vapply" 8#17 ".eval_state_time_key" 2#818 "compute_loglik" 1#2 "__profvis_execute__" "profvis" 
:1475664:5258185:89706848:4821:"vapply" 6#2661 ".compute_survival_product_legacy" 6#2635 ".compute_survival_product" 6#2446 ".scenario_density_with_competitors" 2#739 ".outcome_likelihood" 2#858 "compute_loglik" 1#2 "__profvis_execute__" "profvis" 
#File 10: R/dist.R
:1527971:5268828:107172688:4615:"get" 10#51 "dist_registry" 9#39 ".acc_survival" 9#178 ".pool_survival_fast_value" 6#347 "FUN" "vapply" 6#346 "node$surv_fast_fn" 6#993 ".node_survival_cond" 6#2333 ".eval_expr_survival_cond" 6#2662 "FUN" "vapply" 6#2661 ".compute_survival_product_legacy" 6#2635 ".compute_survival_product" 6#2446 ".scenario_density_with_competitors" 2#739 ".outcome_likelihood" 2#858 "compute_loglik" 1#2 "__profvis_execute__" "profvis" 
